


>>


>>rap
rap - 

UID  - RBR Geothermal Probe Logging System, #0005302, Version 1.01

TCR  - 950623022354

DPR  - 00052af0

LMR  - DO (sampling OFF, on-line data ON)

SPR  - 10 seconds

HOTR - 2 seconds

HIDR - 30 metres

HRDR - 10 metres

HSDR - 1.0 metres

HSTR - 7 minutes

ACR  - 4489

AFR  - 5 Celsius/second

>>hots 20
hots 20 - confirm [Y/N]: y
20 seconds

>>rap
rap - 

UID  - RBR Geothermal Probe Logging System, #0005302, Version 1.01

TCR  - 950623022403

DPR  - 00052af0

LMR  - DO (sampling OFF, on-line data ON)

SPR  - 10 seconds

HOTR - 20 seconds

HIDR - 30 metres

HRDR - 10 metres

HSDR - 1.0 metres

HSTR - 7 minutes

ACR  - 4489

AFR  - 5 Celsius/second

>>uid
uid - RBR Geothermal Probe Logging System, #0005302, Version 1.01

>>dro
dro - 950623022422 25606 25522 25508 25461 25535 25512 25520 25420 25395 25324 25350 25871 29616 32771 65535 0.00000e+00



>>tcr
tcr - 950623022439

>>rap
rap - 

UID  - RBR Geothermal Probe Logging System, #0005302, Version 1.01

TCR  - 950623022455

DPR  - 00052af0

LMR  - DO (sampling OFF, on-line data ON)

SPR  - 10 seconds

HOTR - 20 seconds

HIDR - 30 metres

HRDR - 10 metres

HSDR - 1.0 metres

HSTR - 7 minutes

ACR  - 4489

AFR  - 5 Celsius/second

>>dpc
dpc - confirm [Y/N]: y
00034000

>>rap
rap - 

UID  - RBR Geothermal Probe Logging System, #0005302, Version 1.01

TCR  - 950623022508

DPR  - 00034000

LMR  - DO (sampling OFF, on-line data ON)

SPR  - 10 seconds

HOTR - 20 seconds

HIDR - 30 metres

HRDR - 10 metres

HSDR - 1.0 metres

HSTR - 7 minutes

ACR  - 4489

AFR  - 5 Celsius/second

>>lms eo
lms e - confirm [Y/N]: y
EO (sampling ON, on-line data ON)

>>950623022530 25485 25422 25395 25350 25440 25433 25460 25386 25383 25312 25346 25825 29974 32771 65535 0.00000e+00

950623022540 25496 25429 25402 25355 25443 25430 25455 25379 25369 25296 25325 25792 30016 32771 65535 0.00000e+00

950623022550 25502 25431 25403 25356 25444 25427 25450 25376 25361 25292 25320 25767 30056 32771 65535 0.00000e+00

950623022600 25513 25431 25404 25364 25448 25435 25460 25386 25364 25308 25339 25735 30093 32771 65535 0.00000e+00

950623022610 25516 25430 25408 25375 25459 25459 25500 25450 25411 25353 25391 25749 30128 32771 65535 1.39950e+01

950623022620 25550 25461 25440 25441 25542 25551 25654 25576 25480 25417 25486 25747 30162 32771 65535 1.39710e+01

950623022630 25596 25506 25500 25513 25627 25630 25744 25646 25535 25484 25574 25738 30194 32771 65535 1.39590e+01

950623022640 25650 25578 25578 25585 25697 25696 25805 25697 25600 25551 25631 25743 30225 32771 65535 1.38900e+01

950623022650 25712 25651 25636 25645 25751 25749 25850 25744 25667 25633 25718 25729 30253 32771 65535 1.40330e+01




>>


>>950623223730 35649 31785 33306 35267 34060 37651 32198 30489 35980 33030 33074 23536 24001 32771 65535 1.33780e+01

950623223740 35926 32237 33654 35490 34424 37869 32456 30662 36176 33263 33384 23334 24033 32771 65535 1.34800e+01

950623223750 36228 32759 34022 35725 34758 38070 32682 30843 36382 33541 33698 23358 24065 32771 65535 1.34440e+01

950623223800 36442 33190 34314 35937 35059 38256 32894 31001 36513 33743 33910 23286 24097 32771 65535 1.34540e+01

lms d
lms d - confirm [Y/N]: y
DO (sampling OFF, on-line data ON)

>>tcr
tcr - 950623223813

>>


>>


>>tcr
tcr - 950623223834

>>drt 950102030405
drt 950102030405 - confirm [Y/N]: y
please wait ... XMODEM ready



XMODEM done

>>pagedownshutdown
shutdown - confirm [Y/N]: y
System shut down

