100.04.28 14:13 A C:\Users\Josh\EW9505\EW9505 HF\mv95h28\mv9528.par --> fig.ucsc.edu /home/josh/heatflow/montecarlo mv9528.par
100.04.28 14:13 A C:\Users\Josh\EW9505\EW9505 HF\mv95h28\mv9528a.pen --> fig.ucsc.edu /home/josh/heatflow/montecarlo mv9528a.pen
100.04.28 14:13 A C:\Users\Josh\EW9505\EW9505 HF\mv95h28\mv9528a2.pen --> fig.ucsc.edu /home/josh/heatflow/montecarlo mv9528a2.pen
100.04.28 14:13 A C:\Users\Josh\EW9505\EW9505 HF\mv95h28\mv9528b.pen --> fig.ucsc.edu /home/josh/heatflow/montecarlo mv9528b.pen
100.04.28 14:13 A C:\Users\Josh\EW9505\EW9505 HF\mv95h28\mv9528b2.pen --> fig.ucsc.edu /home/josh/heatflow/montecarlo mv9528b2.pen
100.04.28 14:13 A C:\Users\Josh\EW9505\EW9505 HF\mv95h28\mv9528c.pen --> fig.ucsc.edu /home/josh/heatflow/montecarlo mv9528c.pen
100.04.28 14:13 A C:\Users\Josh\EW9505\EW9505 HF\mv95h28\mv9528c2.pen --> fig.ucsc.edu /home/josh/heatflow/montecarlo mv9528c2.pen
100.04.28 14:13 A C:\Users\Josh\EW9505\EW9505 HF\mv95h28\mv9528d.pen --> fig.ucsc.edu /home/josh/heatflow/montecarlo mv9528d.pen
100.04.28 14:13 A C:\Users\Josh\EW9505\EW9505 HF\mv95h28\mv9528d2.pen --> fig.ucsc.edu /home/josh/heatflow/montecarlo mv9528d2.pen
100.04.28 14:13 A C:\Users\Josh\EW9505\EW9505 HF\mv95h28\mv9528e.pen --> fig.ucsc.edu /home/josh/heatflow/montecarlo mv9528e.pen
100.04.28 14:13 A C:\Users\Josh\EW9505\EW9505 HF\mv95h28\mv9528e2.pen --> fig.ucsc.edu /home/josh/heatflow/montecarlo mv9528e2.pen
100.04.28 14:13 A C:\Users\Josh\EW9505\EW9505 HF\mv95h28\mv9528f.pen --> fig.ucsc.edu /home/josh/heatflow/montecarlo mv9528f.pen
100.04.28 14:13 A C:\Users\Josh\EW9505\EW9505 HF\mv95h28\mv9528f2.pen --> fig.ucsc.edu /home/josh/heatflow/montecarlo mv9528f2.pen
100.04.28 14:13 A C:\Users\Josh\EW9505\EW9505 HF\mv95h28\mv9528g.pen --> fig.ucsc.edu /home/josh/heatflow/montecarlo mv9528g.pen
100.04.28 14:13 A C:\Users\Josh\EW9505\EW9505 HF\mv95h28\mv9528h.pen --> fig.ucsc.edu /home/josh/heatflow/montecarlo mv9528h.pen
100.04.28 14:13 A C:\Users\Josh\EW9505\EW9505 HF\mv95h28\mv9528i.pen --> fig.ucsc.edu /home/josh/heatflow/montecarlo mv9528i.pen
100.04.28 14:13 A C:\Users\Josh\EW9505\EW9505 HF\mv95h28\mv9528j.pen --> fig.ucsc.edu /home/josh/heatflow/montecarlo mv9528j.pen
100.04.28 14:13 A C:\Users\Josh\EW9505\EW9505 HF\mv95h28\mv9528k.pen --> fig.ucsc.edu /home/josh/heatflow/montecarlo mv9528k.pen
100.04.28 14:13 A C:\Users\Josh\EW9505\EW9505 HF\mv95h28\mv9528l.pen --> fig.ucsc.edu /home/josh/heatflow/montecarlo mv9528l.pen
100.04.28 14:13 A C:\Users\Josh\EW9505\EW9505 HF\mv95h28\mv9528m.pen --> fig.ucsc.edu /home/josh/heatflow/montecarlo mv9528m.pen
100.04.28 14:13 A C:\Users\Josh\EW9505\EW9505 HF\mv95h28\mv9528n.pen --> fig.ucsc.edu /home/josh/heatflow/montecarlo mv9528n.pen
100.04.28 14:13 A C:\Users\Josh\EW9505\EW9505 HF\mv95h28\mv9528p.pen --> fig.ucsc.edu /home/josh/heatflow/montecarlo mv9528p.pen
100.04.28 14:13 A C:\Users\Josh\EW9505\EW9505 HF\mv95h28\mv9528q.pen --> fig.ucsc.edu /home/josh/heatflow/montecarlo mv9528q.pen
100.04.28 14:13 A C:\Users\Josh\EW9505\EW9505 HF\mv95h28\mv9528r.pen --> fig.ucsc.edu /home/josh/heatflow/montecarlo mv9528r.pen
100.04.28 14:13 A C:\Users\Josh\EW9505\EW9505 HF\mv95h28\mv9528s.pen --> fig.ucsc.edu /home/josh/heatflow/montecarlo mv9528s.pen
100.04.28 14:13 A C:\Users\Josh\EW9505\EW9505 HF\mv95h28\mv9528t.pen --> fig.ucsc.edu /home/josh/heatflow/montecarlo mv9528t.pen
100.04.28 14:13 A C:\Users\Josh\EW9505\EW9505 HF\mv95h28\mv9528u.pen --> fig.ucsc.edu /home/josh/heatflow/montecarlo mv9528u.pen
100.04.28 14:13 A C:\Users\Josh\EW9505\EW9505 HF\mv95h28\mv9528v.pen --> fig.ucsc.edu /home/josh/heatflow/montecarlo mv9528v.pen
100.04.28 14:13 A C:\Users\Josh\EW9505\EW9505 HF\mv95h28\mv9528w.pen --> fig.ucsc.edu /home/josh/heatflow/montecarlo mv9528w.pen
100.04.28 14:13 A C:\Users\Josh\EW9505\EW9505 HF\mv95h28\mv9528x.pen --> fig.ucsc.edu /home/josh/heatflow/montecarlo mv9528x.pen
100.04.28 14:13 A C:\Users\Josh\EW9505\EW9505 HF\mv95h28\mv9528y.pen --> fig.ucsc.edu /home/josh/heatflow/montecarlo mv9528y.pen
100.04.28 14:13 A C:\Users\Josh\EW9505\EW9505 HF\mv95h28\mv9528z.pen --> fig.ucsc.edu /home/josh/heatflow/montecarlo mv9528z.pen
