TAP file not found ...
TAP data read in PEN file: Tilt = 38.3 deg - Depth = 2506.0 m ...

Split penetration and heat pulse data:
There is NO heat pulse record ...

Penetration Record: 6
Heat Pulse Record:  -999
End of Data Record: 57

15-Sep-2023 11:41:31 - End of raw data reading and preparation !
==========================================================================


TAP file MV9510A_rf.tapread ...

-------------------------------------------------------------------------------
15-Sep-2023 11:41:53
 - Begin SlugHeat22 PROCESSING
Split penetration and heat pulse data:
There is NO heat pulse record ...

Penetration Record: 6
Heat Pulse Record:  -999
End of Data Record: 57

These sensors are IGNORED in equilibrium temperature processing: 11

These sensors are IGNORED in thermal conductivity processing: 11

-------------------------------------------------------------------------------
15-Sep-2023 11:48:58
 - Begin SlugHeat22 PROCESSING
Split penetration and heat pulse data:
There is NO heat pulse record ...

Penetration Record: 6
Heat Pulse Record:  -999
End of Data Record: 57

These sensors are IGNORED in equilibrium temperature processing: 11

These sensors are IGNORED in thermal conductivity processing: 11

-------------------------------------------------------------------------------
15-Sep-2023 11:50:57
 - Begin SlugHeat22 PROCESSING
Split penetration and heat pulse data:
There is NO heat pulse record ...

Penetration Record: 6
Heat Pulse Record:  -999
End of Data Record: 57

-------------------------------------------------------------------------------
15-Sep-2023 11:53:54
 - Begin SlugHeat22 PROCESSING
Split penetration and heat pulse data:
There is NO heat pulse record ...

Penetration Record: 6
Heat Pulse Record:  -999
End of Data Record: 57

