97.07.30 15:55 B D:\USER\JOSH\EW9505\MV95H66\AUG97F~1\BUL97\mv9566a.bps --> mango.ucsc.edu /home/josh/heatflow/bullard mv9566a.bps
97.07.30 15:55 B D:\USER\JOSH\EW9505\MV95H66\AUG97F~1\BUL97\mv9566aa.bps --> mango.ucsc.edu /home/josh/heatflow/bullard mv9566aa.bps
97.07.30 15:55 B D:\USER\JOSH\EW9505\MV95H66\AUG97F~1\BUL97\mv9566b.bps --> mango.ucsc.edu /home/josh/heatflow/bullard mv9566b.bps
97.07.30 15:55 B D:\USER\JOSH\EW9505\MV95H66\AUG97F~1\BUL97\mv9566bb.bps --> mango.ucsc.edu /home/josh/heatflow/bullard mv9566bb.bps
97.07.30 15:55 B D:\USER\JOSH\EW9505\MV95H66\AUG97F~1\BUL97\mv9566c.bps --> mango.ucsc.edu /home/josh/heatflow/bullard mv9566c.bps
97.07.30 15:55 B D:\USER\JOSH\EW9505\MV95H66\AUG97F~1\BUL97\mv9566cc.bps --> mango.ucsc.edu /home/josh/heatflow/bullard mv9566cc.bps
97.07.30 15:55 B D:\USER\JOSH\EW9505\MV95H66\AUG97F~1\BUL97\mv9566d.bps --> mango.ucsc.edu /home/josh/heatflow/bullard mv9566d.bps
97.07.30 15:55 B D:\USER\JOSH\EW9505\MV95H66\AUG97F~1\BUL97\mv9566dd.bps --> mango.ucsc.edu /home/josh/heatflow/bullard mv9566dd.bps
97.07.30 15:55 B D:\USER\JOSH\EW9505\MV95H66\AUG97F~1\BUL97\mv9566e.bps --> mango.ucsc.edu /home/josh/heatflow/bullard mv9566e.bps
97.07.30 15:55 B D:\USER\JOSH\EW9505\MV95H66\AUG97F~1\BUL97\mv9566ee.bps --> mango.ucsc.edu /home/josh/heatflow/bullard mv9566ee.bps
97.07.30 15:55 B D:\USER\JOSH\EW9505\MV95H66\AUG97F~1\BUL97\mv9566f.bps --> mango.ucsc.edu /home/josh/heatflow/bullard mv9566f.bps
97.07.30 15:55 B D:\USER\JOSH\EW9505\MV95H66\AUG97F~1\BUL97\mv9566ff.bps --> mango.ucsc.edu /home/josh/heatflow/bullard mv9566ff.bps
97.07.30 15:55 B D:\USER\JOSH\EW9505\MV95H66\AUG97F~1\BUL97\mv9566g.bps --> mango.ucsc.edu /home/josh/heatflow/bullard mv9566g.bps
97.07.30 15:55 B D:\USER\JOSH\EW9505\MV95H66\AUG97F~1\BUL97\mv9566gg.bps --> mango.ucsc.edu /home/josh/heatflow/bullard mv9566gg.bps
97.07.30 15:55 B D:\USER\JOSH\EW9505\MV95H66\AUG97F~1\BUL97\mv9566h.bps --> mango.ucsc.edu /home/josh/heatflow/bullard mv9566h.bps
97.07.30 15:55 B D:\USER\JOSH\EW9505\MV95H66\AUG97F~1\BUL97\mv9566hh.bps --> mango.ucsc.edu /home/josh/heatflow/bullard mv9566hh.bps
97.07.30 15:55 B D:\USER\JOSH\EW9505\MV95H66\AUG97F~1\BUL97\mv9566i.bps --> mango.ucsc.edu /home/josh/heatflow/bullard mv9566i.bps
97.07.30 15:55 B D:\USER\JOSH\EW9505\MV95H66\AUG97F~1\BUL97\mv9566ii.bps --> mango.ucsc.edu /home/josh/heatflow/bullard mv9566ii.bps
97.07.30 15:55 B D:\USER\JOSH\EW9505\MV95H66\AUG97F~1\BUL97\mv9566j.bps --> mango.ucsc.edu /home/josh/heatflow/bullard mv9566j.bps
97.07.30 15:55 B D:\USER\JOSH\EW9505\MV95H66\AUG97F~1\BUL97\mv9566k.bps --> mango.ucsc.edu /home/josh/heatflow/bullard mv9566k.bps
97.07.30 15:55 B D:\USER\JOSH\EW9505\MV95H66\AUG97F~1\BUL97\mv9566l.bps --> mango.ucsc.edu /home/josh/heatflow/bullard mv9566l.bps
97.07.30 15:55 B D:\USER\JOSH\EW9505\MV95H66\AUG97F~1\BUL97\mv9566m.bps --> mango.ucsc.edu /home/josh/heatflow/bullard mv9566m.bps
97.07.30 15:55 B D:\USER\JOSH\EW9505\MV95H66\AUG97F~1\BUL97\mv9566n.bps --> mango.ucsc.edu /home/josh/heatflow/bullard mv9566n.bps
97.07.30 15:55 B D:\USER\JOSH\EW9505\MV95H66\AUG97F~1\BUL97\mv9566o.bps --> mango.ucsc.edu /home/josh/heatflow/bullard mv9566o.bps
97.07.30 15:55 B D:\USER\JOSH\EW9505\MV95H66\AUG97F~1\BUL97\mv9566p.bps --> mango.ucsc.edu /home/josh/heatflow/bullard mv9566p.bps
97.07.30 15:55 B D:\USER\JOSH\EW9505\MV95H66\AUG97F~1\BUL97\mv9566q.bps --> mango.ucsc.edu /home/josh/heatflow/bullard mv9566q.bps
97.07.30 15:55 B D:\USER\JOSH\EW9505\MV95H66\AUG97F~1\BUL97\mv9566r.bps --> mango.ucsc.edu /home/josh/heatflow/bullard mv9566r.bps
97.07.30 15:55 B D:\USER\JOSH\EW9505\MV95H66\AUG97F~1\BUL97\mv9566s.bps --> mango.ucsc.edu /home/josh/heatflow/bullard mv9566s.bps
97.07.30 15:55 B D:\USER\JOSH\EW9505\MV95H66\AUG97F~1\BUL97\mv9566t.bps --> mango.ucsc.edu /home/josh/heatflow/bullard mv9566t.bps
97.07.30 15:55 B D:\USER\JOSH\EW9505\MV95H66\AUG97F~1\BUL97\mv9566u.bps --> mango.ucsc.edu /home/josh/heatflow/bullard mv9566u.bps
97.07.30 15:55 B D:\USER\JOSH\EW9505\MV95H66\AUG97F~1\BUL97\mv9566v.bps --> mango.ucsc.edu /home/josh/heatflow/bullard mv9566v.bps
97.07.30 15:55 B D:\USER\JOSH\EW9505\MV95H66\AUG97F~1\BUL97\mv9566w.bps --> mango.ucsc.edu /home/josh/heatflow/bullard mv9566w.bps
97.07.30 15:55 B D:\USER\JOSH\EW9505\MV95H66\AUG97F~1\BUL97\mv9566x.bps --> mango.ucsc.edu /home/josh/heatflow/bullard mv9566x.bps
97.07.30 15:55 B D:\USER\JOSH\EW9505\MV95H66\AUG97F~1\BUL97\mv9566y.bps --> mango.ucsc.edu /home/josh/heatflow/bullard mv9566y.bps
97.07.30 15:55 B D:\USER\JOSH\EW9505\MV95H66\AUG97F~1\BUL97\mv9566z.bps --> mango.ucsc.edu /home/josh/heatflow/bullard mv9566z.bps
