Penetration file /Users/kristindickerson/03_local-repos/slugheat/inputs/Old_HFData/ReformattedPens/TicoFluxII_rf/hf02_rf/t2h02p01_rf.pen read ...
Split penetration and heat pulse data:
There is a heat pulse record ...

Penetration Record: 6
Heat Pulse Record:  52
End of Data Record: 110

13-Oct-2023 08:33:00 - End of raw data reading and preparation !
==========================================================================


TAP file t2h02p01_rf.tapread ...

Split penetration and heat pulse data:
There is a heat pulse record ...

Penetration Record: 6
Heat Pulse Record:  52
End of Data Record: 110

13-Oct-2023 08:33:26 - End of raw data reading and preparation !
==========================================================================


-------------------------------------------------------------------------------
13-Oct-2023 08:33:41
 - Begin SlugHeat22 PROCESSING
Split penetration and heat pulse data:
There is a heat pulse record ...

Penetration Record: 6
Heat Pulse Record:  52
End of Data Record: 110

-------------------------------------------------------------------------------
13-Oct-2023 08:35:24
 - Begin SlugHeat22 PROCESSING
Split penetration and heat pulse data:
There is a heat pulse record ...

Penetration Record: 6
Heat Pulse Record:  52
End of Data Record: 110

-------------------------------------------------------------------------------
13-Oct-2023 08:36:15
 - Begin SlugHeat22 PROCESSING
Split penetration and heat pulse data:
There is a heat pulse record ...

Penetration Record: 6
Heat Pulse Record:  52
End of Data Record: 110

-------------------------------------------------------------------------------
13-Oct-2023 08:39:45
 - Begin SlugHeat22 PROCESSING
Split penetration and heat pulse data:
There is a heat pulse record ...

Penetration Record: 6
Heat Pulse Record:  52
End of Data Record: 110

