


>>


>>uid
uid - RBR Geothermal Probe Logging System, #0005302, Version 1.01

>>dro
dro - 950615131918 21850 21494 21404 21055 20747 21225 21054 20634 20569 20555 20543 21307 21559 32771 65535 1.34360e+01



>>dro
dro - 950615131932 21826 21454 21394 21065 20756 21214 21052 20646 20583 20580 20565 21317 21642 32771 65535 1.34920e+01



>>rap
rap - 

UID  - RBR Geothermal Probe Logging System, #0005302, Version 1.01

TCR  - 950615132054

DPR  - 00085c20

LMR  - DO (sampling OFF, on-line data ON)

SPR  - 10 seconds

HOTR - 20 seconds

HIDR - 30 metres

HRDR - 10 metres

HSDR - 1.0 metres

HSTR - 7 minutes

ACR  - 4489

AFR  - 5 Celsius/second

>>afs 10
afs 10 - confirm [Y/N]: y
10 Celsius/second

>>rap
rap - 

UID  - RBR Geothermal Probe Logging System, #0005302, Version 1.01

TCR  - 950615132316

DPR  - 00085c20

LMR  - DO (sampling OFF, on-line data ON)

SPR  - 10 seconds

HOTR - 20 seconds

HIDR - 30 metres

HRDR - 10 metres

HSDR - 1.0 metres

HSTR - 7 minutes

ACR  - 4489

AFR  - 10 Celsius/second

>>dpc
dpc - confirm [Y/N]: y
00034000

>>lms e
lms e - confirm [Y/N]: y
EO (sampling ON, on-line data ON)

>>950615132510 22889 22345 21962 21401 21046 21240 21496 21013 20907 20857 20867 21410 22686 32771 65535 1.32520e+01

950615132520 22946 22378 21977 21412 21063 21241 21485 21023 20920 20873 20880 21403 22701 32771 65535 1.32780e+01

950615132530 22966 22415 21958 21423 21086 21252 21509 21036 20937 20897 20901 21407 22717 32771 65535 1.32560e+01

950615132540 23007 22408 21931 21433 21113 21309 21609 21049 20956 20926 20926 21413 22732 32771 65535 1.33160e+01



950616084640 19581 18916 18986 18974 18989 18683 18784 18845 18845 18745 18790 20286 22578   515 65535 1.30930e+01

p - bad command

>>

>>950616084650 19543 18876 18922 18917 18931 18618 18720 18783 18784 18682 18726 20312 22583   515 65535 1.30950e+01

950616084700 19517 18842 18862 18866 18878 18559 18661 18724 18725 18630 18667 20331 22588   515 65535 1.31360e+01

950616084710 19509 18824 18817 18832 18836 18512 18607 18670 18674 18588 18618 20349 22593   515 65535 1.30610e+01

950616084720 19511 18817 18784 18809 18810 18481 18571 18636 18641 18563 18586 20368 22598   515 65535 1.29700e+01

950616084730 19527 18819 18763 18794 18797 18465 18550 18616 18620 18556 18567 20395 22603   515 65535 1.30530e+01

950616084740 19561 18831 18761 18794 18801 18467 18547 18613 18615 18567 18562 20406 22608   515 65535 1.29720e+01

950616084750 19606 18859 18783 18816 18823 18490 18562 18628 18628 18601 18579 20440 22613   515 65535 1.30450e+01

950616084800 19664 18906 18823 18856 18861 18534 18599 18664 18664 18659 18621 20480 22618   515 65535 1.30120e+01

950616084810 19727 18954 18866 18903 18908 18580 18642 18705 18704 18709 18661 20496 22623   515 65535 1.29940e+01

950616084820 19774 18991 18900 18942 18942 18616 18674 18736 18734 18746 18689 20506 22627   515 65535 1.30730e+01

950616084830 19815 19021 18927 18969 18968 18641 18699 18760 18758 18775 18707 20533 22631   515 65535 1.31030e+01

lms950616084840 19853 19042 18946 18985 18985 18661 18718 18781 18776 18803 18723 20545 22636   515 65535 1.29270e+01

d
lmsd - confirm [Y/N]: y
DO (sampling OFF, on-line data ON)

>>drt 950102030405
drt 950102030405 - confirm [Y/N]: y
please wait ... XMODEM ready



XMODEM done

>>shuitdowtdoenwn
shutdown - confirm [Y/N]: y
System shut down

