97.07.30 15:52 B D:\USER\JOSH\EW9505\MV95H20\AUG97F~1\BUL97\mv9520a.bps --> mango.ucsc.edu /home/josh/heatflow/bullard mv9520a.bps
97.07.30 15:52 B D:\USER\JOSH\EW9505\MV95H20\AUG97F~1\BUL97\mv9520a2.bps --> mango.ucsc.edu /home/josh/heatflow/bullard mv9520a2.bps
97.07.30 15:52 B D:\USER\JOSH\EW9505\MV95H20\AUG97F~1\BUL97\mv9520a3.bps --> mango.ucsc.edu /home/josh/heatflow/bullard mv9520a3.bps
97.07.30 15:52 B D:\USER\JOSH\EW9505\MV95H20\AUG97F~1\BUL97\mv9520b.bps --> mango.ucsc.edu /home/josh/heatflow/bullard mv9520b.bps
97.07.30 15:52 B D:\USER\JOSH\EW9505\MV95H20\AUG97F~1\BUL97\mv9520b2.bps --> mango.ucsc.edu /home/josh/heatflow/bullard mv9520b2.bps
97.07.30 15:52 B D:\USER\JOSH\EW9505\MV95H20\AUG97F~1\BUL97\mv9520b3.bps --> mango.ucsc.edu /home/josh/heatflow/bullard mv9520b3.bps
97.07.30 15:52 B D:\USER\JOSH\EW9505\MV95H20\AUG97F~1\BUL97\mv9520c.bps --> mango.ucsc.edu /home/josh/heatflow/bullard mv9520c.bps
97.07.30 15:52 B D:\USER\JOSH\EW9505\MV95H20\AUG97F~1\BUL97\mv9520c2.bps --> mango.ucsc.edu /home/josh/heatflow/bullard mv9520c2.bps
97.07.30 15:52 B D:\USER\JOSH\EW9505\MV95H20\AUG97F~1\BUL97\mv9520d.bps --> mango.ucsc.edu /home/josh/heatflow/bullard mv9520d.bps
97.07.30 15:52 B D:\USER\JOSH\EW9505\MV95H20\AUG97F~1\BUL97\mv9520d2.bps --> mango.ucsc.edu /home/josh/heatflow/bullard mv9520d2.bps
97.07.30 15:52 B D:\USER\JOSH\EW9505\MV95H20\AUG97F~1\BUL97\mv9520e.bps --> mango.ucsc.edu /home/josh/heatflow/bullard mv9520e.bps
97.07.30 15:52 B D:\USER\JOSH\EW9505\MV95H20\AUG97F~1\BUL97\mv9520e2.bps --> mango.ucsc.edu /home/josh/heatflow/bullard mv9520e2.bps
97.07.30 15:52 B D:\USER\JOSH\EW9505\MV95H20\AUG97F~1\BUL97\mv9520f.bps --> mango.ucsc.edu /home/josh/heatflow/bullard mv9520f.bps
97.07.30 15:52 B D:\USER\JOSH\EW9505\MV95H20\AUG97F~1\BUL97\mv9520f2.bps --> mango.ucsc.edu /home/josh/heatflow/bullard mv9520f2.bps
97.07.30 15:52 B D:\USER\JOSH\EW9505\MV95H20\AUG97F~1\BUL97\mv9520g.bps --> mango.ucsc.edu /home/josh/heatflow/bullard mv9520g.bps
97.07.30 15:52 B D:\USER\JOSH\EW9505\MV95H20\AUG97F~1\BUL97\mv9520g2.bps --> mango.ucsc.edu /home/josh/heatflow/bullard mv9520g2.bps
97.07.30 15:52 B D:\USER\JOSH\EW9505\MV95H20\AUG97F~1\BUL97\mv9520h.bps --> mango.ucsc.edu /home/josh/heatflow/bullard mv9520h.bps
97.07.30 15:52 B D:\USER\JOSH\EW9505\MV95H20\AUG97F~1\BUL97\mv9520h2.bps --> mango.ucsc.edu /home/josh/heatflow/bullard mv9520h2.bps
97.07.30 15:52 B D:\USER\JOSH\EW9505\MV95H20\AUG97F~1\BUL97\mv9520i.bps --> mango.ucsc.edu /home/josh/heatflow/bullard mv9520i.bps
97.07.30 15:52 B D:\USER\JOSH\EW9505\MV95H20\AUG97F~1\BUL97\mv9520i2.bps --> mango.ucsc.edu /home/josh/heatflow/bullard mv9520i2.bps
97.07.30 15:52 B D:\USER\JOSH\EW9505\MV95H20\AUG97F~1\BUL97\mv9520j.bps --> mango.ucsc.edu /home/josh/heatflow/bullard mv9520j.bps
97.07.30 15:52 B D:\USER\JOSH\EW9505\MV95H20\AUG97F~1\BUL97\mv9520j2.bps --> mango.ucsc.edu /home/josh/heatflow/bullard mv9520j2.bps
97.07.30 15:52 B D:\USER\JOSH\EW9505\MV95H20\AUG97F~1\BUL97\mv9520k.bps --> mango.ucsc.edu /home/josh/heatflow/bullard mv9520k.bps
97.07.30 15:52 B D:\USER\JOSH\EW9505\MV95H20\AUG97F~1\BUL97\mv9520k2.bps --> mango.ucsc.edu /home/josh/heatflow/bullard mv9520k2.bps
97.07.30 15:52 B D:\USER\JOSH\EW9505\MV95H20\AUG97F~1\BUL97\mv9520l.bps --> mango.ucsc.edu /home/josh/heatflow/bullard mv9520l.bps
97.07.30 15:52 B D:\USER\JOSH\EW9505\MV95H20\AUG97F~1\BUL97\mv9520l2.bps --> mango.ucsc.edu /home/josh/heatflow/bullard mv9520l2.bps
97.07.30 15:52 B D:\USER\JOSH\EW9505\MV95H20\AUG97F~1\BUL97\mv9520m.bps --> mango.ucsc.edu /home/josh/heatflow/bullard mv9520m.bps
97.07.30 15:52 B D:\USER\JOSH\EW9505\MV95H20\AUG97F~1\BUL97\mv9520m2.bps --> mango.ucsc.edu /home/josh/heatflow/bullard mv9520m2.bps
97.07.30 15:52 B D:\USER\JOSH\EW9505\MV95H20\AUG97F~1\BUL97\mv9520n.bps --> mango.ucsc.edu /home/josh/heatflow/bullard mv9520n.bps
97.07.30 15:52 B D:\USER\JOSH\EW9505\MV95H20\AUG97F~1\BUL97\mv9520n2.bps --> mango.ucsc.edu /home/josh/heatflow/bullard mv9520n2.bps
97.07.30 15:52 B D:\USER\JOSH\EW9505\MV95H20\AUG97F~1\BUL97\mv9520o.bps --> mango.ucsc.edu /home/josh/heatflow/bullard mv9520o.bps
97.07.30 15:52 B D:\USER\JOSH\EW9505\MV95H20\AUG97F~1\BUL97\mv9520o2.bps --> mango.ucsc.edu /home/josh/heatflow/bullard mv9520o2.bps
97.07.30 15:52 B D:\USER\JOSH\EW9505\MV95H20\AUG97F~1\BUL97\mv9520p.bps --> mango.ucsc.edu /home/josh/heatflow/bullard mv9520p.bps
97.07.30 15:52 B D:\USER\JOSH\EW9505\MV95H20\AUG97F~1\BUL97\mv9520p2.bps --> mango.ucsc.edu /home/josh/heatflow/bullard mv9520p2.bps
97.07.30 15:52 B D:\USER\JOSH\EW9505\MV95H20\AUG97F~1\BUL97\mv9520q.bps --> mango.ucsc.edu /home/josh/heatflow/bullard mv9520q.bps
97.07.30 15:52 B D:\USER\JOSH\EW9505\MV95H20\AUG97F~1\BUL97\mv9520q2.bps --> mango.ucsc.edu /home/josh/heatflow/bullard mv9520q2.bps
97.07.30 15:52 B D:\USER\JOSH\EW9505\MV95H20\AUG97F~1\BUL97\mv9520r.bps --> mango.ucsc.edu /home/josh/heatflow/bullard mv9520r.bps
97.07.30 15:52 B D:\USER\JOSH\EW9505\MV95H20\AUG97F~1\BUL97\mv9520r2.bps --> mango.ucsc.edu /home/josh/heatflow/bullard mv9520r2.bps
97.07.30 15:52 B D:\USER\JOSH\EW9505\MV95H20\AUG97F~1\BUL97\mv9520s.bps --> mango.ucsc.edu /home/josh/heatflow/bullard mv9520s.bps
97.07.30 15:52 B D:\USER\JOSH\EW9505\MV95H20\AUG97F~1\BUL97\mv9520s2.bps --> mango.ucsc.edu /home/josh/heatflow/bullard mv9520s2.bps
97.07.30 15:52 B D:\USER\JOSH\EW9505\MV95H20\AUG97F~1\BUL97\mv9520t.bps --> mango.ucsc.edu /home/josh/heatflow/bullard mv9520t.bps
97.07.30 15:52 B D:\USER\JOSH\EW9505\MV95H20\AUG97F~1\BUL97\mv9520t2.bps --> mango.ucsc.edu /home/josh/heatflow/bullard mv9520t2.bps
97.07.30 15:52 B D:\USER\JOSH\EW9505\MV95H20\AUG97F~1\BUL97\mv9520u.bps --> mango.ucsc.edu /home/josh/heatflow/bullard mv9520u.bps
97.07.30 15:52 B D:\USER\JOSH\EW9505\MV95H20\AUG97F~1\BUL97\mv9520u2.bps --> mango.ucsc.edu /home/josh/heatflow/bullard mv9520u2.bps
97.07.30 15:52 B D:\USER\JOSH\EW9505\MV95H20\AUG97F~1\BUL97\mv9520v.bps --> mango.ucsc.edu /home/josh/heatflow/bullard mv9520v.bps
97.07.30 15:52 B D:\USER\JOSH\EW9505\MV95H20\AUG97F~1\BUL97\mv9520v2.bps --> mango.ucsc.edu /home/josh/heatflow/bullard mv9520v2.bps
97.07.30 15:52 B D:\USER\JOSH\EW9505\MV95H20\AUG97F~1\BUL97\mv9520w.bps --> mango.ucsc.edu /home/josh/heatflow/bullard mv9520w.bps
97.07.30 15:52 B D:\USER\JOSH\EW9505\MV95H20\AUG97F~1\BUL97\mv9520w2.bps --> mango.ucsc.edu /home/josh/heatflow/bullard mv9520w2.bps
97.07.30 15:52 B D:\USER\JOSH\EW9505\MV95H20\AUG97F~1\BUL97\mv9520x.bps --> mango.ucsc.edu /home/josh/heatflow/bullard mv9520x.bps
97.07.30 15:53 B D:\USER\JOSH\EW9505\MV95H20\AUG97F~1\BUL97\mv9520x2.bps --> mango.ucsc.edu /home/josh/heatflow/bullard mv9520x2.bps
97.07.30 15:53 B D:\USER\JOSH\EW9505\MV95H20\AUG97F~1\BUL97\mv9520y.bps --> mango.ucsc.edu /home/josh/heatflow/bullard mv9520y.bps
97.07.30 15:53 B D:\USER\JOSH\EW9505\MV95H20\AUG97F~1\BUL97\mv9520y2.bps --> mango.ucsc.edu /home/josh/heatflow/bullard mv9520y2.bps
97.07.30 15:53 B D:\USER\JOSH\EW9505\MV95H20\AUG97F~1\BUL97\mv9520z.bps --> mango.ucsc.edu /home/josh/heatflow/bullard mv9520z.bps
97.07.30 15:53 B D:\USER\JOSH\EW9505\MV95H20\AUG97F~1\BUL97\mv9520z2.bps --> mango.ucsc.edu /home/josh/heatflow/bullard mv9520z2.bps
