Penetration file /Users/kristindickerson/03_local-repos/slugheat/inputs/Old_HFData/ReformattedPens/TicoFluxII_rf/hf07_rf/t2h07p07_rf.pen read ...
Split penetration and heat pulse data:
There is a heat pulse record ...

Penetration Record: 6
Heat Pulse Record:  49
End of Data Record: 108

15-Sep-2023 17:03:00 - End of raw data reading and preparation !
==========================================================================


TAP file t2h07p07_rf.tapread ...

-------------------------------------------------------------------------------
15-Sep-2023 17:03:56
 - Begin SlugHeat22 PROCESSING
Split penetration and heat pulse data:
There is a heat pulse record ...

Penetration Record: 6
Heat Pulse Record:  49
End of Data Record: 108

These sensors are IGNORED in equilibrium temperature processing: 7

These sensors are IGNORED in thermal conductivity processing: 7

-------------------------------------------------------------------------------
15-Sep-2023 17:04:46
 - Begin SlugHeat22 PROCESSING
Split penetration and heat pulse data:
There is a heat pulse record ...

Penetration Record: 6
Heat Pulse Record:  49
End of Data Record: 108

