TAP file not found ...
TAP data read in PEN file: Tilt = 8.2 deg - Depth = 5573.0 m ...

Split penetration and heat pulse data:
There is a heat pulse record ...

Penetration Record: 6
Heat Pulse Record:  64
End of Data Record: 117

29-Sep-2023 12:42:29 - End of raw data reading and preparation !
==========================================================================


TAP file ALHF1_16_rf.tapread ...

-------------------------------------------------------------------------------
29-Sep-2023 12:42:52
 - Begin SlugHeat22 PROCESSING
Split penetration and heat pulse data:
There is a heat pulse record ...

Penetration Record: 6
Heat Pulse Record:  64
End of Data Record: 117

These sensors are IGNORED in equilibrium temperature processing: 11

These sensors are IGNORED in thermal conductivity processing: 11

-------------------------------------------------------------------------------
29-Sep-2023 12:43:47
 - Begin SlugHeat22 PROCESSING
Split penetration and heat pulse data:
There is a heat pulse record ...

Penetration Record: 6
Heat Pulse Record:  64
End of Data Record: 117

