97.07.30 15:54 B D:\USER\JOSH\EW9505\MV95H61\AUG97F~1\BUL97\mv9561a.bps --> mango.ucsc.edu /home/josh/heatflow/bullard mv9561a.bps
97.07.30 15:54 B D:\USER\JOSH\EW9505\MV95H61\AUG97F~1\BUL97\mv9561b.bps --> mango.ucsc.edu /home/josh/heatflow/bullard mv9561b.bps
97.07.30 15:54 B D:\USER\JOSH\EW9505\MV95H61\AUG97F~1\BUL97\mv9561c.bps --> mango.ucsc.edu /home/josh/heatflow/bullard mv9561c.bps
97.07.30 15:55 B D:\USER\JOSH\EW9505\MV95H61\AUG97F~1\BUL97\mv9561d.bps --> mango.ucsc.edu /home/josh/heatflow/bullard mv9561d.bps
97.07.30 15:55 B D:\USER\JOSH\EW9505\MV95H61\AUG97F~1\BUL97\mv9561e.bps --> mango.ucsc.edu /home/josh/heatflow/bullard mv9561e.bps
97.07.30 15:55 B D:\USER\JOSH\EW9505\MV95H61\AUG97F~1\BUL97\mv9561f.bps --> mango.ucsc.edu /home/josh/heatflow/bullard mv9561f.bps
97.07.30 15:55 B D:\USER\JOSH\EW9505\MV95H61\AUG97F~1\BUL97\mv9561g.bps --> mango.ucsc.edu /home/josh/heatflow/bullard mv9561g.bps
97.07.30 15:55 B D:\USER\JOSH\EW9505\MV95H61\AUG97F~1\BUL97\mv9561h.bps --> mango.ucsc.edu /home/josh/heatflow/bullard mv9561h.bps
97.07.30 15:55 B D:\USER\JOSH\EW9505\MV95H61\AUG97F~1\BUL97\mv9561i.bps --> mango.ucsc.edu /home/josh/heatflow/bullard mv9561i.bps
97.07.30 15:55 B D:\USER\JOSH\EW9505\MV95H61\AUG97F~1\BUL97\mv9561j.bps --> mango.ucsc.edu /home/josh/heatflow/bullard mv9561j.bps
97.07.30 15:55 B D:\USER\JOSH\EW9505\MV95H61\AUG97F~1\BUL97\mv9561k.bps --> mango.ucsc.edu /home/josh/heatflow/bullard mv9561k.bps
97.07.30 15:55 B D:\USER\JOSH\EW9505\MV95H61\AUG97F~1\BUL97\mv9561l.bps --> mango.ucsc.edu /home/josh/heatflow/bullard mv9561l.bps
97.07.30 15:55 B D:\USER\JOSH\EW9505\MV95H61\AUG97F~1\BUL97\mv9561m.bps --> mango.ucsc.edu /home/josh/heatflow/bullard mv9561m.bps
97.07.30 15:55 B D:\USER\JOSH\EW9505\MV95H61\AUG97F~1\BUL97\mv9561n.bps --> mango.ucsc.edu /home/josh/heatflow/bullard mv9561n.bps
97.07.30 15:55 B D:\USER\JOSH\EW9505\MV95H61\AUG97F~1\BUL97\mv9561o.bps --> mango.ucsc.edu /home/josh/heatflow/bullard mv9561o.bps
97.07.30 15:55 B D:\USER\JOSH\EW9505\MV95H61\AUG97F~1\BUL97\mv9561p.bps --> mango.ucsc.edu /home/josh/heatflow/bullard mv9561p.bps
97.07.30 15:55 B D:\USER\JOSH\EW9505\MV95H61\AUG97F~1\BUL97\mv9561q.bps --> mango.ucsc.edu /home/josh/heatflow/bullard mv9561q.bps
97.07.30 15:55 B D:\USER\JOSH\EW9505\MV95H61\AUG97F~1\BUL97\mv9561r.bps --> mango.ucsc.edu /home/josh/heatflow/bullard mv9561r.bps
97.07.30 15:55 B D:\USER\JOSH\EW9505\MV95H61\AUG97F~1\BUL97\mv9561s.bps --> mango.ucsc.edu /home/josh/heatflow/bullard mv9561s.bps
97.07.30 15:55 B D:\USER\JOSH\EW9505\MV95H61\AUG97F~1\BUL97\mv9561t.bps --> mango.ucsc.edu /home/josh/heatflow/bullard mv9561t.bps
97.07.30 15:55 B D:\USER\JOSH\EW9505\MV95H61\AUG97F~1\BUL97\mv9561u.bps --> mango.ucsc.edu /home/josh/heatflow/bullard mv9561u.bps
