


>>


>>uid
uid - RBR Geothermal Probe Logging System, #0005302, Version 1.01

>>dro
dro - 950626230035 29959 30193 30495 30187 29954 29653 29115 29316 29440 29768 29852 30420 32922 32771 65535 0.00000e+00



>>rap
rap - 

UID  - RBR Geothermal Probe Logging System, #0005302, Version 1.01

TCR  - 950626230049

DPR  - 00098ac8

LMR  - DO (sampling OFF, on-line data ON)

SPR  - 10 seconds

HOTR - 20 seconds

HIDR - 30 metres

HRDR - 10 metres

HSDR - 1.0 metres

HSTR - 7 minutes

ACR  - 4489

AFR  - 5 Celsius/second

>>tcr
tcr - 950626230103

>>dpc
dpc - confirm [Y/N]: y
00034000

>>lms e
lms e - confirm [Y/N]: y
EO (sampling ON, on-line data ON)

>>950626230120 31570 31543 31759 31493 31363 31125 30538 30634 30709 30951 31073 30128 33303 32771 65535 0.00000e+00

950626230130 31860 31789 31988 31742 31617 31386 30813 30898 30957 31201 31322 30065 33377 32771 65535 0.00000e+00

950626230140 32067 31962 32143 31898 31789 31569 31018 31099 31159 31416 31545 30036 33447 32771 65535 0.00000e+00

950626230150 32262 32133 32302 32063 31962 31748 31202 31272 31329 31577 31716 30035 33513 32771 65535 0.00000e+00

950626230200 32443 32294 32456 32219 32132 31913 31396 31453 31497 31737 31855 30055 33575 32771 65535 0.00000e+00

950626230210 32632 32485 32620 32402 32314 32088 31589 31650 31686 31942 32061 30030 33633 32771 65535 0.00000e+00

950626230220 32784 32642 32754 32546 32468 32256 31792 31846 31882 32166 32281 29988 33688 32771 65535 0.00000e+00

950626230230 32927 32794 32893 32676 32615 32394 31967 32009 32030 32325 32436 29882 33740 32771 65535 0.00000e+00

950626230240 33092 32947 33030 32804 32755 32505 32123 32155 32150 32445 32525 29831 33789 32771 65535 0.00000e+00

950626230250 33270 33110 33162 32929 32884 32625 32233 32244 32232 32503 32570 29781 33835 32771 65535 0.00000e+00

950626230300 33328 33174 33206 32992 32949 32715 32313 32297 32299 32597 32676 29729 33879 32771 65535 0.00000e+00

950626230310 33427 33285 33302 33096 33046 32791 32415 32373 32337 32632 32649 28788 33920 32771 65535 0.00000e+00

950626230320 33476 33366 33375 33158 33109 32845 32487 32416 32357 32635 32624 28915 33960 32771 65535 1.37750e+01

950626230330 33593 33502 33510 33276 33227 32939 32591 32494 32418 32673 32653 28930 33997 32771 65535 1.37890e+01

950626230340 33665 33586 33584 33340 33242 32971 32622 32527 32466 32713 32686 29782 34032 32771 65535 1.37390e+01




>>


>>950628025530 24921 24934 24793 24838 25014 25128 25162 25191 25111 25238 25312 24371 22080 32771 65535 1.37690e+01

950628025540 24979 24988 24834 24891 25055 25200 25252 25264 25168 25317 25369 24335 22103 32771 65535 1.38310e+01

950628025550 24979 25006 24841 24906 25058 25248 25309 25316 25216 25375 25419 24352 22126 32771 65535 1.37130e+01

950628025600 25019 25048 24882 24971 25099 25322 25415 25379 25274 25455 25476 24324 22149 32771 65535 1.37320e+01

lms d
lms d - confirm [Y/N]: y
9506280