100.04.30 13:42 A C:\users\josh\ew9505\ew9505 hf\mv95h42\mv9542.par --> fig.ucsc.edu /home/josh/heatflow/montecarlo-BH mv9542.par
100.04.30 13:42 A C:\users\josh\ew9505\ew9505 hf\mv95h42\mv9542a.pen --> fig.ucsc.edu /home/josh/heatflow/montecarlo-BH mv9542a.pen
100.04.30 13:42 A C:\users\josh\ew9505\ew9505 hf\mv95h42\mv9542b.pen --> fig.ucsc.edu /home/josh/heatflow/montecarlo-BH mv9542b.pen
100.04.30 13:42 A C:\users\josh\ew9505\ew9505 hf\mv95h42\mv9542c.pen --> fig.ucsc.edu /home/josh/heatflow/montecarlo-BH mv9542c.pen
100.04.30 13:42 A C:\users\josh\ew9505\ew9505 hf\mv95h42\mv9542d.pen --> fig.ucsc.edu /home/josh/heatflow/montecarlo-BH mv9542d.pen
100.04.30 13:42 A C:\users\josh\ew9505\ew9505 hf\mv95h42\mv9542dd.pen --> fig.ucsc.edu /home/josh/heatflow/montecarlo-BH mv9542dd.pen
100.04.30 13:42 A C:\users\josh\ew9505\ew9505 hf\mv95h42\mv9542e.pen --> fig.ucsc.edu /home/josh/heatflow/montecarlo-BH mv9542e.pen
100.04.30 13:42 A C:\users\josh\ew9505\ew9505 hf\mv95h42\mv9542ee.pen --> fig.ucsc.edu /home/josh/heatflow/montecarlo-BH mv9542ee.pen
100.04.30 13:42 A C:\users\josh\ew9505\ew9505 hf\mv95h42\mv9542f.pen --> fig.ucsc.edu /home/josh/heatflow/montecarlo-BH mv9542f.pen
100.04.30 13:42 A C:\users\josh\ew9505\ew9505 hf\mv95h42\mv9542ff.pen --> fig.ucsc.edu /home/josh/heatflow/montecarlo-BH mv9542ff.pen
100.04.30 13:42 A C:\users\josh\ew9505\ew9505 hf\mv95h42\mv9542g.pen --> fig.ucsc.edu /home/josh/heatflow/montecarlo-BH mv9542g.pen
100.04.30 13:42 A C:\users\josh\ew9505\ew9505 hf\mv95h42\mv9542gg.pen --> fig.ucsc.edu /home/josh/heatflow/montecarlo-BH mv9542gg.pen
100.04.30 13:42 A C:\users\josh\ew9505\ew9505 hf\mv95h42\mv9542h.pen --> fig.ucsc.edu /home/josh/heatflow/montecarlo-BH mv9542h.pen
100.04.30 13:42 A C:\users\josh\ew9505\ew9505 hf\mv95h42\mv9542i.pen --> fig.ucsc.edu /home/josh/heatflow/montecarlo-BH mv9542i.pen
100.04.30 13:42 A C:\users\josh\ew9505\ew9505 hf\mv95h42\mv9542j.pen --> fig.ucsc.edu /home/josh/heatflow/montecarlo-BH mv9542j.pen
100.04.30 13:42 A C:\users\josh\ew9505\ew9505 hf\mv95h42\mv9542k.pen --> fig.ucsc.edu /home/josh/heatflow/montecarlo-BH mv9542k.pen
100.04.30 13:42 A C:\users\josh\ew9505\ew9505 hf\mv95h42\mv9542l.pen --> fig.ucsc.edu /home/josh/heatflow/montecarlo-BH mv9542l.pen
100.04.30 13:42 A C:\users\josh\ew9505\ew9505 hf\mv95h42\mv9542m.pen --> fig.ucsc.edu /home/josh/heatflow/montecarlo-BH mv9542m.pen
100.04.30 13:42 A C:\users\josh\ew9505\ew9505 hf\mv95h42\mv9542n.pen --> fig.ucsc.edu /home/josh/heatflow/montecarlo-BH mv9542n.pen
100.04.30 13:42 A C:\users\josh\ew9505\ew9505 hf\mv95h42\mv9542p.pen --> fig.ucsc.edu /home/josh/heatflow/montecarlo-BH mv9542p.pen
100.04.30 13:42 A C:\users\josh\ew9505\ew9505 hf\mv95h42\mv9542q.pen --> fig.ucsc.edu /home/josh/heatflow/montecarlo-BH mv9542q.pen
100.04.30 13:42 A C:\users\josh\ew9505\ew9505 hf\mv95h42\mv9542r.pen --> fig.ucsc.edu /home/josh/heatflow/montecarlo-BH mv9542r.pen
100.04.30 13:42 A C:\users\josh\ew9505\ew9505 hf\mv95h42\mv9542s.pen --> fig.ucsc.edu /home/josh/heatflow/montecarlo-BH mv9542s.pen
100.04.30 13:42 A C:\users\josh\ew9505\ew9505 hf\mv95h42\mv9542t.pen --> fig.ucsc.edu /home/josh/heatflow/montecarlo-BH mv9542t.pen
100.04.30 13:42 A C:\users\josh\ew9505\ew9505 hf\mv95h42\mv9542u.pen --> fig.ucsc.edu /home/josh/heatflow/montecarlo-BH mv9542u.pen
100.04.30 13:42 A C:\users\josh\ew9505\ew9505 hf\mv95h42\mv9542v.pen --> fig.ucsc.edu /home/josh/heatflow/montecarlo-BH mv9542v.pen
100.04.30 13:42 A C:\users\josh\ew9505\ew9505 hf\mv95h42\mv9542w.pen --> fig.ucsc.edu /home/josh/heatflow/montecarlo-BH mv9542w.pen
100.04.30 13:42 A C:\users\josh\ew9505\ew9505 hf\mv95h42\mv9542x.pen --> fig.ucsc.edu /home/josh/heatflow/montecarlo-BH mv9542x.pen
100.04.30 13:42 A C:\users\josh\ew9505\ew9505 hf\mv95h42\mv9542z.pen --> fig.ucsc.edu /home/josh/heatflow/montecarlo-BH mv9542z.pen
