950622222750 24949     0 24329 24266 23930 23832 23805     0 23768 24100 23832 23115 21868 32771 65535 1.35090e+01

950622222800 24963     0 24355 24311 23947 23866 23825     0 23785 24121 23859 23137 21892 32771 65535 1.35110e+01

950622222810 24945     0 24332 24309 23947 23860 23804     0 23762 24107 23842 23087 21916 32771 65535 1.35050e+01

950622222820 24955     0 24364 24338 23986 23876 23816     0 23756 24112 23850 23117 21940 32771 65535 1.34740e+01

950622222830 24950     0 24353 24352 23950 23865 23791     0 23739 24099 23841 23163 21964 32771 65535 1.35610e+01

lms d
lms d - confirm [Y/N]: y
950622222840 24901     0 24311 24305 23896 23824 23762     0 23709 24069 23824 23183 21987 32771 65535 1.35110e+01

DO (sampling OFF, on-line data ON)

>>rap
rap - 

UID  - RBR Geothermal Probe Logging System, #0005302, Version 1.01

TCR  - 950622222846

DPR  - 00051948

LMR  - DO (sampling OFF, on-line data ON)

SPR  - 10 seconds

HOTR - heat pulses are disabled

HIDR - 30 metres

HRDR - 10 metres

HSDR - 1.0