Penetration file /Users/kristindickerson/03_local-repos/slugheat/inputs/Old_HFData/ReformattedPens/RetroFlux-2000_rf/E08_rf/00e08p13_rf.pen read ...
Split penetration and heat pulse data:
There is a heat pulse record ...

Penetration Record: 6
Heat Pulse Record:  69
End of Data Record: 122

17-Oct-2023 21:49:48 - End of raw data reading and preparation !
==========================================================================


TAP file 00e08p13_rf.tapread ...

-------------------------------------------------------------------------------
17-Oct-2023 21:50:10
 - Begin SlugHeat22 PROCESSING
Split penetration and heat pulse data:
There is a heat pulse record ...

Penetration Record: 6
Heat Pulse Record:  69
End of Data Record: 122

-------------------------------------------------------------------------------
17-Oct-2023 21:50:45
 - Begin SlugHeat22 PROCESSING
Split penetration and heat pulse data:
There is a heat pulse record ...

Penetration Record: 6
Heat Pulse Record:  69
End of Data Record: 122

