Penetration file /Users/kristindickerson/03_local-repos/slugheat/inputs/Old_HFData/ReformattedPens/RetroFlux-2000_rf/E01_rf/00E01P03_rf.pen read ...
Split penetration and heat pulse data:
There is a heat pulse record ...

Penetration Record: 6
Heat Pulse Record:  47
End of Data Record: 92

17-Oct-2023 07:25:48 - End of raw data reading and preparation !
==========================================================================


TAP file 00E01P03_rf.tapread ...

Split penetration and heat pulse data:
There is a heat pulse record ...

Penetration Record: 6
Heat Pulse Record:  47
End of Data Record: 92

-------------------------------------------------------------------------------
17-Oct-2023 07:26:25
 - Begin SlugHeat22 PROCESSING
Split penetration and heat pulse data:
There is a heat pulse record ...

Penetration Record: 6
Heat Pulse Record:  47
End of Data Record: 92

17-Oct-2023 07:26:44 - End of raw data reading and preparation !
==========================================================================


All the sensors are used in processing!   

-------------------------------------------------------------------------------
17-Oct-2023 07:27:38
 - Begin SlugHeat22 PROCESSING
Split penetration and heat pulse data:
There is a heat pulse record ...

Penetration Record: 6
Heat Pulse Record:  47
End of Data Record: 92

These sensors are IGNORED in processing: 2

-------------------------------------------------------------------------------
17-Oct-2023 07:29:12
 - Begin SlugHeat22 PROCESSING
Split penetration and heat pulse data:
There is a heat pulse record ...

Penetration Record: 6
Heat Pulse Record:  47
End of Data Record: 92

-------------------------------------------------------------------------------
17-Oct-2023 07:30:47
 - Begin SlugHeat22 PROCESSING
Split penetration and heat pulse data:
There is a heat pulse record ...

Penetration Record: 6
Heat Pulse Record:  47
End of Data Record: 92

-------------------------------------------------------------------------------
17-Oct-2023 07:32:05
 - Begin SlugHeat22 PROCESSING
Split penetration and heat pulse data:
There is a heat pulse record ...

Penetration Record: 6
Heat Pulse Record:  47
End of Data Record: 92

-------------------------------------------------------------------------------
17-Oct-2023 07:35:14
 - Begin SlugHeat22 PROCESSING
Split penetration and heat pulse data:
There is a heat pulse record ...

Penetration Record: 6
Heat Pulse Record:  47
End of Data Record: 92

-------------------------------------------------------------------------------
17-Oct-2023 07:37:08
 - Begin SlugHeat22 PROCESSING
Split penetration and heat pulse data:
There is a heat pulse record ...

Penetration Record: 6
Heat Pulse Record:  47
End of Data Record: 92

-------------------------------------------------------------------------------
17-Oct-2023 07:41:48
 - Begin SlugHeat22 PROCESSING
Split penetration and heat pulse data:
There is a heat pulse record ...

Penetration Record: 6
Heat Pulse Record:  47
End of Data Record: 92

-------------------------------------------------------------------------------
17-Oct-2023 07:44:48
 - Begin SlugHeat22 PROCESSING
Split penetration and heat pulse data:
There is a heat pulse record ...

Penetration Record: 6
Heat Pulse Record:  47
End of Data Record: 92

-------------------------------------------------------------------------------
17-Oct-2023 07:46:13
 - Begin SlugHeat22 PROCESSING
Split penetration and heat pulse data:
There is a heat pulse record ...

Penetration Record: 6
Heat Pulse Record:  47
End of Data Record: 92

