


>>


>>uid
uid - RBR Geothermal Probe Logging System, #0005302, Version 1.01

>>dro
dro - 950624222246 38044 37972 37984 38265 38591 38731 38465 38410 38989 39119 39299 34741 44677 32771 65535 0.00000e+00



>>rap
rap - 

UID  - RBR Geothermal Probe Logging System, #0005302, Version 1.01

TCR  - 950624222417

DPR  - 0007b108

LMR  - DO (sampling OFF, on-line data ON)

SPR  - 10 seconds

HOTR - 20 seconds

HIDR - 30 metres

HRDR - 10 metres

HSDR - 1.0 metres

HSTR - 7 minutes

ACR  - 4489

AFR  - 5 Celsius/second

>>tcs 950624222930
tcs 950624222930 - confirm [Y/N]: yyy
950624222930

>>tcr
tcr - 950624222938

>>


>>tcr
tcr - 950624222949

>>tcs 950624222930
tcs 950624222930 - confirm [Y/N]: y
950624222930

>>tcr
tcr - 950624222939

>>dpc
dpc - confirm [Y/N]: y
00034000

>>rap
rap - 

UID  - RBR Geothermal Probe Logging System, #0005302, Version 1.01

TCR  - 950624223028

DPR  - 00034000

LMR  - DO (sampling OFF, on-line data ON)

SPR  - 10 seconds

HOTR - 20 seconds

HIDR - 30 metres

HRDR - 10 metres

HSDR - 1.0 metres

HSTR - 7 minutes

ACR  - 4489

AFR  - 5 Celsius/second

>>lms e
lms e - confirm [Y/N]: y
EO (sampling ON, on-line data ON)

>>950624223130 39902 39656 39752 40012 40371 40550 40171 40055 40668 40777 41050 34166 46300 32771 65535 0.00000e+00

950624223140 39807 39567 39659 39897 40268 40423 40041 39920 40541 40671 40931 34143 46310 32771 65535 0.00000e+00

950624223150 39792 39600 39690 39902 40317 40483 40078 39925 40556 40710 41017 34139 46320 32771 65535 0.00000e+00

950624223200 39925 39747 39828 40053 40433 40562 40157 39992 40625 40761 41069 34117 46329 32771 65535 0.00000e+00

950624223210 39994 39804 39882 40107 40479 40593 40185 40014 40646 40775 41076 33961 46339 32771 65535 0.00000e+00

950624223220 40134 39949 40038 40248 40651 40787 40344 40180 40810 40961 41262 33795 46348 32771 65535 0.00000e+00

950624223230 40414 40215 40280 40491 40867 41009 40550 40407 41031 41179 41469 33788 46357 32771 65535 0.00000e+00

950624223240 40694 40464 40521 40704 41099 41237 40788 40634 41310 41459 41760 33697 46366 32771 65535 0.00000e+00

950624223250 40953 40767 40814 40990 41395 41525 41074 40884 41601 41732 42018 33679 46375 32771 65535 0.00000e+00

950624223300 41099 40957 40997 41203 41591 41705 41256 41047 41787 41911 42211 33690 46383 32771 65535 0.00000e+00

950624223310 41136 41024 41056 41288 41657 41791 41366 41169 41898 42050 42367 33655 46392 32771 65535 0.00000e+00

950624223320 41199 41075 41134 41368 41744 41872 41448 41240 41948 42111 42416 33679 46400 32771 65535 1.42380e+01

950624223330 41085 40993 41104 41387 41747 41844 41401 41159 41877 41983 42292 33750 46408 32771 65535 1.42040e+01

950624223340 40922 40888 41036 41312 41660 41759 41296 41056 41796 41926 42247 33812 46416 32771 65535 1.42100e+01

950624223350 40891 40926 41087 41345 41714 41814 41322 41080 41833 42005 42305 33811 46424 32771 65535 1.42060e+01

950624223400 40937 40978 41141 41387 41743 41842 41333 41121 41895 42100 42408 33755 46432 32771 65535 1.41860e+01

950624223410 40971 41017 41211 41448 41812 41892 41384 41164 41946 42168 42495 33728 46440 32771 65535 1.41570e+01

950624223420 41012 41056 41224 41466 41795 41865 41366 41172 41930 42166 42444 33749 46416 32771 65535 1.41430e+01

950624223430 41011 41037 41227 41457 41796 41837 41388 41181 41972 42160 42456 33691 46435 32771 65535 1.41150e+01

950624223440 40903 40941 41125 41368 41683 41740 41314 41128 41899 42106 42348 33698 46444 32771 65535 1.40760e+01

950624223450 40674 40729 40919 41192 41497 41570 41137 40975 41736 41968 42221 33640 46453 32771 65535 1.41020e+01

950624223500 40457 40517 40727 40999 41288 41361 40933 40766 41550 41774 42067 33671 46460 32771 65535 1.40500e+01

950624223510 40314 40356 40578 40808 41096 41172 40733 40565 41329 41543 41795 33701 46468 32771 65535 1.40360e+01

950624223520 40256 40301 40532 40732 41029 41109 40664 40480 41213 41402 41666 33750 46476 32771 65535 1.40070e+01

950624223530 40241 40268 40506 40708 41000 41067 40636 40437 41161 41315 41581 33763 46483 32771 65535 1.39830e+01

950624223540 40161 40210 40454 40670 40939 41014 40570 40387 41093 41245 41458 33791 46491 32771 65535 1.39810e+01

950624223550 40101 40190 40448 40659 40934 41011 40529 40362 41069 41217 41417 33723 46498 32771 65535 1.39230e+01

950624223600 40084 40216 40480 40688 40945 41008 40496 40328 40988 41134 41285 33756 46505 32771 65535 1.39440e+01

950624223610 40073 40249 40526 40700 40958 40963 40446 40229 40893 40972 41127 33811 46511 32771 65535 1.38860e+01

950624223620 40153 40341 40634 40776 41051 41042 40503 40260 40919 41014 41184 33829 46518 32771 65535 1.38920e+01

950624223630 40283 40498 40776 40916 41203 41189 40644 40392 41065 41159 41288 33801 46525 32771 65535 1.38700e+01

950624223640 40362 40595 40880 41042 41334 41325 40783 40536 41236 41305 41462 33644 46532 32771 65535 1.38590e+01

950624223650 40471 40699 40986 41142 41443 41478 40907 40683 41417 41531 41700 33687 46538 32771 65535 1.38610e+01

950624223700 40598 40859 41150 41317 41648 41692 41118 40896 41670 41772 41930 33791 46545 32771 65535 1.38530e+01

950624223710 40652 41021 41312 41481 41832 41892 41306 41080 41914 42026 42173 33794 46551 32771 65535 1.38410e+01

lm950624223720 40786 41255 41538 41712 42055 42126 41523 41319 42178 42329 42446 33692 46557 32771 65535 1.38190e+01

s d
lms d - confirm [Y/N]: y
DO (sampling OFF, on-line data ON)

>>shutdown
shutdown - confirm [Y/N]: yy
System shut down












>>


>>


>>dro
dro - 950624224559 35669 35262 35497 35747 36820 37802 37695 37688 38210 38432 38589 31712 45590 32771 65535 1.40840e+01



>>iud
iud - bad command

>>uid
uid - RBR Geothermal Probe Logging System, #0005302, Version 1.01

>>rap
rap - 

UID  - RBR Geothermal Probe Logging System, #0005302, Version 1.01

TCR  - 950624224608

DPR  - 000345c8

LMR  - DO (sampling OFF, on-line data ON)

SPR  - 10 seconds

HOTR - 20 seconds

HIDR - 30 metres

HRDR - 10 metres

HSDR - 1.0 metres

HSTR - 7 minutes

ACR  - 4489

AFR  - 5 Celsius/second

>>lmsdpc
dpc - confirm [Y/N]: y
00034000

>>rap
rap - 

UID  - RBR Geothermal Probe Logging System, #0005302, Version 1.01

TCR  - 950624224620

DPR  - 00034000

LMR  - DO (sampling OFF, on-line data ON)

SPR  - 10 seconds

HOTR - 20 seconds

HIDR - 30 metres

HRDR - 10 metres

HSDR - 1.0 metres

HSTR - 7 minutes

ACR  - 4489

AFR  - 5 Celsius/second

>>lms e
lms e - confirm [Y/N]: y
EO (sampling ON, on-line data ON)

>>950624224630 35385 35224 35510 35904 36982 37865 37804 37728 38216 38358 38554 31442 45789 32771 65535 1.39770e+01

950624224640 35543 35417 35728 36098 37182 38013 37960 37893 38425 38506 38770 31355 45847 32771 65535 1.40270e+01

950624224650 35833 35720 36025 36393 37463 38235 38165 38091 38652 38688 38964 31348 45902 32771 65535 1.39790e+01

ª‚r‚‚‚‚‚*­00




>>


>>950626032400 20805 20926 21241 21254 20951 20875 20885 20673 20599 20660 20774 24152 20538 32771 65535 0.00000e+00

950626032410 20815 20966 21277 21307 21000 20923 20941 20730 20661 20721 20838 24145 20565 32771 65535 0.00000e+00

lms d
950626032420 20845 21018 21317 21364 21043 20970 20994 20785 20719 20777 20894 24162 20591 32771 65535 0.00000e+00

lms d - confirm [Y/N]: y
DO (sampling OFF, on-line data ON)

>>tcr
tcr - 950626032438

>>drt 950102030405
drt 950102030405 - confirm [Y/N]: y
please wait ... XMODEM ready



XMODEM done

>>shutdown
shutdown - confirm [Y/N]: y
System shut down

