100.04.30 13:42 A C:\users\josh\ew9505\ew9505 hf\mv95h35\mv9535.par --> fig.ucsc.edu /home/josh/heatflow/montecarlo-BH mv9535.par
100.04.30 13:42 A C:\users\josh\ew9505\ew9505 hf\mv95h35\mv9535a.pen --> fig.ucsc.edu /home/josh/heatflow/montecarlo-BH mv9535a.pen
100.04.30 13:42 A C:\users\josh\ew9505\ew9505 hf\mv95h35\mv9535aa.pen --> fig.ucsc.edu /home/josh/heatflow/montecarlo-BH mv9535aa.pen
100.04.30 13:42 A C:\users\josh\ew9505\ew9505 hf\mv95h35\mv9535ab.pen --> fig.ucsc.edu /home/josh/heatflow/montecarlo-BH mv9535ab.pen
100.04.30 13:42 A C:\users\josh\ew9505\ew9505 hf\mv95h35\mv9535ac.pen --> fig.ucsc.edu /home/josh/heatflow/montecarlo-BH mv9535ac.pen
100.04.30 13:42 A C:\users\josh\ew9505\ew9505 hf\mv95h35\mv9535ad.pen --> fig.ucsc.edu /home/josh/heatflow/montecarlo-BH mv9535ad.pen
100.04.30 13:42 A C:\users\josh\ew9505\ew9505 hf\mv95h35\mv9535ae.pen --> fig.ucsc.edu /home/josh/heatflow/montecarlo-BH mv9535ae.pen
100.04.30 13:42 A C:\users\josh\ew9505\ew9505 hf\mv95h35\mv9535af.pen --> fig.ucsc.edu /home/josh/heatflow/montecarlo-BH mv9535af.pen
100.04.30 13:42 A C:\users\josh\ew9505\ew9505 hf\mv95h35\mv9535ag.pen --> fig.ucsc.edu /home/josh/heatflow/montecarlo-BH mv9535ag.pen
100.04.30 13:42 A C:\users\josh\ew9505\ew9505 hf\mv95h35\mv9535ah.pen --> fig.ucsc.edu /home/josh/heatflow/montecarlo-BH mv9535ah.pen
100.04.30 13:42 A C:\users\josh\ew9505\ew9505 hf\mv95h35\mv9535aj.pen --> fig.ucsc.edu /home/josh/heatflow/montecarlo-BH mv9535aj.pen
100.04.30 13:42 A C:\users\josh\ew9505\ew9505 hf\mv95h35\mv9535ak.pen --> fig.ucsc.edu /home/josh/heatflow/montecarlo-BH mv9535ak.pen
100.04.30 13:42 A C:\users\josh\ew9505\ew9505 hf\mv95h35\mv9535al.pen --> fig.ucsc.edu /home/josh/heatflow/montecarlo-BH mv9535al.pen
100.04.30 13:42 A C:\users\josh\ew9505\ew9505 hf\mv95h35\mv9535am.pen --> fig.ucsc.edu /home/josh/heatflow/montecarlo-BH mv9535am.pen
100.04.30 13:42 A C:\users\josh\ew9505\ew9505 hf\mv95h35\mv9535an.pen --> fig.ucsc.edu /home/josh/heatflow/montecarlo-BH mv9535an.pen
100.04.30 13:42 A C:\users\josh\ew9505\ew9505 hf\mv95h35\mv9535ao.pen --> fig.ucsc.edu /home/josh/heatflow/montecarlo-BH mv9535ao.pen
100.04.30 13:42 A C:\users\josh\ew9505\ew9505 hf\mv95h35\mv9535aq.pen --> fig.ucsc.edu /home/josh/heatflow/montecarlo-BH mv9535aq.pen
100.04.30 13:42 A C:\users\josh\ew9505\ew9505 hf\mv95h35\mv9535ar.pen --> fig.ucsc.edu /home/josh/heatflow/montecarlo-BH mv9535ar.pen
100.04.30 13:42 A C:\users\josh\ew9505\ew9505 hf\mv95h35\mv9535as.pen --> fig.ucsc.edu /home/josh/heatflow/montecarlo-BH mv9535as.pen
100.04.30 13:42 A C:\users\josh\ew9505\ew9505 hf\mv95h35\mv9535at.pen --> fig.ucsc.edu /home/josh/heatflow/montecarlo-BH mv9535at.pen
100.04.30 13:42 A C:\users\josh\ew9505\ew9505 hf\mv95h35\mv9535au.pen --> fig.ucsc.edu /home/josh/heatflow/montecarlo-BH mv9535au.pen
100.04.30 13:42 A C:\users\josh\ew9505\ew9505 hf\mv95h35\mv9535av.pen --> fig.ucsc.edu /home/josh/heatflow/montecarlo-BH mv9535av.pen
100.04.30 13:42 A C:\users\josh\ew9505\ew9505 hf\mv95h35\mv9535b.pen --> fig.ucsc.edu /home/josh/heatflow/montecarlo-BH mv9535b.pen
100.04.30 13:42 A C:\users\josh\ew9505\ew9505 hf\mv95h35\mv9535c.pen --> fig.ucsc.edu /home/josh/heatflow/montecarlo-BH mv9535c.pen
100.04.30 13:42 A C:\users\josh\ew9505\ew9505 hf\mv95h35\mv9535d.pen --> fig.ucsc.edu /home/josh/heatflow/montecarlo-BH mv9535d.pen
100.04.30 13:42 A C:\users\josh\ew9505\ew9505 hf\mv95h35\mv9535e.pen --> fig.ucsc.edu /home/josh/heatflow/montecarlo-BH mv9535e.pen
100.04.30 13:42 A C:\users\josh\ew9505\ew9505 hf\mv95h35\mv9535f.pen --> fig.ucsc.edu /home/josh/heatflow/montecarlo-BH mv9535f.pen
100.04.30 13:42 A C:\users\josh\ew9505\ew9505 hf\mv95h35\mv9535g.pen --> fig.ucsc.edu /home/josh/heatflow/montecarlo-BH mv9535g.pen
100.04.30 13:42 A C:\users\josh\ew9505\ew9505 hf\mv95h35\mv9535h.pen --> fig.ucsc.edu /home/josh/heatflow/montecarlo-BH mv9535h.pen
100.04.30 13:42 A C:\users\josh\ew9505\ew9505 hf\mv95h35\mv9535i.pen --> fig.ucsc.edu /home/josh/heatflow/montecarlo-BH mv9535i.pen
100.04.30 13:42 A C:\users\josh\ew9505\ew9505 hf\mv95h35\mv9535j.pen --> fig.ucsc.edu /home/josh/heatflow/montecarlo-BH mv9535j.pen
100.04.30 13:42 A C:\users\josh\ew9505\ew9505 hf\mv95h35\mv9535k.pen --> fig.ucsc.edu /home/josh/heatflow/montecarlo-BH mv9535k.pen
100.04.30 13:42 A C:\users\josh\ew9505\ew9505 hf\mv95h35\mv9535l.pen --> fig.ucsc.edu /home/josh/heatflow/montecarlo-BH mv9535l.pen
100.04.30 13:42 A C:\users\josh\ew9505\ew9505 hf\mv95h35\mv9535m.pen --> fig.ucsc.edu /home/josh/heatflow/montecarlo-BH mv9535m.pen
100.04.30 13:42 A C:\users\josh\ew9505\ew9505 hf\mv95h35\mv9535n.pen --> fig.ucsc.edu /home/josh/heatflow/montecarlo-BH mv9535n.pen
100.04.30 13:42 A C:\users\josh\ew9505\ew9505 hf\mv95h35\mv9535o.pen --> fig.ucsc.edu /home/josh/heatflow/montecarlo-BH mv9535o.pen
100.04.30 13:42 A C:\users\josh\ew9505\ew9505 hf\mv95h35\mv9535p.pen --> fig.ucsc.edu /home/josh/heatflow/montecarlo-BH mv9535p.pen
100.04.30 13:42 A C:\users\josh\ew9505\ew9505 hf\mv95h35\mv9535q.pen --> fig.ucsc.edu /home/josh/heatflow/montecarlo-BH mv9535q.pen
100.04.30 13:42 A C:\users\josh\ew9505\ew9505 hf\mv95h35\mv9535r.pen --> fig.ucsc.edu /home/josh/heatflow/montecarlo-BH mv9535r.pen
100.04.30 13:42 A C:\users\josh\ew9505\ew9505 hf\mv95h35\mv9535s.pen --> fig.ucsc.edu /home/josh/heatflow/montecarlo-BH mv9535s.pen
100.04.30 13:42 A C:\users\josh\ew9505\ew9505 hf\mv95h35\mv9535t.pen --> fig.ucsc.edu /home/josh/heatflow/montecarlo-BH mv9535t.pen
100.04.30 13:42 A C:\users\josh\ew9505\ew9505 hf\mv95h35\mv9535u.pen --> fig.ucsc.edu /home/josh/heatflow/montecarlo-BH mv9535u.pen
100.04.30 13:42 A C:\users\josh\ew9505\ew9505 hf\mv95h35\mv9535v.pen --> fig.ucsc.edu /home/josh/heatflow/montecarlo-BH mv9535v.pen
100.04.30 13:42 A C:\users\josh\ew9505\ew9505 hf\mv95h35\mv9535w.pen --> fig.ucsc.edu /home/josh/heatflow/montecarlo-BH mv9535w.pen
100.04.30 13:42 A C:\users\josh\ew9505\ew9505 hf\mv95h35\mv9535x.pen --> fig.ucsc.edu /home/josh/heatflow/montecarlo-BH mv9535x.pen
100.04.30 13:42 A C:\users\josh\ew9505\ew9505 hf\mv95h35\mv9535y.pen --> fig.ucsc.edu /home/josh/heatflow/montecarlo-BH mv9535y.pen
100.04.30 13:42 A C:\users\josh\ew9505\ew9505 hf\mv95h35\mv9535z.pen --> fig.ucsc.edu /home/josh/heatflow/montecarlo-BH mv9535z.pen
