Penetration file /Users/kristindickerson/03_local-repos/slugheat/inputs/Old_HFData/ReformattedPens/TicoFluxII_rf/hf02_rf/t2h02p05_rf.pen read ...
Split penetration and heat pulse data:
There is a heat pulse record ...

Penetration Record: 6
Heat Pulse Record:  50
End of Data Record: 106

15-Sep-2023 14:27:10 - End of raw data reading and preparation !
==========================================================================


TAP file t2h02p05_rf.tapread ...

Split penetration and heat pulse data:
There is a heat pulse record ...

Penetration Record: 6
Heat Pulse Record:  50
End of Data Record: 106

15-Sep-2023 14:28:15 - End of raw data reading and preparation !
==========================================================================


-------------------------------------------------------------------------------
15-Sep-2023 14:28:51
 - Begin SlugHeat22 PROCESSING
Split penetration and heat pulse data:
There is a heat pulse record ...

Penetration Record: 6
Heat Pulse Record:  50
End of Data Record: 106

These sensors are IGNORED in equilibrium temperature processing: 

These sensors are IGNORED in thermal conductivity processing: 10

-------------------------------------------------------------------------------
15-Sep-2023 14:30:00
 - Begin SlugHeat22 PROCESSING
Split penetration and heat pulse data:
There is a heat pulse record ...

Penetration Record: 6
Heat Pulse Record:  50
End of Data Record: 106

