


>>


>>uid
uid - RBR Geothermal Probe Logging System, #0005302, Version 1.01

>>rap
rap - 

UID  - RBR Geothermal Probe Logging System, #0005302, Version 1.01

TCR  - 950620000641

DPR  - 0005d540

LMR  - DO (sampling OFF, on-line data ON)

SPR  - 10 seconds

HOTR - 20 seconds

HIDR - 30 metres

HRDR - 10 metres

HSDR - 1.0 metres

HSTR - 7 minutes

ACR  - 4489

AFR  - 10 Celsius/second

>>dro
dro - 950620000644 24680 24413 24338 24308 24213 24474 24455 24431 24350 24496 24585 22172 23693 32771 65535 0.00000e+00



>>hotsr 2
hotr 2 - 20 seconds

>>lms eo
lms eo - confirm [Y/N]: y
EO (sampling ON, on-line data ON)

>>950620000720 24548 24321 24242 24221 24133 24371 24361 24346 24269 24420 24516 22211 24013 32771 65535 0.00000e+00

hotser
950620000730 24532 24324 24246 24225 24141 24374 24362 24351 24275 24431 24526 22215 24112 32771 65535 0.00000e+00

hotr - 20 seconds

>>hots 2
950620000740 24535 24333 24254 24234 24146 24379 24368 24356 24283 24445 24539 22230 24208 32771 65535 0.00000e+00

hots 2 - confirm [Y/N]: y
2 seconds

>>950620000750 24537 24335 24256 24235 24148 24377 24367 24350 24281 24446 24537 22258 24299 32771 65535 0.00000e+00

fhp
950620000800 24531 24332 24255 24237 24149 24376 24363 24349 24277 24433 24516 22261 24386 32771 65535 0.00000e+00

fhp - begin heat pulse, duration 2 seconds ? [Y/N]: y
OK

>>950620000810 24532 24342 24265 24244 24159 24381 24367 24358 24290 24447 24520 22254 24468   259 65535 0.00000e+00

950620000820 24531 24345 24279 24263 24178 24394 24377 24368 24296 24449 24521 22246 24546   259 65535 0.00000e+00

950620000830 24523 24350 24291 24276 24192 24406 24393 24384 24316 24466 24532 22257 24619   259 65535 0.00000e+00

950620000840 24538 24378 24321 24307 24230 24436 24420 24411 24345 24497 24556 22287 24688   259 65535 0.00000e+00

950620000850 24579 24429 24370 24358 24284 24485 24472 24465 24399 24552 24610 22326 24754   259 65535 0.00000e+00

950620000900 24619 24461 24408 24399 24320 24527 24517 24508 24447 24598 24656 22353 24816   259 65535 0.00000e+00

950620000910 24647 24491 24440 24432 24349 24559 24550 24539 24480 24641 24696 22366 24875   259 65535 0.00000e+00

950620000920 24677 24523 24474 24469 24378 24597 24589 24575 24518 24680 24731 22375 24931   259 65535 0.00000e+00

950620000930 24704 24550 24502 24501 24406 24634 24628 24614 24556 24719 24773 22385 24984   259 65535 0.00000e+00

950620000940 24720 24567 24524 24525 24423 24667 24663 24646 24588 24752 24809 22381 25035   259 65535 0.00000e+00

950620000950 24729 24570 24526 24528 24421 24670 24666 24648 24587 24747 24807 22374 25083   259 65535 0.00000e+00

950620001000 24733 24576 24533 24533 24422 24671 24666 24647 24587 24751 24804 22362 25128   259 65535 0.00000e+00

950620001010 24734 24573 24534 24535 24424 24674 24668 24653 24600 24768 24820 22361 25172   259 65535 0.00000e+00

950620001020 24716 24552 24516 24521 24407 24654 24650 24633 24590 24766 24827 22357 25213   259 65535 0.00000e+00

950620001030 24698 24536 24496 24501 24384 24631 24625 24611 24573 24754 24820 22347 25253   259 65535 0.00000e+00

lms d
950620001040 24689 24531 24489 24493 24382 24621 24611 24603 24566 24745 24809 22361 25291   259 65535 0.00000e+00

lms d - confirm [Y/N]: y
DO (sampling OFF, on-line data ON)

>>



>>dro
dro - 950620024231 23575 23468 23625 23575 23514 23567 23558 23613 23714 23968 24486 22179 23172 32771 65535 0.00000e+00



>>Timed out waiting for good input: system shut down

