uid
uid - RBR Geothermal Probe Logging System, #0005302, Version 1.01

>>lms d
lms d - confirm [Y/N]: y
DO (sampling OFF, on-line data ON)

>>dro
dro - 950620084258 22400 22163 22080 21999 21887 21833 21716 21630 21620 21575 21430 21373 22316 32771 65535 0.00000e+00



>>rap
rap - 

UID  - RBR Geothermal Probe Logging System, #0005302, Version 1.01

TCR  - 950620084411

DPR  - 0005d888

LMR  - DO (sampling OFF, on-line data ON)

SPR  - 10 seconds

HOTR - 2 seconds

HIDR - 30 metres

HRDR - 10 metres

HSDR - 1.0 metres

HSTR - 7 minutes

ACR  - 4489

AFR  - 10 Celsius/second

>>lms eo
lms eo - confirm [Y/N]: y
EO (sampling ON, on-line data ON)

>>950620084440 21989 21852 21809 21780 21689 21676 21592 21521 21506 21507 21332 21313 22924 32771 65535 0.00000e+00

950620084450 21943 21812 21771 21746 21658 21647 21566 21495 21480 21485 21315 21298 22968 32771 65535 0.00000e+00

fhp
950620084500 21906 21781 21741 21717 21632 21622 21545 21471 21458 21466 21304 21286 23009 32771 65535 0.00000e+00

fhp - begin heat pulse, duration 2 seconds ? [Y/N]: y
OK

>>950620084510 21872 21752 21715 21692 21611 21601 21528 21454 21442 21453 21301 21277 23049   259 65535 0.00000e+00

950620084520 21837 21720 21689 21669 21590 21584 21514 21440 21428 21442 21298 21268 23087   259 65535 0.00000e+00

lms d
lms d - confirm [Y/N]: y
DO (sampling OFF, on-line data ON)

>>hots 0
hots 0 - confirm [Y/N]: y
heat pulses are disabled

>>rap
rap - 

UID  - RBR Geothermal Probe Logging System, #0005302, Version 1.01

TCR  - 950620084538

DPR  - 0005d950

LMR  - DO (sampling OFF, on-line data ON)

SPR  - 10 seconds

HOTR - heat pulses are disabled

HIDR - 30 metres

HRDR - 10 metres

HSDR - 1.0 metres

HSTR - 7 minutes

ACR  - 4489

AFR  - 10 Celsius/second

>>afs 5
afs 5 - confirm [Y/N]: y
5 Celsius/second

>>rap
rap - 

UID  - RBR Geothermal Probe Logging System, #0005302, Version 1.01

TCR  - 950620084600

DPR  - 0005d950

LMR  - DO (sampling OFF, on-line data ON)

SPR  - 10 seconds

HOTR - heat pulses are disabled

HIDR - 30 metres

HRDR - 10 metres

HSDR - 1.0 metres

HSTR - 7 minutes

ACR  - 4489

AFR  - 5 Celsius/second

>>shutdown
shutdown - confirm [Y/N]: y
System shut down




>>


>>uid
uid - RBR Geothermal Probe Logging System, #0005302, Version 1.01

>>dro
dro - 950620164245 27346 27500 29268 29124 28709 29634 29009 28846 29116 27994 28192     0 26359 32771 65535 0.00000e+00



>>rap
rap - 

UID  - RBR Geothermal Probe Logging System, #0005302, Version 1.01

TCR  - 950620164258

DPR  - 0005d950

LMR  - DO (sampling OFF, on-line data ON)

SPR  - 10 seconds

HOTR - heat pulses are disabled

HIDR - 30 metres

HRDR - 10 metres

HSDR - 1.0 metres

HSTR - 7 minutes

ACR  - 4489

AFR  - 5 Celsius/second

>>tcsr
tcr - 950620164314

>>dpc
dpc - confirm [Y/N]: y
00034000

>>lms e
lms e - confirm [Y/N]: y
EO (sampling ON, on-line data ON)

>>950620164350 27499 27638 29249 29116 28763 29395 29004 28858 29034 27991 28171     0 26854 32771 65535 0.00000e+00

950620164400 27520 27655 29244 29114 28766 29361 28999 28859 29014 27976 28158     0 26918 32771 65535 0.00000e+00

950620164410 27536 27668 29239 29109 28768 29326 28994 28858 28993 27959 28133     0 26978 32771 65535 0.00000e+00



950620165730 23944 23770 23857 23850 23777 23702 23715 23677 23727 23852 23895     0 28415 32771 30463 0.00000e+00

950620165740 23992 23807 23896 23888 23817 23747 23765 23734 23799 23945 23993     0 28420 32771 33535 0.00000e+00

950620165750 24125 23946 23955 23969 23910 23794 23819 23795 23885 24042 24090     0 28424 32771 35071 0.00000e+00

950620165800 24050 23881 23971 23962 23914 23844 23855 23835 23955 24130 24166     0 28428 32771 32255 0.00000e+00

950620165810 24070 23923 24015 24007 23935 23870 23911 23873 24025 24226 24236     0 28432 32771 28159 0.00000e+00

950620165820 24099 23947 24046 24039 23990 23917 23959 23909 24094 24309 24299     0 28436 32771 28671 1.38310e+01

950620165830 24127 23970 24073 24068 24008 23939 24000 23953 24155 24389 24359     0 28440 32771 24063 1.38200e+01

950620165840 24155 24002 24106 24103 24044 23975 24038 23992 24204 24447 24383     0 28443 32771 38911 1.38460e+01

950620165850 24307 24112 24156 24148 24114 24014 24082 24028 24233 24456 24388     0 28446 32771 15871 1.38180e+01

950620165900 24323 24066 24154 24149 24083 24030 24093 24022 24214 24445 24368     0 28450 32771 19711 1.38620e+01

950620165910 24229 24072 24174 24167 24095 24042 24087 24031 24216 24439 24353 21505 28453 32771 33279 1.38400e+01

950620165920 24271 24180 24221 24189 24118 24060 24111 24062 24239 24441 24339 21502 28456 32771 36095 1.38320e+01

950620165930 24270 24120 24218 24201 24133 24075 24115 24053 24224 24439 24337 21499 28459 32771 24831 1.38500e+01

950620165940 24290 24139 24238 24222 24145 24092 24127 24055 24219 24425 24330 21502 28462 32771 19711 1.37170e+01

950620165950 24309 24165 24258 24240 24173 24109 24148 24078 24235 24420 24322 21525 28466 32771 29183 1.37670e+01

950620170000 24342 24205 24297 24278 24212 24149 24185 24109 24247 24391 24272 21540 28469 32771 35327 1.37270e+01

950620170010 24351 24207 24307 24295 24219 24171 24198 24122 24242 24363 24211 21548 28472 32771 36095 1.36890e+01

950620170020 24596 24383 24395 24349 24304 24235 24244 24159 24286 24365 24211 21707 28474 32771 27903 1.37280e+01

950620170030 24357 24211 24317 24314 24238 24199 24217 24140 24233 24338 24177 21573 28477 32771 17919 1.36840e+01

950620170040 24346 24207 24313 24311 24240 24199 24213 24133 24222 24323 24160 21575 28480 32771 13311 1.35950e+01

950620170050 24349 24213 24317 24315 24248 24207 24219 24137 24220 24317 24158 21580 28483 32771 36351 1.36160e+01

950620170100 24392 24225 24327 24326 24265 24243 24236 24151 24235 24325 24165 21653 28485 32771 42239 1.36090e+01

950620170110 24378 24236 24340 24340 24284 24236 24241 24160 24239 24318 24157 21584 28488 32771 24831 1.35390e+01

950620170120 24385 24239 24346 24353 24288 24245 24238 24151 24228 24309 24154 21571 28490 32771 34815 1.35770e+01

950620170130 24385 24246 24348 24355 24295 24250 24243 24160 24232 24318 24165 21552 28492 32771 23807 1.35440e+01

950620170140 24540 24392 24421 24510 24301 24302 24267 24180 24269 24341 24160 21676 28494 32771 32511 1.35990e+01




>>


>>950621200510 24308 24189 24249 24295 24214 24229 24166 24074 24056 24188 24004 23004 21019 32771 16383 1.35820e+01

950621200520 24301 24201 24257 24296 24239 24235 24174 24064 24058 24211 24007 22938 21041 32771 15103 1.35660e+01

950621200530 24275 24148 24215 24273 24170 24203 24121 24012 23997 24182 23975 22812 21063 32771 17919 1.35850e+01

950621200540 24218 24091 24169 24220 24137 24170 24102 23989 23987 24180 23975 22783 21084 32771 19455 1.35110e+01

lms d
lms d - confirm [Y/N]: y
DO (sampling OFF, on-line data ON)

>>tcr
tcr - 950621200552

>>drt 950102030405
drt 950102030405 - confirm [Y/N]: y
please wait ... XMODEM ready



XMODEM done

>>shutdown
shutdown - confirm [Y/N]: 
y
System shut down

