


>>


>>rap
rap - 

UID  - RBR Geothermal Probe Logging System, #0005302, Version 1.01

TCR  - 950618211856

DPR  - 00089370

LMR  - DO (sampling OFF, on-line data ON)

SPR  - 10 seconds

HOTR - heat pulses are disabled

HIDR - 30 metres

HRDR - 10 metres

HSDR - 1.0 metres

HSTR - 7 minutes

ACR  - 4489

AFR  - 10 Celsius/second

>>hots 5
hots 5 - confirm [Y/N]: y
5 seconds

>>dro
dro - 950618212054 29918 29918 30432 30390 30448 30329 30493 30563 30681 31273 30922     0 33867 32771 65535 0.00000e+00



>>raspp
rap - 

UID  - RBR Geothermal Probe Logging System, #0005302, Version 1.01

TCR  - 950618212121

DPR  - 00089370

LMR  - DO (sampling OFF, on-line data ON)

SPR  - 10 seconds

HOTR - 5 seconds

HIDR - 30 metres

HRDR - 10 metres

HSDR - 1.0 metres

HSTR - 7 minutes

ACR  - 4489

AFR  - 10 Celsius/second

>>lms eo
lms eo - confirm [Y/N]: y
EO (sampling ON, on-line data ON)

>>950618212150 29920 29932 30511 30421 30467 30339 30500 30567 30697 31286 30945     0 34140 32771 65535 0.00000e+00

950618212200 29925 29935 30524 30426 30471 30344 30503 30570 30703 31292 30952     0 34181 32771 65535 0.00000e+00

950618212210 29934 29939 30538 30430 30475 30349 30507 30575 30708 31290 30955     0 34219 32771 65535 0.00000e+00

950618212220 29943 29943 30551 30434 30480 30354 30510 30580 30714 31292 30962     0 34255 32771 65535 0.00000e+00

950618212230 29952 29948 30563 30438 30485 30359 30514 30586 30720 31301 30970     0 34289 32770 65535 0.00000e+00

950618212240 29962 29954 30573 30442 30489 30364 30518 30591 30726 31309 30976     0 34322 32771 65535 0.00000e+00

950618212250 29969 29958 30583 30447 30493 30367 30522 30596 30731 31318 30983     0 34352 32771 65535 0.00000e+00

950618212300 29976 29963 30593 30453 30497 30370 30524 30600 30736 31327 30989     0 34382 32771 65535 0.00000e+00

950618212310 29983 29968 30603 30459 30501 30374 30527 30605 30743 31334 30994     0 34409 32771 65535 0.00000e+00

950618212320 29985 29972 30611 30463 30504 30378 30530 30610 30746 31338 30998     0 34435 32771 65535 0.00000e+00

950618212330 29990 29975 30618 30467 30509 30383 30534 30614 30750 31342 31002     0 34461 32771 65535 0.00000e+00

950618212340 29995 29979 30624 30472 30513 30388 30537 30619 30755 31349 31007     0 34485 32771 65535 0.00000e+00

950618212350 30003 29987 30632 30480 30519 30393 30541 30624 30759 31356 31011     0 34508 32771 65535 0.00000e+00

fhp
fhp - begin heat pulse, duration 5 seconds ? [Y/N]: y
950618212400 30009 29996 30640 30486 30525 30399 30545 30627 30762 31361 31015     0 34529 32771 65535 0.00000e+00

OK

>>950618212410 33949 33903 33478 32305 33116 32544 32414 33783 33146 32605 31981     0 34550 32771 65535 0.00000e+00

950618212420 33020 32890 33216 32593 33347 33035 32890 33342 33183 33400 32846     0 34571 32771 65535 0.00000e+00

950618212430 31905 31794 32397 32088 32390 32239 32223 32403 32433 32932 32509     0 34594 32771 65535 0.00000e+00

950618212440 31515 31557 32094 31885 32048 31920 31966 32085 32170 32738 32365     0 34623 32771 65535 0.00000e+00

950618212450 31366 31525 31978 31805 31926 31796 31862 31999 32079 32666 32308     0 34657 32771 65535 0.00000e+00

950618212500 31293 31514 31922 31763 31868 31736 31812 32031 32038 32627 32278     0 34694 32771 65535 0.00000e+00

950618212510 31242 31490 31883 31734 31829 31697 31784 32150 32009 32601 32254     0 34732 32771 65535 0.00000e+00

950618212520 31199 31459 31851 31707 31794 31666 31762 32336 31983 32559 32223     0 34769 32771 65535 0.00000e+00

950618212530 31158 31424 31822 31682 31767 31640 31738 32553 31957 32521 32190     0 34805 32771 65535 0.00000e+00

950618212540 31120 31389 31796 31656 31742 31616 31715 32769 31936 32491 32156     0 34838 32771 65535 0.00000e+00

950618212550 31086 31357 31772 31631 31718 31595 31696 32938 31921 32457 32130     0 34870 32771 65535 0.00000e+00

950618212600 31049 31325 31749 31606 31696 31576 31681 33053 31908 32422 32107     0 34899 32771 65535 0.00000e+00

950618212610 31005 31289 31719 31579 31671 31553 31657 33103 31893 32389 32086     0 34926 32771 65535 0.00000e+00

950618212620 30969 31254 31688 31554 31646 31528 31630 33117 31877 32366 32069     0 34951 32771 65535 0.00000e+00

950618212630 30937 31223 31661 31531 31626 31508 31606 33117 31858 32345 32050     0 34974 32771 65535 0.00000e+00

950618212640 30908 31194 31634 31508 31605 31489 31584 33109 31846 32330 32036     0 34995 32771 65535 0.00000e+00

950618212650 30877 31165 31609 31486 31586 31473 31564 33091 31834 32317 32023     0 35015 32771 65535 0.00000e+00

950618212700 30847 31137 31586 31466 31566 31456 31544 33068 31824 32307 32014     0 35032 32771 65535 0.00000e+00

950618212710 30822 31113 31564 31447 31548 31439 31526 33043 31818 32295 32009     0 35049 32771 65535 0.00000e+00

950618212720 30798 31090 31545 31429 31532 31423 31508 33011 31809 32278 31999     0 35064 32771 65535 0.00000e+00

950618212730 30770 31065 31525 31412 31515 31407 31491 32974 31797 32257 31978     0 35078 32771 65535 0.00000e+00

950618212740 30741 31039 31503 31393 31496 31388 31472 32936 31785 32242 31958     0 35091 32771 65535 0.00000e+00

950618212750 30718 31013 31484 31376 31478 31367 31454 32899 31767 32225 31939     0 35102 32771 65535 0.00000e+00

950618212800 30695 30991 31466 31359 31460 31349 31437 32864 31749 32210 31924     0 35113 32771 65535 0.00000e+00

950618212810 30673 30969 31449 31344 31444 31331 31420 32823 31733 32197 31913     0 35123 32771 65535 0.00000e+00

950618212820 30655 30948 31432 31329 31429 31315 31405 32784 31723 32184 31904     0 35132 32770 65535 0.00000e+00

950618212830 30639 30929 31416 31315 31415 31302 31391 32744 31712 32171 31892     0 35141 32771 65535 0.00000e+00

950618212840 30623 30911 31401 31302 31401 31291 31378 32704 31700 32158 31882     0 35149 32771 65535 0.00000e+00

hotr 950618212850 30612 30894 31386 31288 31389 31279 31366 32663 31686 32147 31869     0 35156 32771 65535 0.00000e+00

2
hotr 2 - 5 seconds

>>hotrs 2
950618212900 30600 30879 31372 31276 31376 31265 31353 32623 31676 32128 31855     0 35163 32771 65535 0.00000e+00

hots 2 - confirm [Y/N]: y
2 seconds

>>rap
rap - 

UID  - RBR Geothermal Probe Logging System, #0005302, Version 1.01

TCR  - 950618212907

DPR  - 00089a50

LMR  - EO (sampling ON, on-line data ON)

SPR  - 10 seconds

HOTR - 2 seconds

HIDR - 30 metres

HRDR - 10 metres

HSDR - 1.0 metres

HSTR - 7 minutes

ACR  - 4489

AFR  - 10 Celsius/second

>>950618212910 30583 30862 31357 31262 31363 31252 31340 32589 31667 32100 31835     0 35169 32771 65535 0.00000e+00

950618212920 30567 30844 31342 31249 31349 31237 31327 32553 31657 32074 31814     0 35175 32771 65535 0.00000e+00

fh950618212930 30547 30824 31324 31233 31334 31220 31314 32516 31646 32049 31793     0 35181 32771 65535 0.00000e+00

p
fhp - begin heat pulse, duration 2 seconds ? [Y/N]: y
950618212940 30533 30806 31306 31219 31318 31204 31301 32476 31633 32021 31772     0 35186 32771 65535 0.00000e+00

OK

>>950618212950 32374 32694 32684 32140 32692 32317 32368 33947 32844 32727 32361     0 35191 32771 65535 0.00000e+00

950618213000 31608 31815 32225 31986 32330 32170 32154 33395 32504 32743 32437     0 35195 32771 65535 0.00000e+00

950618213010 31215 31434 31926 31792 31977 31859 31901 33030 32230 32552 32292     0 35202 32771 65535 0.00000e+00

950618213020 31069 31298 31806 31708 31843 31730 31795 32882 32132 32465 32225     0 35211 32771 65535 0.00000e+00

950618213030 31007 31236 31749 31664 31785 31672 31743 32804 32088 32416 32186     0 35222 32771 65535 0.00000e+00

950618213040 30970 31197 31713 31635 31752 31637 31708 32745 32058 32376 32152     0 35234 32771 65535 0.00000e+00

950618213050 30939 31167 31684 31607 31715 31603 31680 32693 32029 32336 32118     0 35246 32771 65535 0.00000e+00

950618213100 30907 31139 31655 31580 31685 31575 31655 32652 32008 32302 32091     0 35258 32771 65535 0.00000e+00

950618213110 30878 31114 31629 31556 31660 31551 31632 32613 31987 32272 32064     0 35270 32771 65535 0.00000e+00

950618213120 30851 31089 31602 31532 31637 31528 31611 32575 31966 32245 32037     0 35281 32771 65535 0.00000e+00

950618213130 30824 31065 31576 31509 31615 31505 31591 32538 31944 32215 32005     0 35291 32771 65535 0.00000e+00

fhp 
fhp  - begin heat pulse, duration 2 seconds ? [Y/N]: y950618213140 30801 31042 31553 31487 31595 31483 31572 32498 31917 32182 31972     0 35300 32771 65535 0.00000e+00


OK

>>950618213150 32000 32130 32326 31950 32229 32020 31914 33390 32526 32377 32103     0 35308 32771 65535 0.00000e+00

950618213200 32064 32264 32608 32329 32765 32559 32523 33589 32903 32956 32665     0 35317 32771 65535 0.00000e+00

950618213210 31523 31728 32209 32081 32309 32180 32197 33115 32531 32719 32484     0 35326 32771 65535 0.00000e+00

950618213220 31317 31543 32042 31966 32123 32003 32054 32928 32383 32602 32388     0 35336 32771 65535 0.00000e+00

950618213230 31228 31465 31964 31906 32040 31922 31985 32839 32320 32543 32335     0 35348 32771 65535 0.00000e+00

950618213240 31178 31418 31916 31865 31993 31877 31943 32783 32279 32508 32296     0 35362 32771 65535 0.00000e+00

950618213250 31141 31383 31880 31834 31957 31842 31910 32735 32246 32477 32260     0 35375 32771 65535 0.00000e+00

950618213300 31108 31350 31849 31806 31928 31809 31881 32691 32212 32452 32229     0 35388 32771 65535 0.00000e+00

950618213310 31076 31318 31818 31778 31901 31780 31854 32648 32180 32418 32195     0 35401 32771 65535 0.00000e+00

950618213320 31041 31287 31788 31751 31874 31748 31827 32608 32151 32379 32162     0 35412 32771 65535 0.00000e+00

950618213330 31008 31256 31759 31724 31846 31719 31801 32570 32125 32344 32131     0 35422 32771 65535 0.00000e+00

950618213340 30977 31226 31730 31697 31818 31691 31776 32534 32101 32311 32101     0 35431 32771 65535 0.00000e+00

950618213350 30948 31198 31703 31673 31792 31668 31752 32498 32079 32280 32074     0 35440 32771 65535 0.00000e+00

950618213400 30918 31169 31677 31648 31767 31645 31728 32464 32056 32251 32049     0 35447 32771 65535 0.00000e+00

950618213410 30888 31140 31651 31624 31742 31625 31706 32431 32032 32223 32024     0 35454 32771 65535 0.00000e+00

950618213420 30858 31112 31625 31599 31718 31601 31685 32399 32010 32195 32001     0 35460 32771 65535 0.00000e+00

950618213430 30824 31083 31598 31575 31694 31578 31663 32367 31991 32166 31979     0 35465 32771 65535 0.00000e+00

950618213440 30793 31054 31572 31550 31670 31557 31642 32335 31972 32139 31955     0 35470 32771 65535 0.00000e+00

950618213450 30764 31027 31547 31527 31648 31536 31624 32304 31950 32112 31931     0 35474 32771 65535 0.00000e+00

950618213500 30740 31001 31523 31505 31626 31514 31604 32274 31927 32087 31907     0 35477 32771 65535 0.00000e+00

950618213510 30717 30976 31500 31484 31605 31495 31585 32246 31907 32060 31884     0 35480 32771 65535 0.00000e+00

950618213520 30695 30953 31478 31463 31585 31474 31567 32219 31887 32034 31862     0 35483 32771 65535 0.00000e+00

950618213530 30675 30931 31457 31443 31566 31457 31551 32192 31869 32008 31840     0 35485 32771 65535 0.00000e+00

950618213540 30656 30910 31437 31425 31548 31439 31535 32165 31850 31979 31816     0 35487 32771 65535 0.00000e+00

950618213550 30639 30890 31417 31407 31529 31420 31519 32137 31830 31953 31790     0 35488 32771 65535 0.00000e+00

950618213600 30623 30871 31399 31390 31512 31401 31503 32112 31812 31929 31768     0 35490 32771 65535 0.00000e+00

950618213610 30608 30853 31381 31373 31494 31384 31483 32086 31796 31913 31749     0 35490 32771 65535 0.00000e+00

950618213620 30594 30836 31364 31357 31477 31366 31465 32061 31780 31893 31730     0 35491 32771 65535 0.00000e+00

950618213630 30580 30820 31349 31342 31461 31350 31449 32037 31763 31869 31712     0 35492 32771 65535 0.00000e+00

950618213640 30572 30806 31334 31327 31446 31335 31436 32014 31747 31846 31695     0 35493 32771 65535 0.00000e+00

950618213650 30564 30794 31322 31315 31434 31323 31423 31991 31732 31826 31680     0 35493 32771 65535 0.00000e+00

950618213700 30556 30782 31310 31303 31422 31311 31410 31969 31719 31811 31667     0 35494 32771 65535 0.00000e+00

950618213710 30547 30770 31298 31291 31411 31301 31398 31949 31705 31793 31651     0 35494 32771 65535 0.00000e+00

950618213720 30535 30755 31282 31276 31396 31285 31386 31926 31690 31773 31636     0 35494 32771 65535 0.00000e+00

950618213730 30518 30738 31262 31256 31377 31264 31372 31901 31675 31751 31620     0 35494 32771 65535 0.00000e+00

950618213740 30501 30719 31239 31235 31352 31234 31355 31871 31661 31731 31605     0 35494 32771 65535 0.00000e+00

950618213750 30483 30701 31219 31215 31326 31211 31339 31840 31643 31708 31585     0 35494 32771 65535 0.00000e+00

950618213800 30465 30684 31201 31198 31305 31190 31325 31815 31622 31687 31565     0 35494 32771 65535 0.00000e+00

950618213810 30446 30667 31184 31181 31287 31170 31312 31793 31601 31671 31549     0 35494 32771 65535 0.00000e+00

950618213820 30429 30652 31168 31166 31270 31153 31298 31769 31580 31653 31532     0 35494 32771 65535 0.00000e+00

950618213830 30415 30639 31154 31152 31255 31138 31287 31750 31562 31634 31514     0 35494 32771 65535 0.00000e+00

950618213840 30401 30628 31142 31141 31244 31127 31276 31732 31544 31615 31497     0 35494 32771 65535 0.00000e+00

950618213850 30388 30616 31132 31130 31232 31114 31266 31714 31524 31593 31476     0 35494 32771 65535 0.00000e+00

950618213900 30379 30606 31121 31119 31221 31102 31256 31697 31507 31568 31455     0 35494 32771 65535 0.00000e+00

950618213910 30374 30598 31112 31110 31210 31092 31246 31678 31492 31547 31436     0 35494 32771 65535 0.00000e+00

950618213920 30372 30591 31104 31102 31201 31082 31237 31661 31479 31528 31419     0 35493 32771 65535 0.00000e+00

950618213930 30368 30584 31097 31094 31191 31074 31228 31645 31466 31514 31404     0 35493 32771 65535 0.00000e+00

950618213940 30366 30577 31091 31087 31183 31066 31221 31631 31457 31502 31395     0 35493 32771 65535 0.00000e+00

950618213950 30365 30571 31085 31082 31175 31059 31214 31619 31451 31495 31390     0 35493 32771 65535 0.00000e+00

950618214000 30362 30565 31080 31075 31168 31049 31207 31605 31441 31484 31381     0 35493 32771 65535 0.00000e+00

950618214010 30358 30558 31072 31068 31161 31041 31201 31593 31432 31471 31372     0 35493 32771 65535 0.00000e+00

950618214020 30353 30550 31065 31061 31153 31033 31195 31582 31424 31463 31365     0 35494 32771 65535 0.00000e+00

950618214030 30348 30542 31058 31054 31146 31027 31188 31571 31417 31457 31360     0 35494 32771 65535 0.00000e+00

950618214040 30342 30533 31050 31046 31138 31021 31183 31560 31412 31456 31357     0 35494 32771 65535 0.00000e+00

950618214050 30335 30524 31041 31037 31130 31012 31177 31550 31407 31458 31356     0 35494 32771 65535 0.00000e+00

950618214100 30330 30517 31032 31028 31120 31003 31170 31538 31400 31450 31350     0 35494 32771 65535 0.00000e+00

950618214110 30320 30505 31021 31017 31110 30991 31163 31526 31394 31438 31343     0 35494 32771 65535 0.00000e+00

950618214120 30317 30493 31012 31007 31100 30978 31156 31509 31384 31430 31337     0 35495 32771 65535 0.00000e+00

950618214130 30306 30477 30999 30994 31089 30966 31147 31493 31372 31422 31328     0 35495 32771 65535 0.00000e+00

950618214140 30300 30464 30984 30981 31077 30954 31139 31479 31359 31412 31316     0 35495 32771 65535 0.00000e+00

950618214150 30295 30456 30973 30970 31066 30944 31135 31471 31348 31393 31301     0 35496 32771 65535 0.00000e+00

950618214200 30290 30448 30963 30960 31057 30937 31134 31469 31340 31375 31289     0 35496 32771 65535 0.00000e+00

950618214210 30285 30442 30955 30952 31049 30932 31135 31471 31337 31362 31281     0 35496 32771 65535 0.00000e+00

950618214220 30282 30436 30948 30945 31042 30928 31137 31474 31334 31350 31271     0 35497 32771 65535 0.00000e+00

950618214230 30282 30432 30943 30940 31037 30925 31138 31474 31329 31340 31264     0 35497 32771 65535 0.00000e+00

950618214240 30283 30429 30938 30935 31032 30922 31139 31474 31325 31328 31256     0 35497 32771 65535 0.00000e+00

950618214250 30282 30425 30933 30930 31027 30918 31140 31474 31321 31316 31245     0 35498 32771 65535 0.00000e+00

950618214300 30279 30421 30929 30925 31024 30916 31139 31471 31316 31303 31235     0 35499 32771 65535 0.00000e+00

950618214310 30275 30416 30925 30921 31019 30913 31136 31464 31306 31287 31220     0 35499 32771 65535 0.00000e+00

950618214320 30273 30413 30922 30918 31014 30911 31133 31456 31295 31278 31208     0 35500 32771 65535 0.00000e+00

950618214330 30271 30410 30920 30915 31010 30908 31129 31447 31284 31270 31197     0 35500 32771 65535 0.00000e+00

950618214340 30265 30406 30916 30912 31005 30904 31125 31439 31275 31260 31188     0 35501 32771 65535 0.00000e+00

950618214350 30261 30403 30914 30909 31001 30899 31120 31429 31265 31248 31180     0 35501 32771 65535 0.00000e+00

fhp
fhp - begin heat pulse, duration 2 seconds ? [Y/N]: y
950618214400 30258 30402 30912 30906 30997 30896 31116 31417 31254 31238 31171     0 35502 32771 65535 0.00000e+00

OK

>>950618214410 32111 32307 32306 31841 32382 32018 32192 32924 32470 31970 31776     0 35503 32771 65535 0.00000e+00

950618214420 31352 31444 31861 31697 32028 31881 31984 32394 32134 31993 31859     0 35504 32771 65535 0.00000e+00

950618214430 30965 31076 31573 31511 31685 31579 31739 32064 31866 31812 31721     0 35506 32770 65535 0.00000e+00

950618214440 30825 30954 31463 31435 31557 31455 31641 31946 31770 31739 31664     0 35511 32771 65535 0.00000e+00

950618214450 30765 30905 31416 31400 31505 31401 31596 31895 31727 31705 31635     0 35518 32770 65535 0.00000e+00

950618214500 30733 30879 31389 31378 31476 31372 31568 31863 31702 31680 31615     0 35526 32771 65535 0.00000e+00

950618214510 30708 30859 31370 31360 31456 31352 31546 31839 31683 31656 31595     0 35534 32771 65535 0.00000e+00

950618214520 30686 30841 31353 31344 31438 31332 31526 31818 31666 31635 31576     0 35542 32771 65535 0.00000e+00

950618214530 30669 30827 31337 31328 31421 31314 31507 31791 31649 31614 31558     0 35550 32771 65535 0.00000e+00

950618214540 30651 30812 31322 31312 31402 31294 31490 31769 31630 31595 31542     0 35557 32771 65535 0.00000e+00

950618214550 30638 30800 31309 31297 31385 31277 31472 31744 31611 31577 31527     0 35564 32771 65535 0.00000e+00

950618214600 30624 30787 31297 31284 31372 31263 31457 31723 31593 31559 31510     0 35569 32771 65535 0.00000e+00

950618214610 30613 30774 31284 31272 31360 31251 31443 31700 31576 31541 31493     0 35575 32770 65535 0.00000e+00

950618214620 30603 30763 31273 31261 31350 31241 31431 31675 31561 31524 31476     0 35580 32771 65535 0.00000e+00

950618214630 30589 30751 31261 31250 31336 31225 31417 31653 31545 31507 31459     0 35584 32771 65535 0.00000e+00

950618214640 30578 30741 31251 31240 31325 31213 31402 31632 31531 31493 31445     0 35588 32771 65535 0.00000e+00

950618214650 30570 30730 31241 31233 31317 31206 31392 31617 31523 31474 31433     0 35591 32771 65535 0.00000e+00

950618214700 30559 30720 31232 31226 31311 31201 31384 31605 31516 31459 31424     0 35595 32771 65535 0.00000e+00

950618214710 30547 30709 31222 31219 31305 31199 31376 31595 31511 31446 31414     0 35597 32771 65535 0.00000e+00

lms d
lms d - confirm [Y/N]: y
DO (sampling OFF, on-line data ON)

>>trying spare 3.5 m chain

trying spare  - bad command

>>lms  eo
lms  eo - confirm [Y/N]: y
EO (sampling ON, on-line data ON)

>>950618215040 32513 32636 32046 32936 31837 32452 32006 32507 32020 32547 32170     0 35604 32771 65535 0.00000e+00

ho950618215050 32494 32556 32007 32840 31807 32415 31951 32454 31986 32530 32139     0 35604 32771 65535 0.00000e+00

tsr
hotr - 2 seconds

>>950618215100 32476 32484 31968 32749 31778 32378 31903 32407 31952 32512 32108     0 35603 32771 65535 0.00000e+00

950618215110 32457 32416 31927 32661 31752 32346 31854 32361 31920 32493 32078     0 35603 32771 65535 0.00000e+00

950618215120 32496 32367 31933 32611 31767 32347 31836 32374 31922 32483 32061     0 35602 32771 65535 0.00000e+00

950618215130 32578 32351 31998 32615 31798 32366 31852 32432 31946 32483 32054     0 35602 32771 65535 0.00000e+00

950618215140 32647 32344 32062 32607 31816 32374 31879 32478 31963 32486 32050     0 35601 32771 65535 0.00000e+00

950618215150 32697 32332 32111 32598 31829 32375 31902 32507 31974 32488 32051     0 35601 32771 65535 0.00000e+00

fhp
950618215200 32775 32325 32157 32608 31855 32390 31936 32600 31993 32495 32054     0 35601 32771 65535 0.00000e+00


fhp - begin heat pulse, duration 2 seconds ? [Y/N]: y950618215210 32784 32306 32220 32581 31882 32404 31972 32592 32006 32501 32040     0 35601 32771 65535 0.00000e+00


OK

>>950618215220 32789 32284 32302 32557 31914 32410 32003 32580 32025 32504 32031     0 35600   259 65535 0.00000e+00

950618215230 32791 32264 32381 32534 31947 32412 32033 32571 32047 32504 32024     0 35600   259 65535 0.00000e+00




>>


>>fhp
950618215240 32847 32248 32436 32519 31973 32412 32061 32579 32075 32511 32025     0 35600   259 65535 0.00000e+00

fhp - begin heat pulse, duration 2 seconds ? [Y/N]: y
OK

>>950618215250 32953 32237 32486 32509 32001 32420 32099 32591 32104 32517 32029     0 35600   259 65535 0.00000e+00

950618215300 32980 32229 32521 32493 32030 32428 32137 32591 32129 32524 32031     0 35600   259 65535 0.00000e+00

950618215310 33894 32232 32539 32536 32077 32497 32167 33543 32172 32629 32069     0 35601   259 65535 0.00000e+00

950618215320 33794 32237 32589 32586 32108 32592 32211 33354 32227 32700 32080     0 35601   259 65535 0.00000e+00

950618215330 33582 32251 32667 32658 32159 32714 32288 33502 32311 32751 32115     0 35602   259 65535 0.00000e+00

950618215340 33428 32256 32702 32706 32200 32801 32395 33492 32400 32800 32165     0 35602   259 65535 0.00000e+00

950618215350 33353 32253 32725 32727 32243 32843 32438 33354 32439 32844 32212     0 35602   259 65535 0.00000e+00

950618215400 33388 32245 32692 32715 32259 32852 32440 33237 32448 32878 32237     0 35603   259 65535 0.00000e+00

950618215410 33401 32222 32668 32675 32284 32857 32432 33145 32417 32903 32233     0 35603   259 65535 0.00000e+00

950618215420 33394 32209 32678 32646 32312 32861 32429 33093 32390 32929 32210     0 35604   259 65535 0.00000e+00

950618215430 33393 32203 32693 32634 32329 32855 32426 33073 32381 32950 32191     0 35604   259 65535 0.00000e+00

950618215440 33425 32204 32727 32654 32342 32850 32440 33081 32384 32974 32180     0 35605   259 65535 0.00000e+00

950618215450 33447 32208 32757 32676 32350 32850 32450 33083 32383 33000 32168     0 35606   259 65535 0.00000e+00

950618215500 33436 32211 32770 32688 32356 32847 32450 33078 32377 33020 32155     0 35607   259 65535 0.00000e+00

950618215510 33469 32206 32773 32686 32353 32859 32438 33109 32364 33048 32131     0 35607   259 65535 0.00000e+00

950618215520 33408 32191 32772 32638 32341 32848 32408 33036 32333 33062 32107     0 35608   259 65535 0.00000e+00

950618215530 33358 32177 32770 32611 32333 32832 32383 33013 32317 33072 32090     0 35609   259 65535 0.00000e+00

950618215540 33321 32173 32785 32615 32328 32824 32379 33039 32310 33089 32078     0 35610   259 65535 0.00000e+00

950618215550 33294 32177 32788 32626 32333 32829 32383 33054 32309 33103 32076     0 35611   259 65535 0.00000e+00

950618215600 33430 32221 32800 32719 32347 32875 32447 33162 32308 33152 32162     0 35612   259 65535 0.00000e+00

hotrfhp
950618215610 33521 32266 32799 32766 32347 32886 32485 33149 32317 33206 32300     0 35614   259 65535 0.00000e+00

fhp - begin heat pulse, duration 2 seconds ? [Y/N]: y
OK

>>950618215620 34655 33702 33477 33327 32839 33123 32545 33147 32404 33289 32608     0 35615 32770 65535 0.00000e+00

950618215630 38361 37858 36325 36289 35224 35627 34276 34663 33875 35091 34377     0 35617 32771 65535 0.00000e+00

950618215640 38815 38216 36980 37005 35833 36440 35631 35815 35017 36235 35009     0 35620 32771 65535 0.00000e+00

950618215650 38594 38046 37029 37057 35856 36670 36206 36258 35958 36643 35260     0 35625 32771 65535 0.00000e+00

950618215700 38193 37741 36833 36911 35739 36609 36383 36313 36261 36688 35317     0 35633 32771 65535 0.00000e+00

950618215710 37808 37416 36551 36701 35611 36450 36211 36320 36108 36577 35266     0 35641 32771 65535 0.00000e+00

950618215720 37324 37127 36239 36444 35462 36280 35925 36184 35821 36450 35205     0 35651 32771 65535 0.00000e+00

950618215730 36921 36842 35924 36207 35308 36110 35647 36090 35580 36328 35120     0 35661 32771 65535 0.00000e+00

950618215740 36542 36572 35624 35987 35149 35938 35408 35982 35359 36200 35018     0 35670 32771 65535 0.00000e+00

950618215750 36242 36321 35376 35793 34994 35778 35188 35881 35162 36072 34912     0 35678 32770 65535 0.00000e+00

950618215800 35994 36088 35196 35596 34866 35610 35044 35807 35038 35979 34801     0 35686 32771 65535 0.00000e+00

950618215810 35740 35892 35022 35441 34752 35478 34959 35700 34957 35852 34710     0 35694 32771 65535 0.00000e+00

950618215820 35498 35717 34865 35301 34651 35347 34879 35600 34864 35729 34618     0 35700 32771 65535 0.00000e+00

950618215830 35312 35553 34749 35180 34545 35231 34787 35514 34774 35620 34535     0 35706 32771 65535 0.00000e+00

950618215840 35142 35401 34635 35067 34447 35116 34706 35388 34690 35503 34452     0 35712 32770 65535 0.00000e+00

950618215850 34948 35248 34493 34932 34343 34998 34660 35242 34588 35383 34359     0 35716 32771 65535 0.00000e+00

950618215900 34807 35106 34364 34816 34267 34893 34728 35128 34501 35272 34274     0 35720 32771 65535 0.00000e+00

950618215910 34674 34955 34191 34649 34163 34756 34506 34922 34388 35152 34219     0 35724 32771 65535 0.00000e+00

950618215920 34549 34795 34007 34482 34053 34633 34321 34780 34276 35038 34147     0 35728 32771 65535 0.00000e+00

950618215930 34453 34642 33867 34339 33951 34523 34184 34657 34162 34930 34070     0 35730 32771 65535 0.00000e+00

950618215940 34339 34499 33799 34223 33875 34418 34072 34554 34042 34816 33980     0 35733 32771 65535 0.00000e+00

950618215950 34228 34362 33714 34100 33813 34317 33956 34418 33924 34705 33881     0 35735 32771 65535 0.00000e+00

950618220000 34130 34235 33649 33986 33744 34220 33842 34302 33819 34599 33795     0 35736 32770 65535 0.00000e+00

950618220010 34033 34115 33585 33878 33671 34123 33723 34187 33722 34498 33714     0 35738 32771 65535 0.00000e+00

950618220020 33928 33999 33523 33772 33597 34027 33608 34092 33629 34400 33637     0 35740 32771 65535 0.00000e+00

950618220030 33834 33890 33463 33678 33531 33942 33511 33995 33545 34307 33564     0 35740 32771 65535 0.00000e+00

950618220040 33730 33788 33406 33590 33469 33858 33418 33895 33465 34215 33491     0 35741 32771 65535 0.00000e+00

fhp
950618220050 33652 33691 33353 33506 33405 33773 33317 33815 33390 34128 33423     0 35742 32771 65535 0.00000e+00

fhp - begin heat pulse, duration 2 seconds ? [Y/N]: y
950618220100 33578 33597 33287 33425 33340 33693 33221 33735 33317 34044 33356     0 35743 32771 65535 0.00000e+00

OK

>>950618220110 36407 36983 35184 35045 34641 34862 33542 33968 33661 34274 34075     0 35743 32771 65535 0.00000e+00

950618220120 38534 39041 36998 37031 36274 36900 35280 35589 35050 35925 35222     0 35744 32771 65535 0.00000e+00

lms d
950618220130 38663 38965 37253 37454 36576 37359 36000 36415 35656 36758 35547     0 35747 32771 65535 0.00000e+00

lms d - confirm [Y/N]: y
DO (sampling OFF, on-line data ON)

>>Timed out waiting for good input: system shut down

tilt testigng
ilt testing - bad command

>>


>>


>>lms eo
lms eo - confirm [Y/N]: y
EO (sampling ON, on-line data ON)

>>950618221840     0     0     0     0     0     0     0     0     0     0     0     0 34110 32771 65535 0.00000e+00

950618221850     0     0     0     0     0     0     0     0     0     0     0     0 34146 32771 65535 0.00000e+00

lms950618221900     0     0     0     0     0     0     0     0     0     0     0     0 34225 32771 65535 0.00000e +00

d
lms d - confirm [Y/N]: y
DO (sampling OFF, on-line data ON)

>>lms eo
lms eo - confirm [Y/N]: y
EO (sampling ON, on-line data ON)

>>950618222320     0     0     0     0     0     0     0     0     0     0     0     0 35244 32771 65535 0.00000e+00

950618222330     0     0     0     0     0     0     0     0     0     0     0     0 35255 32771 65535 0.00000e+00

950618222340     0     0     0     0     0     0     0     0     0     0     0     0 35185 32771 18204 0.00000e+00

950618222350     0     0     0     0     0     0     0     0     0     0     0     0 35207 32771  5926 0.00000e+00

950618222400     0     0     0     0     0     0     0     0     0     0     0     0 35271 32771 34018 0.00000e+00

950618222410     0     0     0     0     0     0     0     0     0     0     0     0 35181 32771  8191 0.00000e+00

950618222420     0     0     0     0     0     0     0     0     0     0     0     0 35264 32771 65535 0.00000e+00

lms d
950618222430     0     0     0     0     0     0     0     0     0     0     0     0 35304 32771 65535 0.00000e+00

lms d - confirm [Y/N]: y
DO (sampling OFF, on-line data ON)

>>Timed out waiting for good input: system shut down

testing 2.5 m probe
esting 2.5 m probe - bad command

>>


>>


>>dro
dro - 950618231237     0 28613 28642 28566 28877 29096 29790 29985 30595 31124 31373     0 32595 32771 65535 0.00000e+00



>>Timed out waiting for good input: system shut down

dro
ro - bad command

>>dro
dro - 950618232314 28899 28929 28935 29137 29391 29168 29291 29417 29653 29957 30191     0 32645 32771 65535 0.00000e+00



>>Timed out waiting for good input: system shut down





>>dro
dro - 950618233553 29517 29212 29258 29329 29647 29539 29687 29668 29767 29952 30389     0 32526 32772 65535 0.00000e+00



>>Timed out waiting for good input: system shut down

dro


>>


>>dro
dro - 950618234313     0 29406 29427 29606 29907 29669 29687 29704 29920 30190 30519     0 33672 32771 65535 0.00000e+00



>>


>>


>>dro
dro - 950618234709 29483 29319 29367 29652 29631 29596 29710 29713 29828 30086 30941     0 34677 32771 65535 0.00000e+00



>>Timed out waiting for good input: system shut down




>>


>>dro
dro - 950619005336 28652 27171 27041 27007 27322 27312 27366 27434 27728 27783 27896     0 30902 32771 65535 0.00000e+00



>>Timed out waiting for good input: system shut down





>>


>>dro
dro - 950619011330     0     0     0     0     0     0     0     0     0     0     0     0 30730 32771 65535 0.00000e+00



>>


>>


>>dro
dro - 950619011343     0     0     0     0     0     0     0     0     0     0     0     0 30791 32771 65535 0.00000e+00



>>dro
dro - 950619011401 27831 27764 27824 27822 28063 28089 28089 28078 28276 28410 28658     0 30947 32771 65535 0.00000e+00



>>Timed out waiting for good input: system shut down







>>


>>


>>dro
dro - 950619015903 28234 27994 27869 27750 28118 28334 28117 27834 27941 28050 28189     0 30677 32771 65535 0.00000e+00



>>rap
rap - 

UID  - RBR Geothermal Probe Logging System, #0005302, Version 1.01

TCR  - 950619015916

DPR  - 0008b760

LMR  - DO (sampling OFF, on-line data ON)

SPR  - 10 seconds

HOTR - 2 seconds

HIDR - 30 metres

HRDR - 10 metres

HSDR - 1.0 metres

HSTR - 7 minutes

ACR  - 4489

AFR  - 10 Celsius/second

>>fhlms eo
lms eo - confirm [Y/N]: y
EO (sampling ON, on-line data ON)

>>950619015930 28237 28005 27879 27758 28122 28338 28130 27857 27966 28073 28213     0 30886 32771 65535 0.00000e+00

950619015940 28240 28011 27885 27762 28125 28341 28136 27864 27973 28079 28218     0 30968 32771 65535 0.00000e+00

fhp
fhp - begin heat pulse, duration 2 seconds ? [Y/N]: y
OK

>>950619015950 30128 29127 28893 28113 28551 28731 28292 27923 28183 28221 28259     0 31048 32771 65535 0.00000e+00

950619020000 32124 30995 30687 29889 30477 30228 29844 29137 29676 29241 29015     0 31123 32771 65535 0.00000e+00

950619020010 31125 30429 30289 29801 30388 30063 29785 29331 29605 29340 29091     0 31193 32771 65535 0.00000e+00

950619020020 30264 29848 29781 29445 29983 29720 29481 29139 29297 29157 28997     0 31261 32771 65535 0.00000e+00

950619020030 29709 29444 29398 29139 29632 29456 29239 28933 29046 28984 28915     0 31325 32771 65535 0.00000e+00

rlms950619020040 29367 29175 29131 28918 29374 29276 29076 28782 28878 28867 28864     0 31386 32771 65535 0.00000e+00

 d
lms d - confirm [Y/N]: y
DO (sampling OFF, on-line data ON)

>>


>>


>>dro
dro - 950619021134 28369 28334 28283 28210 28427 28452 28437 28346 29264 28975 28883     0 30808 32771 65535 0.00000e+00



>>



>>dro
dro - 950619025201 31808 33057 29805 29288 29302 29327 29508 29258 29196 29214 29347     0 30300 32771 65535 0.00000e+00



>>rap
rap - 

UID  - RBR Geothermal Probe Logging System, #0005302, Version 1.01

TCR  - 950619025248

DPR  - 0008b8a0

LMR  - DO (sampling OFF, on-line data ON)

SPR  - 10 seconds

HOTR - 2 seconds

HIDR - 30 metres

HRDR - 10 metres

HSDR - 1.0 metres

HSTR - 7 minutes

ACR  - 4489

AFR  - 10 Celsius/second

>>shutdown
shutdown - confirm [Y/N]: y
System shut down





>>rap
rap - 

UID  - RBR Geothermal Probe Logging System, #0005302, Version 1.01

TCR  - 950619031620

DPR  - 0008b8a0

LMR  - DO (sampling OFF, on-line data ON)

SPR  - 10 seconds

HOTR - 2 seconds

HIDR - 30 metres

HRDR - 10 metres

HSDR - 1.0 metres

HSTR - 7 minutes

ACR  - 4489

AFR  - 10 Celsius/second

>>dro
dro - 950619031621 23879 23671 23667 23869 24009 24099 23934 23640 23342 23104 23324     0 29481 32771 65535 0.00000e+00



>>lms eo
lms eo - confirm [Y/N]: y
EO (sampling ON, on-line data ON)

>>950619031640 23841 23718 23713 23921 24118 24211 23969 23637 23273 23104 23436     0 29584 32771 65535 0.00000e+00

950619031650 23907 23790 23790 23981 24151 24175 23906 23578 23281 23157 23491     0 29664 32771 65535 0.00000e+00

950619031700 23907 23780 23786 23952 24096 24095 23846 23556 23305 23192 23511     0 29749 32771 65535 0.00000e+00

950619031710 23855 23726 23728 23871 24005 23991 23771 23574 23301 23184 23470     0 29833 32771 65535 0.00000e+00

950619032030 24262 24338 24228 24142 24305 24320 24311 24131 23820 23633 23325     0 30772 32771 65535 0.00000e+00

lms d
lms d - confirm [Y/N]: y
950619032040 24187 24245 24134 24067 24216 24229 24250 24111 23836 23647 23296     0 30795 32771 65535 0.00000e+00

DO (sampling OFF, on-line data ON)

>>shutdown
shutdown - confirm [Y/N]: y
System shut down

