100.04.28 14:12 A C:\Users\Josh\EW9505\EW9505 HF\mv95h20\mv9520.par --> fig.ucsc.edu /home/josh/heatflow/montecarlo mv9520.par
100.04.28 14:12 A C:\Users\Josh\EW9505\EW9505 HF\mv95h20\mv9520a.pen --> fig.ucsc.edu /home/josh/heatflow/montecarlo mv9520a.pen
100.04.28 14:12 A C:\Users\Josh\EW9505\EW9505 HF\mv95h20\mv9520a2.pen --> fig.ucsc.edu /home/josh/heatflow/montecarlo mv9520a2.pen
100.04.28 14:12 A C:\Users\Josh\EW9505\EW9505 HF\mv95h20\mv9520a3.pen --> fig.ucsc.edu /home/josh/heatflow/montecarlo mv9520a3.pen
100.04.28 14:12 A C:\Users\Josh\EW9505\EW9505 HF\mv95h20\mv9520b.pen --> fig.ucsc.edu /home/josh/heatflow/montecarlo mv9520b.pen
100.04.28 14:12 A C:\Users\Josh\EW9505\EW9505 HF\mv95h20\mv9520b2.pen --> fig.ucsc.edu /home/josh/heatflow/montecarlo mv9520b2.pen
100.04.28 14:12 A C:\Users\Josh\EW9505\EW9505 HF\mv95h20\mv9520b3.pen --> fig.ucsc.edu /home/josh/heatflow/montecarlo mv9520b3.pen
100.04.28 14:12 A C:\Users\Josh\EW9505\EW9505 HF\mv95h20\mv9520c.pen --> fig.ucsc.edu /home/josh/heatflow/montecarlo mv9520c.pen
100.04.28 14:12 A C:\Users\Josh\EW9505\EW9505 HF\mv95h20\mv9520c2.pen --> fig.ucsc.edu /home/josh/heatflow/montecarlo mv9520c2.pen
100.04.28 14:12 A C:\Users\Josh\EW9505\EW9505 HF\mv95h20\mv9520d.pen --> fig.ucsc.edu /home/josh/heatflow/montecarlo mv9520d.pen
100.04.28 14:12 A C:\Users\Josh\EW9505\EW9505 HF\mv95h20\mv9520d2.pen --> fig.ucsc.edu /home/josh/heatflow/montecarlo mv9520d2.pen
100.04.28 14:12 A C:\Users\Josh\EW9505\EW9505 HF\mv95h20\mv9520e.pen --> fig.ucsc.edu /home/josh/heatflow/montecarlo mv9520e.pen
100.04.28 14:12 A C:\Users\Josh\EW9505\EW9505 HF\mv95h20\mv9520e2.pen --> fig.ucsc.edu /home/josh/heatflow/montecarlo mv9520e2.pen
100.04.28 14:12 A C:\Users\Josh\EW9505\EW9505 HF\mv95h20\mv9520f.pen --> fig.ucsc.edu /home/josh/heatflow/montecarlo mv9520f.pen
100.04.28 14:12 A C:\Users\Josh\EW9505\EW9505 HF\mv95h20\mv9520f2.pen --> fig.ucsc.edu /home/josh/heatflow/montecarlo mv9520f2.pen
100.04.28 14:12 A C:\Users\Josh\EW9505\EW9505 HF\mv95h20\mv9520g.pen --> fig.ucsc.edu /home/josh/heatflow/montecarlo mv9520g.pen
100.04.28 14:12 A C:\Users\Josh\EW9505\EW9505 HF\mv95h20\mv9520g2.pen --> fig.ucsc.edu /home/josh/heatflow/montecarlo mv9520g2.pen
100.04.28 14:12 A C:\Users\Josh\EW9505\EW9505 HF\mv95h20\mv9520h.pen --> fig.ucsc.edu /home/josh/heatflow/montecarlo mv9520h.pen
100.04.28 14:12 A C:\Users\Josh\EW9505\EW9505 HF\mv95h20\mv9520h2.pen --> fig.ucsc.edu /home/josh/heatflow/montecarlo mv9520h2.pen
100.04.28 14:12 A C:\Users\Josh\EW9505\EW9505 HF\mv95h20\mv9520i.pen --> fig.ucsc.edu /home/josh/heatflow/montecarlo mv9520i.pen
100.04.28 14:12 A C:\Users\Josh\EW9505\EW9505 HF\mv95h20\mv9520j.pen --> fig.ucsc.edu /home/josh/heatflow/montecarlo mv9520j.pen
100.04.28 14:12 A C:\Users\Josh\EW9505\EW9505 HF\mv95h20\mv9520j2.pen --> fig.ucsc.edu /home/josh/heatflow/montecarlo mv9520j2.pen
100.04.28 14:12 A C:\Users\Josh\EW9505\EW9505 HF\mv95h20\mv9520k.pen --> fig.ucsc.edu /home/josh/heatflow/montecarlo mv9520k.pen
100.04.28 14:12 A C:\Users\Josh\EW9505\EW9505 HF\mv95h20\mv9520k2.pen --> fig.ucsc.edu /home/josh/heatflow/montecarlo mv9520k2.pen
100.04.28 14:12 A C:\Users\Josh\EW9505\EW9505 HF\mv95h20\mv9520l.pen --> fig.ucsc.edu /home/josh/heatflow/montecarlo mv9520l.pen
100.04.28 14:12 A C:\Users\Josh\EW9505\EW9505 HF\mv95h20\mv9520m.pen --> fig.ucsc.edu /home/josh/heatflow/montecarlo mv9520m.pen
100.04.28 14:12 A C:\Users\Josh\EW9505\EW9505 HF\mv95h20\mv9520m2.pen --> fig.ucsc.edu /home/josh/heatflow/montecarlo mv9520m2.pen
100.04.28 14:12 A C:\Users\Josh\EW9505\EW9505 HF\mv95h20\mv9520n.pen --> fig.ucsc.edu /home/josh/heatflow/montecarlo mv9520n.pen
100.04.28 14:12 A C:\Users\Josh\EW9505\EW9505 HF\mv95h20\mv9520n2.pen --> fig.ucsc.edu /home/josh/heatflow/montecarlo mv9520n2.pen
100.04.28 14:12 A C:\Users\Josh\EW9505\EW9505 HF\mv95h20\mv9520o.pen --> fig.ucsc.edu /home/josh/heatflow/montecarlo mv9520o.pen
100.04.28 14:12 A C:\Users\Josh\EW9505\EW9505 HF\mv95h20\mv9520o2.pen --> fig.ucsc.edu /home/josh/heatflow/montecarlo mv9520o2.pen
100.04.28 14:12 A C:\Users\Josh\EW9505\EW9505 HF\mv95h20\mv9520p.pen --> fig.ucsc.edu /home/josh/heatflow/montecarlo mv9520p.pen
100.04.28 14:12 A C:\Users\Josh\EW9505\EW9505 HF\mv95h20\mv9520p2.pen --> fig.ucsc.edu /home/josh/heatflow/montecarlo mv9520p2.pen
100.04.28 14:12 A C:\Users\Josh\EW9505\EW9505 HF\mv95h20\mv9520pa.pen --> fig.ucsc.edu /home/josh/heatflow/montecarlo mv9520pa.pen
100.04.28 14:12 A C:\Users\Josh\EW9505\EW9505 HF\mv95h20\mv9520pb.pen --> fig.ucsc.edu /home/josh/heatflow/montecarlo mv9520pb.pen
100.04.28 14:12 A C:\Users\Josh\EW9505\EW9505 HF\mv95h20\mv9520pc.pen --> fig.ucsc.edu /home/josh/heatflow/montecarlo mv9520pc.pen
100.04.28 14:12 A C:\Users\Josh\EW9505\EW9505 HF\mv95h20\mv9520q.pen --> fig.ucsc.edu /home/josh/heatflow/montecarlo mv9520q.pen
100.04.28 14:12 A C:\Users\Josh\EW9505\EW9505 HF\mv95h20\mv9520q2.pen --> fig.ucsc.edu /home/josh/heatflow/montecarlo mv9520q2.pen
100.04.28 14:12 A C:\Users\Josh\EW9505\EW9505 HF\mv95h20\mv9520r.pen --> fig.ucsc.edu /home/josh/heatflow/montecarlo mv9520r.pen
100.04.28 14:12 A C:\Users\Josh\EW9505\EW9505 HF\mv95h20\mv9520r2.pen --> fig.ucsc.edu /home/josh/heatflow/montecarlo mv9520r2.pen
100.04.28 14:12 A C:\Users\Josh\EW9505\EW9505 HF\mv95h20\mv9520s.pen --> fig.ucsc.edu /home/josh/heatflow/montecarlo mv9520s.pen
100.04.28 14:12 A C:\Users\Josh\EW9505\EW9505 HF\mv95h20\mv9520s2.pen --> fig.ucsc.edu /home/josh/heatflow/montecarlo mv9520s2.pen
100.04.28 14:12 A C:\Users\Josh\EW9505\EW9505 HF\mv95h20\mv9520t.pen --> fig.ucsc.edu /home/josh/heatflow/montecarlo mv9520t.pen
100.04.28 14:12 A C:\Users\Josh\EW9505\EW9505 HF\mv95h20\mv9520t2.pen --> fig.ucsc.edu /home/josh/heatflow/montecarlo mv9520t2.pen
100.04.28 14:12 A C:\Users\Josh\EW9505\EW9505 HF\mv95h20\mv9520u.pen --> fig.ucsc.edu /home/josh/heatflow/montecarlo mv9520u.pen
100.04.28 14:12 A C:\Users\Josh\EW9505\EW9505 HF\mv95h20\mv9520u2.pen --> fig.ucsc.edu /home/josh/heatflow/montecarlo mv9520u2.pen
100.04.28 14:12 A C:\Users\Josh\EW9505\EW9505 HF\mv95h20\mv9520v.pen --> fig.ucsc.edu /home/josh/heatflow/montecarlo mv9520v.pen
100.04.28 14:12 A C:\Users\Josh\EW9505\EW9505 HF\mv95h20\mv9520v2.pen --> fig.ucsc.edu /home/josh/heatflow/montecarlo mv9520v2.pen
100.04.28 14:12 A C:\Users\Josh\EW9505\EW9505 HF\mv95h20\mv9520w.pen --> fig.ucsc.edu /home/josh/heatflow/montecarlo mv9520w.pen
100.04.28 14:12 A C:\Users\Josh\EW9505\EW9505 HF\mv95h20\mv9520w2.pen --> fig.ucsc.edu /home/josh/heatflow/montecarlo mv9520w2.pen
100.04.28 14:12 A C:\Users\Josh\EW9505\EW9505 HF\mv95h20\mv9520x.pen --> fig.ucsc.edu /home/josh/heatflow/montecarlo mv9520x.pen
100.04.28 14:12 A C:\Users\Josh\EW9505\EW9505 HF\mv95h20\mv9520x2.pen --> fig.ucsc.edu /home/josh/heatflow/montecarlo mv9520x2.pen
100.04.28 14:12 A C:\Users\Josh\EW9505\EW9505 HF\mv95h20\mv9520y.pen --> fig.ucsc.edu /home/josh/heatflow/montecarlo mv9520y.pen
100.04.28 14:12 A C:\Users\Josh\EW9505\EW9505 HF\mv95h20\mv9520y2.pen --> fig.ucsc.edu /home/josh/heatflow/montecarlo mv9520y2.pen
100.04.28 14:12 A C:\Users\Josh\EW9505\EW9505 HF\mv95h20\mv9520z.pen --> fig.ucsc.edu /home/josh/heatflow/montecarlo mv9520z.pen
100.04.28 14:12 A C:\Users\Josh\EW9505\EW9505 HF\mv95h20\mv9520z2.pen --> fig.ucsc.edu /home/josh/heatflow/montecarlo mv9520z2.pen
