Penetration file /Users/kristindickerson/03_local-repos/slugheat/inputs/Old_HFData/ReformattedPens/RetroFlux-2000_rf/E01_rf/00E01P07_rf.pen read ...
Split penetration and heat pulse data:
There is a heat pulse record ...

Penetration Record: 6
Heat Pulse Record:  49
End of Data Record: 96

17-Oct-2023 06:54:38 - End of raw data reading and preparation !
==========================================================================


TAP file 00E01P07_rf.tapread ...

Split penetration and heat pulse data:
There is a heat pulse record ...

Penetration Record: 6
Heat Pulse Record:  49
End of Data Record: 96

17-Oct-2023 06:55:12 - End of raw data reading and preparation !
==========================================================================


-------------------------------------------------------------------------------
17-Oct-2023 06:55:42
 - Begin SlugHeat22 PROCESSING
Split penetration and heat pulse data:
There is a heat pulse record ...

Penetration Record: 6
Heat Pulse Record:  49
End of Data Record: 96

