100.04.30 13:43 A C:\users\josh\ew9505\ew9505 hf\mv95h49\mv9549.par --> fig.ucsc.edu /home/josh/heatflow/montecarlo-BH mv9549.par
100.04.30 13:43 A C:\users\josh\ew9505\ew9505 hf\mv95h49\hfred2.pen --> fig.ucsc.edu /home/josh/heatflow/montecarlo-BH hfred2.pen
100.04.30 13:43 A C:\users\josh\ew9505\ew9505 hf\mv95h49\mv9549a.pen --> fig.ucsc.edu /home/josh/heatflow/montecarlo-BH mv9549a.pen
100.04.30 13:43 A C:\users\josh\ew9505\ew9505 hf\mv95h49\mv9549aa.pen --> fig.ucsc.edu /home/josh/heatflow/montecarlo-BH mv9549aa.pen
100.04.30 13:43 A C:\users\josh\ew9505\ew9505 hf\mv95h49\mv9549b.pen --> fig.ucsc.edu /home/josh/heatflow/montecarlo-BH mv9549b.pen
100.04.30 13:43 A C:\users\josh\ew9505\ew9505 hf\mv95h49\mv9549c.pen --> fig.ucsc.edu /home/josh/heatflow/montecarlo-BH mv9549c.pen
100.04.30 13:43 A C:\users\josh\ew9505\ew9505 hf\mv95h49\mv9549cc.pen --> fig.ucsc.edu /home/josh/heatflow/montecarlo-BH mv9549cc.pen
100.04.30 13:43 A C:\users\josh\ew9505\ew9505 hf\mv95h49\mv9549d.pen --> fig.ucsc.edu /home/josh/heatflow/montecarlo-BH mv9549d.pen
100.04.30 13:43 A C:\users\josh\ew9505\ew9505 hf\mv95h49\mv9549dd.pen --> fig.ucsc.edu /home/josh/heatflow/montecarlo-BH mv9549dd.pen
100.04.30 13:43 A C:\users\josh\ew9505\ew9505 hf\mv95h49\mv9549e.pen --> fig.ucsc.edu /home/josh/heatflow/montecarlo-BH mv9549e.pen
100.04.30 13:43 A C:\users\josh\ew9505\ew9505 hf\mv95h49\mv9549ee.pen --> fig.ucsc.edu /home/josh/heatflow/montecarlo-BH mv9549ee.pen
100.04.30 13:43 A C:\users\josh\ew9505\ew9505 hf\mv95h49\mv9549f.pen --> fig.ucsc.edu /home/josh/heatflow/montecarlo-BH mv9549f.pen
100.04.30 13:43 A C:\users\josh\ew9505\ew9505 hf\mv95h49\mv9549ff.pen --> fig.ucsc.edu /home/josh/heatflow/montecarlo-BH mv9549ff.pen
100.04.30 13:43 A C:\users\josh\ew9505\ew9505 hf\mv95h49\mv9549g.pen --> fig.ucsc.edu /home/josh/heatflow/montecarlo-BH mv9549g.pen
100.04.30 13:43 A C:\users\josh\ew9505\ew9505 hf\mv95h49\mv9549gg.pen --> fig.ucsc.edu /home/josh/heatflow/montecarlo-BH mv9549gg.pen
100.04.30 13:43 A C:\users\josh\ew9505\ew9505 hf\mv95h49\mv9549h.pen --> fig.ucsc.edu /home/josh/heatflow/montecarlo-BH mv9549h.pen
100.04.30 13:43 A C:\users\josh\ew9505\ew9505 hf\mv95h49\mv9549hh.pen --> fig.ucsc.edu /home/josh/heatflow/montecarlo-BH mv9549hh.pen
100.04.30 13:43 A C:\users\josh\ew9505\ew9505 hf\mv95h49\mv9549ii.pen --> fig.ucsc.edu /home/josh/heatflow/montecarlo-BH mv9549ii.pen
100.04.30 13:43 A C:\users\josh\ew9505\ew9505 hf\mv95h49\mv9549jj.pen --> fig.ucsc.edu /home/josh/heatflow/montecarlo-BH mv9549jj.pen
100.04.30 13:43 A C:\users\josh\ew9505\ew9505 hf\mv95h49\mv9549k.pen --> fig.ucsc.edu /home/josh/heatflow/montecarlo-BH mv9549k.pen
100.04.30 13:43 A C:\users\josh\ew9505\ew9505 hf\mv95h49\mv9549l.pen --> fig.ucsc.edu /home/josh/heatflow/montecarlo-BH mv9549l.pen
100.04.30 13:43 A C:\users\josh\ew9505\ew9505 hf\mv95h49\mv9549ll.pen --> fig.ucsc.edu /home/josh/heatflow/montecarlo-BH mv9549ll.pen
100.04.30 13:43 A C:\users\josh\ew9505\ew9505 hf\mv95h49\mv9549m.pen --> fig.ucsc.edu /home/josh/heatflow/montecarlo-BH mv9549m.pen
100.04.30 13:43 A C:\users\josh\ew9505\ew9505 hf\mv95h49\mv9549mm.pen --> fig.ucsc.edu /home/josh/heatflow/montecarlo-BH mv9549mm.pen
100.04.30 13:43 A C:\users\josh\ew9505\ew9505 hf\mv95h49\mv9549n.pen --> fig.ucsc.edu /home/josh/heatflow/montecarlo-BH mv9549n.pen
100.04.30 13:43 A C:\users\josh\ew9505\ew9505 hf\mv95h49\mv9549nn.pen --> fig.ucsc.edu /home/josh/heatflow/montecarlo-BH mv9549nn.pen
100.04.30 13:43 A C:\users\josh\ew9505\ew9505 hf\mv95h49\mv9549o.pen --> fig.ucsc.edu /home/josh/heatflow/montecarlo-BH mv9549o.pen
100.04.30 13:43 A C:\users\josh\ew9505\ew9505 hf\mv95h49\mv9549oo.pen --> fig.ucsc.edu /home/josh/heatflow/montecarlo-BH mv9549oo.pen
100.04.30 13:43 A C:\users\josh\ew9505\ew9505 hf\mv95h49\mv9549p.pen --> fig.ucsc.edu /home/josh/heatflow/montecarlo-BH mv9549p.pen
100.04.30 13:43 A C:\users\josh\ew9505\ew9505 hf\mv95h49\mv9549pp.pen --> fig.ucsc.edu /home/josh/heatflow/montecarlo-BH mv9549pp.pen
100.04.30 13:43 A C:\users\josh\ew9505\ew9505 hf\mv95h49\mv9549q.pen --> fig.ucsc.edu /home/josh/heatflow/montecarlo-BH mv9549q.pen
100.04.30 13:43 A C:\users\josh\ew9505\ew9505 hf\mv95h49\mv9549r.pen --> fig.ucsc.edu /home/josh/heatflow/montecarlo-BH mv9549r.pen
100.04.30 13:43 A C:\users\josh\ew9505\ew9505 hf\mv95h49\mv9549s.pen --> fig.ucsc.edu /home/josh/heatflow/montecarlo-BH mv9549s.pen
100.04.30 13:43 A C:\users\josh\ew9505\ew9505 hf\mv95h49\mv9549t.pen --> fig.ucsc.edu /home/josh/heatflow/montecarlo-BH mv9549t.pen
100.04.30 13:43 A C:\users\josh\ew9505\ew9505 hf\mv95h49\mv9549u.pen --> fig.ucsc.edu /home/josh/heatflow/montecarlo-BH mv9549u.pen
100.04.30 13:43 A C:\users\josh\ew9505\ew9505 hf\mv95h49\mv9549v.pen --> fig.ucsc.edu /home/josh/heatflow/montecarlo-BH mv9549v.pen
100.04.30 13:43 A C:\users\josh\ew9505\ew9505 hf\mv95h49\mv9549w.pen --> fig.ucsc.edu /home/josh/heatflow/montecarlo-BH mv9549w.pen
100.04.30 13:43 A C:\users\josh\ew9505\ew9505 hf\mv95h49\mv9549y.pen --> fig.ucsc.edu /home/josh/heatflow/montecarlo-BH mv9549y.pen
100.04.30 13:43 A C:\users\josh\ew9505\ew9505 hf\mv95h49\mv9549z.pen --> fig.ucsc.edu /home/josh/heatflow/montecarlo-BH mv9549z.pen
