Penetration file /Users/kristindickerson/03_local-repos/slugheat/inputs/Old_HFData/ReformattedPens/RetroFlux-2000_rf/S06_rf/00s06p05_rf.pen read ...
Split penetration and heat pulse data:
There is a heat pulse record ...

Penetration Record: 6
Heat Pulse Record:  67
End of Data Record: 121

19-Oct-2023 16:06:31 - End of raw data reading and preparation !
==========================================================================


TAP file 00s06p05_rf.tapread ...

-------------------------------------------------------------------------------
19-Oct-2023 16:09:20
 - Begin SlugHeat22 PROCESSING
Split penetration and heat pulse data:
There is a heat pulse record ...

Penetration Record: 6
Heat Pulse Record:  67
End of Data Record: 121

-------------------------------------------------------------------------------
19-Oct-2023 16:09:21
 - Begin SlugHeat22 PROCESSING
Split penetration and heat pulse data:
There is a heat pulse record ...

Penetration Record: 6
Heat Pulse Record:  67
End of Data Record: 121

-------------------------------------------------------------------------------
19-Oct-2023 16:09:22
 - Begin SlugHeat22 PROCESSING
Split penetration and heat pulse data:
There is a heat pulse record ...

Penetration Record: 6
Heat Pulse Record:  67
End of Data Record: 121

-------------------------------------------------------------------------------
19-Oct-2023 16:22:10
 - Begin SlugHeat22 PROCESSING
Split penetration and heat pulse data:
There is a heat pulse record ...

Penetration Record: 6
Heat Pulse Record:  67
End of Data Record: 121

-------------------------------------------------------------------------------
19-Oct-2023 16:26:12
 - Begin SlugHeat22 PROCESSING
Split penetration and heat pulse data:
There is a heat pulse record ...

Penetration Record: 6
Heat Pulse Record:  67
End of Data Record: 121

These sensors are IGNORED in processing: 4  6  8

-------------------------------------------------------------------------------
19-Oct-2023 16:33:17
 - Begin SlugHeat22 PROCESSING
Split penetration and heat pulse data:
There is a heat pulse record ...

-------------------------------------------------------------------------------
Penetration Start record number has been manually changed by user. New penetration start: 