Penetration file /Users/kristindickerson/03_local-repos/slugheat/inputs/Old_HFData/ReformattedPens/RetroFlux-2000_rf/E01_rf/00E01P02_rf.pen read ...
Split penetration and heat pulse data:
There is NO heat pulse record ...

Penetration Record: 6
Heat Pulse Record:  -999
End of Data Record: 46

17-Oct-2023 07:22:09 - End of raw data reading and preparation !
==========================================================================


TAP file 00E01P02_rf.tapread ...

-------------------------------------------------------------------------------
17-Oct-2023 07:22:41
 - Begin SlugHeat22 PROCESSING
Split penetration and heat pulse data:
There is NO heat pulse record ...

Penetration Record: 6
Heat Pulse Record:  -999
End of Data Record: 46

These sensors are IGNORED in processing: 10  11

-------------------------------------------------------------------------------
17-Oct-2023 07:23:45
 - Begin SlugHeat22 PROCESSING
Split penetration and heat pulse data:
There is NO heat pulse record ...

Penetration Record: 6
Heat Pulse Record:  -999
End of Data Record: 46

