Penetration file /Users/kristindickerson/03_local-repos/slugheat/inputs/Old_HFData/ReformattedPens/RetroFlux-2000_rf/S06_rf/00s06p20_rf.pen read ...
Split penetration and heat pulse data:
There is NO heat pulse record ...

Penetration Record: 6
Heat Pulse Record:  -999
End of Data Record: 55

19-Oct-2023 18:23:12 - End of raw data reading and preparation !
==========================================================================


TAP file 00s06p20_rf.tapread ...

-------------------------------------------------------------------------------
19-Oct-2023 18:23:26
 - Begin SlugHeat22 PROCESSING
Split penetration and heat pulse data:
There is NO heat pulse record ...

Penetration Record: 6
Heat Pulse Record:  -999
End of Data Record: 55

-------------------------------------------------------------------------------
19-Oct-2023 18:23:55
 - Begin SlugHeat22 PROCESSING
Split penetration and heat pulse data:
There is NO heat pulse record ...

Penetration Record: 6
Heat Pulse Record:  -999
End of Data Record: 55

