97.07.31 14:10 B D:\USER\JOSH\EW9505\MV95H42\AUG97F~1\BUL97\mv9542a.bps --> mango.ucsc.edu /home/josh/heatflow/bullard mv9542a.bps
97.07.31 14:10 B D:\USER\JOSH\EW9505\MV95H42\AUG97F~1\BUL97\mv9542aa.bps --> mango.ucsc.edu /home/josh/heatflow/bullard mv9542aa.bps
97.07.31 14:10 B D:\USER\JOSH\EW9505\MV95H42\AUG97F~1\BUL97\mv9542b.bps --> mango.ucsc.edu /home/josh/heatflow/bullard mv9542b.bps
97.07.31 14:10 B D:\USER\JOSH\EW9505\MV95H42\AUG97F~1\BUL97\mv9542bb.bps --> mango.ucsc.edu /home/josh/heatflow/bullard mv9542bb.bps
97.07.31 14:10 B D:\USER\JOSH\EW9505\MV95H42\AUG97F~1\BUL97\mv9542c.bps --> mango.ucsc.edu /home/josh/heatflow/bullard mv9542c.bps
97.07.31 14:10 B D:\USER\JOSH\EW9505\MV95H42\AUG97F~1\BUL97\mv9542cc.bps --> mango.ucsc.edu /home/josh/heatflow/bullard mv9542cc.bps
97.07.31 14:10 B D:\USER\JOSH\EW9505\MV95H42\AUG97F~1\BUL97\mv9542d.bps --> mango.ucsc.edu /home/josh/heatflow/bullard mv9542d.bps
97.07.31 14:10 B D:\USER\JOSH\EW9505\MV95H42\AUG97F~1\BUL97\mv9542dd.bps --> mango.ucsc.edu /home/josh/heatflow/bullard mv9542dd.bps
97.07.31 14:10 B D:\USER\JOSH\EW9505\MV95H42\AUG97F~1\BUL97\mv9542e.bps --> mango.ucsc.edu /home/josh/heatflow/bullard mv9542e.bps
97.07.31 14:10 B D:\USER\JOSH\EW9505\MV95H42\AUG97F~1\BUL97\mv9542ee.bps --> mango.ucsc.edu /home/josh/heatflow/bullard mv9542ee.bps
97.07.31 14:10 B D:\USER\JOSH\EW9505\MV95H42\AUG97F~1\BUL97\mv9542f.bps --> mango.ucsc.edu /home/josh/heatflow/bullard mv9542f.bps
97.07.31 14:10 B D:\USER\JOSH\EW9505\MV95H42\AUG97F~1\BUL97\mv9542ff.bps --> mango.ucsc.edu /home/josh/heatflow/bullard mv9542ff.bps
97.07.31 14:10 B D:\USER\JOSH\EW9505\MV95H42\AUG97F~1\BUL97\mv9542g.bps --> mango.ucsc.edu /home/josh/heatflow/bullard mv9542g.bps
97.07.31 14:10 B D:\USER\JOSH\EW9505\MV95H42\AUG97F~1\BUL97\mv9542gg.bps --> mango.ucsc.edu /home/josh/heatflow/bullard mv9542gg.bps
97.07.31 14:10 B D:\USER\JOSH\EW9505\MV95H42\AUG97F~1\BUL97\mv9542h.bps --> mango.ucsc.edu /home/josh/heatflow/bullard mv9542h.bps
97.07.31 14:10 B D:\USER\JOSH\EW9505\MV95H42\AUG97F~1\BUL97\mv9542i.bps --> mango.ucsc.edu /home/josh/heatflow/bullard mv9542i.bps
97.07.31 14:11 B D:\USER\JOSH\EW9505\MV95H42\AUG97F~1\BUL97\mv9542j.bps --> mango.ucsc.edu /home/josh/heatflow/bullard mv9542j.bps
97.07.31 14:11 B D:\USER\JOSH\EW9505\MV95H42\AUG97F~1\BUL97\mv9542k.bps --> mango.ucsc.edu /home/josh/heatflow/bullard mv9542k.bps
97.07.31 14:11 B D:\USER\JOSH\EW9505\MV95H42\AUG97F~1\BUL97\mv9542l.bps --> mango.ucsc.edu /home/josh/heatflow/bullard mv9542l.bps
97.07.31 14:11 B D:\USER\JOSH\EW9505\MV95H42\AUG97F~1\BUL97\mv9542m.bps --> mango.ucsc.edu /home/josh/heatflow/bullard mv9542m.bps
97.07.31 14:11 B D:\USER\JOSH\EW9505\MV95H42\AUG97F~1\BUL97\mv9542n.bps --> mango.ucsc.edu /home/josh/heatflow/bullard mv9542n.bps
97.07.31 14:11 B D:\USER\JOSH\EW9505\MV95H42\AUG97F~1\BUL97\mv9542o.bps --> mango.ucsc.edu /home/josh/heatflow/bullard mv9542o.bps
97.07.31 14:11 B D:\USER\JOSH\EW9505\MV95H42\AUG97F~1\BUL97\mv9542p.bps --> mango.ucsc.edu /home/josh/heatflow/bullard mv9542p.bps
97.07.31 14:11 B D:\USER\JOSH\EW9505\MV95H42\AUG97F~1\BUL97\mv9542q.bps --> mango.ucsc.edu /home/josh/heatflow/bullard mv9542q.bps
97.07.31 14:11 B D:\USER\JOSH\EW9505\MV95H42\AUG97F~1\BUL97\mv9542r.bps --> mango.ucsc.edu /home/josh/heatflow/bullard mv9542r.bps
97.07.31 14:11 B D:\USER\JOSH\EW9505\MV95H42\AUG97F~1\BUL97\mv9542s.bps --> mango.ucsc.edu /home/josh/heatflow/bullard mv9542s.bps
97.07.31 14:11 B D:\USER\JOSH\EW9505\MV95H42\AUG97F~1\BUL97\mv9542t.bps --> mango.ucsc.edu /home/josh/heatflow/bullard mv9542t.bps
97.07.31 14:11 B D:\USER\JOSH\EW9505\MV95H42\AUG97F~1\BUL97\mv9542u.bps --> mango.ucsc.edu /home/josh/heatflow/bullard mv9542u.bps
97.07.31 14:11 B D:\USER\JOSH\EW9505\MV95H42\AUG97F~1\BUL97\mv9542v.bps --> mango.ucsc.edu /home/josh/heatflow/bullard mv9542v.bps
97.07.31 14:11 B D:\USER\JOSH\EW9505\MV95H42\AUG97F~1\BUL97\mv9542w.bps --> mango.ucsc.edu /home/josh/heatflow/bullard mv9542w.bps
97.07.31 14:11 B D:\USER\JOSH\EW9505\MV95H42\AUG97F~1\BUL97\mv9542x.bps --> mango.ucsc.edu /home/josh/heatflow/bullard mv9542x.bps
97.07.31 14:11 B D:\USER\JOSH\EW9505\MV95H42\AUG97F~1\BUL97\mv9542y.bps --> mango.ucsc.edu /home/josh/heatflow/bullard mv9542y.bps
97.07.31 14:11 B D:\USER\JOSH\EW9505\MV95H42\AUG97F~1\BUL97\mv9542z.bps --> mango.ucsc.edu /home/josh/heatflow/bullard mv9542z.bps
