97.07.30 15:53 B D:\USER\JOSH\EW9505\MV95H28\AUG97F~1\BUL97\mv9528a.bps --> mango.ucsc.edu /home/josh/heatflow/bullard mv9528a.bps
97.07.30 15:53 B D:\USER\JOSH\EW9505\MV95H28\AUG97F~1\BUL97\mv9528a2.bps --> mango.ucsc.edu /home/josh/heatflow/bullard mv9528a2.bps
97.07.30 15:53 B D:\USER\JOSH\EW9505\MV95H28\AUG97F~1\BUL97\mv9528b.bps --> mango.ucsc.edu /home/josh/heatflow/bullard mv9528b.bps
97.07.30 15:53 B D:\USER\JOSH\EW9505\MV95H28\AUG97F~1\BUL97\mv9528b2.bps --> mango.ucsc.edu /home/josh/heatflow/bullard mv9528b2.bps
97.07.30 15:53 B D:\USER\JOSH\EW9505\MV95H28\AUG97F~1\BUL97\mv9528b3.bps --> mango.ucsc.edu /home/josh/heatflow/bullard mv9528b3.bps
97.07.30 15:53 B D:\USER\JOSH\EW9505\MV95H28\AUG97F~1\BUL97\mv9528c.bps --> mango.ucsc.edu /home/josh/heatflow/bullard mv9528c.bps
97.07.30 15:53 B D:\USER\JOSH\EW9505\MV95H28\AUG97F~1\BUL97\mv9528c2.bps --> mango.ucsc.edu /home/josh/heatflow/bullard mv9528c2.bps
97.07.30 15:53 B D:\USER\JOSH\EW9505\MV95H28\AUG97F~1\BUL97\mv9528d.bps --> mango.ucsc.edu /home/josh/heatflow/bullard mv9528d.bps
97.07.30 15:53 B D:\USER\JOSH\EW9505\MV95H28\AUG97F~1\BUL97\mv9528d2.bps --> mango.ucsc.edu /home/josh/heatflow/bullard mv9528d2.bps
97.07.30 15:53 B D:\USER\JOSH\EW9505\MV95H28\AUG97F~1\BUL97\mv9528e.bps --> mango.ucsc.edu /home/josh/heatflow/bullard mv9528e.bps
97.07.30 15:53 B D:\USER\JOSH\EW9505\MV95H28\AUG97F~1\BUL97\mv9528e2.bps --> mango.ucsc.edu /home/josh/heatflow/bullard mv9528e2.bps
97.07.30 15:53 B D:\USER\JOSH\EW9505\MV95H28\AUG97F~1\BUL97\mv9528f.bps --> mango.ucsc.edu /home/josh/heatflow/bullard mv9528f.bps
97.07.30 15:53 B D:\USER\JOSH\EW9505\MV95H28\AUG97F~1\BUL97\mv9528f2.bps --> mango.ucsc.edu /home/josh/heatflow/bullard mv9528f2.bps
97.07.30 15:53 B D:\USER\JOSH\EW9505\MV95H28\AUG97F~1\BUL97\mv9528g.bps --> mango.ucsc.edu /home/josh/heatflow/bullard mv9528g.bps
97.07.30 15:53 B D:\USER\JOSH\EW9505\MV95H28\AUG97F~1\BUL97\mv9528h.bps --> mango.ucsc.edu /home/josh/heatflow/bullard mv9528h.bps
97.07.30 15:54 B D:\USER\JOSH\EW9505\MV95H28\AUG97F~1\BUL97\mv9528i.bps --> mango.ucsc.edu /home/josh/heatflow/bullard mv9528i.bps
97.07.30 15:54 B D:\USER\JOSH\EW9505\MV95H28\AUG97F~1\BUL97\mv9528j.bps --> mango.ucsc.edu /home/josh/heatflow/bullard mv9528j.bps
97.07.30 15:54 B D:\USER\JOSH\EW9505\MV95H28\AUG97F~1\BUL97\mv9528k.bps --> mango.ucsc.edu /home/josh/heatflow/bullard mv9528k.bps
97.07.30 15:54 B D:\USER\JOSH\EW9505\MV95H28\AUG97F~1\BUL97\mv9528l.bps --> mango.ucsc.edu /home/josh/heatflow/bullard mv9528l.bps
97.07.30 15:54 B D:\USER\JOSH\EW9505\MV95H28\AUG97F~1\BUL97\mv9528m.bps --> mango.ucsc.edu /home/josh/heatflow/bullard mv9528m.bps
97.07.30 15:54 B D:\USER\JOSH\EW9505\MV95H28\AUG97F~1\BUL97\mv9528n.bps --> mango.ucsc.edu /home/josh/heatflow/bullard mv9528n.bps
97.07.30 15:54 B D:\USER\JOSH\EW9505\MV95H28\AUG97F~1\BUL97\mv9528o.bps --> mango.ucsc.edu /home/josh/heatflow/bullard mv9528o.bps
97.07.30 15:54 B D:\USER\JOSH\EW9505\MV95H28\AUG97F~1\BUL97\mv9528p.bps --> mango.ucsc.edu /home/josh/heatflow/bullard mv9528p.bps
97.07.30 15:54 B D:\USER\JOSH\EW9505\MV95H28\AUG97F~1\BUL97\mv9528q.bps --> mango.ucsc.edu /home/josh/heatflow/bullard mv9528q.bps
97.07.30 15:54 B D:\USER\JOSH\EW9505\MV95H28\AUG97F~1\BUL97\mv9528r.bps --> mango.ucsc.edu /home/josh/heatflow/bullard mv9528r.bps
97.07.30 15:54 B D:\USER\JOSH\EW9505\MV95H28\AUG97F~1\BUL97\mv9528s.bps --> mango.ucsc.edu /home/josh/heatflow/bullard mv9528s.bps
97.07.30 15:54 B D:\USER\JOSH\EW9505\MV95H28\AUG97F~1\BUL97\mv9528t.bps --> mango.ucsc.edu /home/josh/heatflow/bullard mv9528t.bps
97.07.30 15:54 B D:\USER\JOSH\EW9505\MV95H28\AUG97F~1\BUL97\mv9528u.bps --> mango.ucsc.edu /home/josh/heatflow/bullard mv9528u.bps
97.07.30 15:54 B D:\USER\JOSH\EW9505\MV95H28\AUG97F~1\BUL97\mv9528v.bps --> mango.ucsc.edu /home/josh/heatflow/bullard mv9528v.bps
97.07.30 15:54 B D:\USER\JOSH\EW9505\MV95H28\AUG97F~1\BUL97\mv9528w.bps --> mango.ucsc.edu /home/josh/heatflow/bullard mv9528w.bps
97.07.30 15:54 B D:\USER\JOSH\EW9505\MV95H28\AUG97F~1\BUL97\mv9528x.bps --> mango.ucsc.edu /home/josh/heatflow/bullard mv9528x.bps
97.07.30 15:54 B D:\USER\JOSH\EW9505\MV95H28\AUG97F~1\BUL97\mv9528y.bps --> mango.ucsc.edu /home/josh/heatflow/bullard mv9528y.bps
97.07.30 15:54 B D:\USER\JOSH\EW9505\MV95H28\AUG97F~1\BUL97\mv9528z.bps --> mango.ucsc.edu /home/josh/heatflow/bullard mv9528z.bps
