TAP file not found ...
TAP data read in PEN file: Tilt = 8.6 deg - Depth = 5805.0 m ...

Split penetration and heat pulse data:
There is a heat pulse record ...

Penetration Record: 6
Heat Pulse Record:  64
End of Data Record: 113

17-Oct-2023 11:24:20 - End of raw data reading and preparation !
==========================================================================


TAP file ALHF1_08_rf.tapread ...

Split penetration and heat pulse data:
There is a heat pulse record ...

Penetration Record: 6
Heat Pulse Record:  64
End of Data Record: 113

-------------------------------------------------------------------------------
17-Oct-2023 11:24:53
 - Begin SlugHeat22 PROCESSING
Split penetration and heat pulse data:
There is a heat pulse record ...

Penetration Record: 6
Heat Pulse Record:  64
End of Data Record: 113

17-Oct-2023 11:25:14 - End of raw data reading and preparation !
==========================================================================


-------------------------------------------------------------------------------
17-Oct-2023 11:31:31
 - Begin SlugHeat22 PROCESSING
Split penetration and heat pulse data:
There is a heat pulse record ...

Penetration Record: 6
Heat Pulse Record:  64
End of Data Record: 113

-------------------------------------------------------------------------------
17-Oct-2023 11:33:21
 - Begin SlugHeat22 PROCESSING
Split penetration and heat pulse data:
There is a heat pulse record ...

Penetration Record: 6
Heat Pulse Record:  64
End of Data Record: 113

-------------------------------------------------------------------------------
17-Oct-2023 11:35:34
 - Begin SlugHeat22 PROCESSING
Split penetration and heat pulse data:
There is a heat pulse record ...

Penetration Record: 6
Heat Pulse Record:  64
End of Data Record: 113

-------------------------------------------------------------------------------
17-Oct-2023 11:38:15
 - Begin SlugHeat22 PROCESSING
Split penetration and heat pulse data:
There is a heat pulse record ...

Penetration Record: 6
Heat Pulse Record:  64
End of Data Record: 113

-------------------------------------------------------------------------------
17-Oct-2023 11:48:03
 - Begin SlugHeat22 PROCESSING
Split penetration and heat pulse data:
There is a heat pulse record ...

Penetration Record: 6
Heat Pulse Record:  64
End of Data Record: 113

