TAP file not found ...
TAP data read in PEN file: Tilt = 5.3 deg - Depth = 5828.0 m ...

Split penetration and heat pulse data:
There is a heat pulse record ...

Penetration Record: 6
Heat Pulse Record:  62
End of Data Record: 126

29-Sep-2023 11:08:16 - End of raw data reading and preparation !
==========================================================================


TAP file ALHF1_02_rf.tapread ...

-------------------------------------------------------------------------------
29-Sep-2023 11:08:34
 - Begin SlugHeat22 PROCESSING
Split penetration and heat pulse data:
There is a heat pulse record ...

Penetration Record: 6
Heat Pulse Record:  62
End of Data Record: 126

-------------------------------------------------------------------------------
29-Sep-2023 11:09:09
 - Begin SlugHeat22 PROCESSING
Split penetration and heat pulse data:
There is a heat pulse record ...

Penetration Record: 6
Heat Pulse Record:  62
End of Data Record: 126

