Penetration file /Users/kristindickerson/03_local-repos/slugheat/inputs/Old_HFData/ReformattedPens/TicoFluxII_rf/hf17_rf/t2h17p07_rf.pen read ...
Split penetration and heat pulse data:
There is a heat pulse record ...

Penetration Record: 6
Heat Pulse Record:  49
End of Data Record: 112

13-Oct-2023 13:07:45 - End of raw data reading and preparation !
==========================================================================


TAP file t2h17p07_rf.tapread ...

Split penetration and heat pulse data:
There is a heat pulse record ...

Penetration Record: 6
Heat Pulse Record:  49
End of Data Record: 112

-------------------------------------------------------------------------------
13-Oct-2023 13:08:22
 - Begin SlugHeat22 PROCESSING
Split penetration and heat pulse data:
There is a heat pulse record ...

Penetration Record: 6
Heat Pulse Record:  49
End of Data Record: 112

13-Oct-2023 13:08:45 - End of raw data reading and preparation !
==========================================================================


