97.07.31 14:11 B D:\USER\JOSH\EW9505\MV95H49\AUG97F~1\BUL97\mv9549a.bps --> mango.ucsc.edu /home/josh/heatflow/bullard mv9549a.bps
97.07.31 14:11 B D:\USER\JOSH\EW9505\MV95H49\AUG97F~1\BUL97\mv9549aa.bps --> mango.ucsc.edu /home/josh/heatflow/bullard mv9549aa.bps
97.07.31 14:11 B D:\USER\JOSH\EW9505\MV95H49\AUG97F~1\BUL97\mv9549b.bps --> mango.ucsc.edu /home/josh/heatflow/bullard mv9549b.bps
97.07.31 14:11 B D:\USER\JOSH\EW9505\MV95H49\AUG97F~1\BUL97\mv9549bb.bps --> mango.ucsc.edu /home/josh/heatflow/bullard mv9549bb.bps
97.07.31 14:11 B D:\USER\JOSH\EW9505\MV95H49\AUG97F~1\BUL97\mv9549c.bps --> mango.ucsc.edu /home/josh/heatflow/bullard mv9549c.bps
97.07.31 14:11 B D:\USER\JOSH\EW9505\MV95H49\AUG97F~1\BUL97\mv9549cc.bps --> mango.ucsc.edu /home/josh/heatflow/bullard mv9549cc.bps
97.07.31 14:11 B D:\USER\JOSH\EW9505\MV95H49\AUG97F~1\BUL97\mv9549d.bps --> mango.ucsc.edu /home/josh/heatflow/bullard mv9549d.bps
97.07.31 14:11 B D:\USER\JOSH\EW9505\MV95H49\AUG97F~1\BUL97\mv9549dd.bps --> mango.ucsc.edu /home/josh/heatflow/bullard mv9549dd.bps
97.07.31 14:11 B D:\USER\JOSH\EW9505\MV95H49\AUG97F~1\BUL97\mv9549e.bps --> mango.ucsc.edu /home/josh/heatflow/bullard mv9549e.bps
97.07.31 14:11 B D:\USER\JOSH\EW9505\MV95H49\AUG97F~1\BUL97\mv9549ee.bps --> mango.ucsc.edu /home/josh/heatflow/bullard mv9549ee.bps
97.07.31 14:11 B D:\USER\JOSH\EW9505\MV95H49\AUG97F~1\BUL97\mv9549f.bps --> mango.ucsc.edu /home/josh/heatflow/bullard mv9549f.bps
97.07.31 14:11 B D:\USER\JOSH\EW9505\MV95H49\AUG97F~1\BUL97\mv9549ff.bps --> mango.ucsc.edu /home/josh/heatflow/bullard mv9549ff.bps
97.07.31 14:11 B D:\USER\JOSH\EW9505\MV95H49\AUG97F~1\BUL97\mv9549g.bps --> mango.ucsc.edu /home/josh/heatflow/bullard mv9549g.bps
97.07.31 14:11 B D:\USER\JOSH\EW9505\MV95H49\AUG97F~1\BUL97\mv9549gg.bps --> mango.ucsc.edu /home/josh/heatflow/bullard mv9549gg.bps
97.07.31 14:11 B D:\USER\JOSH\EW9505\MV95H49\AUG97F~1\BUL97\mv9549h.bps --> mango.ucsc.edu /home/josh/heatflow/bullard mv9549h.bps
97.07.31 14:11 B D:\USER\JOSH\EW9505\MV95H49\AUG97F~1\BUL97\mv9549hh.bps --> mango.ucsc.edu /home/josh/heatflow/bullard mv9549hh.bps
97.07.31 14:11 B D:\USER\JOSH\EW9505\MV95H49\AUG97F~1\BUL97\mv9549i.bps --> mango.ucsc.edu /home/josh/heatflow/bullard mv9549i.bps
97.07.31 14:11 B D:\USER\JOSH\EW9505\MV95H49\AUG97F~1\BUL97\mv9549ii.bps --> mango.ucsc.edu /home/josh/heatflow/bullard mv9549ii.bps
97.07.31 14:11 B D:\USER\JOSH\EW9505\MV95H49\AUG97F~1\BUL97\mv9549j.bps --> mango.ucsc.edu /home/josh/heatflow/bullard mv9549j.bps
97.07.31 14:11 B D:\USER\JOSH\EW9505\MV95H49\AUG97F~1\BUL97\mv9549jj.bps --> mango.ucsc.edu /home/josh/heatflow/bullard mv9549jj.bps
97.07.31 14:11 B D:\USER\JOSH\EW9505\MV95H49\AUG97F~1\BUL97\mv9549k.bps --> mango.ucsc.edu /home/josh/heatflow/bullard mv9549k.bps
97.07.31 14:11 B D:\USER\JOSH\EW9505\MV95H49\AUG97F~1\BUL97\mv9549kk.bps --> mango.ucsc.edu /home/josh/heatflow/bullard mv9549kk.bps
97.07.31 14:11 B D:\USER\JOSH\EW9505\MV95H49\AUG97F~1\BUL97\mv9549l.bps --> mango.ucsc.edu /home/josh/heatflow/bullard mv9549l.bps
97.07.31 14:11 B D:\USER\JOSH\EW9505\MV95H49\AUG97F~1\BUL97\mv9549ll.bps --> mango.ucsc.edu /home/josh/heatflow/bullard mv9549ll.bps
97.07.31 14:11 B D:\USER\JOSH\EW9505\MV95H49\AUG97F~1\BUL97\mv9549m.bps --> mango.ucsc.edu /home/josh/heatflow/bullard mv9549m.bps
97.07.31 14:11 B D:\USER\JOSH\EW9505\MV95H49\AUG97F~1\BUL97\mv9549mm.bps --> mango.ucsc.edu /home/josh/heatflow/bullard mv9549mm.bps
97.07.31 14:11 B D:\USER\JOSH\EW9505\MV95H49\AUG97F~1\BUL97\mv9549n.bps --> mango.ucsc.edu /home/josh/heatflow/bullard mv9549n.bps
97.07.31 14:11 B D:\USER\JOSH\EW9505\MV95H49\AUG97F~1\BUL97\mv9549nn.bps --> mango.ucsc.edu /home/josh/heatflow/bullard mv9549nn.bps
97.07.31 14:11 B D:\USER\JOSH\EW9505\MV95H49\AUG97F~1\BUL97\mv9549o.bps --> mango.ucsc.edu /home/josh/heatflow/bullard mv9549o.bps
97.07.31 14:11 B D:\USER\JOSH\EW9505\MV95H49\AUG97F~1\BUL97\mv9549oo.bps --> mango.ucsc.edu /home/josh/heatflow/bullard mv9549oo.bps
97.07.31 14:11 B D:\USER\JOSH\EW9505\MV95H49\AUG97F~1\BUL97\mv9549p.bps --> mango.ucsc.edu /home/josh/heatflow/bullard mv9549p.bps
97.07.31 14:11 B D:\USER\JOSH\EW9505\MV95H49\AUG97F~1\BUL97\mv9549pp.bps --> mango.ucsc.edu /home/josh/heatflow/bullard mv9549pp.bps
97.07.31 14:11 B D:\USER\JOSH\EW9505\MV95H49\AUG97F~1\BUL97\mv9549q.bps --> mango.ucsc.edu /home/josh/heatflow/bullard mv9549q.bps
97.07.31 14:11 B D:\USER\JOSH\EW9505\MV95H49\AUG97F~1\BUL97\mv9549r.bps --> mango.ucsc.edu /home/josh/heatflow/bullard mv9549r.bps
97.07.31 14:11 B D:\USER\JOSH\EW9505\MV95H49\AUG97F~1\BUL97\mv9549s.bps --> mango.ucsc.edu /home/josh/heatflow/bullard mv9549s.bps
97.07.31 14:11 B D:\USER\JOSH\EW9505\MV95H49\AUG97F~1\BUL97\mv9549t.bps --> mango.ucsc.edu /home/josh/heatflow/bullard mv9549t.bps
97.07.31 14:11 B D:\USER\JOSH\EW9505\MV95H49\AUG97F~1\BUL97\mv9549u.bps --> mango.ucsc.edu /home/josh/heatflow/bullard mv9549u.bps
97.07.31 14:11 B D:\USER\JOSH\EW9505\MV95H49\AUG97F~1\BUL97\mv9549v.bps --> mango.ucsc.edu /home/josh/heatflow/bullard mv9549v.bps
97.07.31 14:11 B D:\USER\JOSH\EW9505\MV95H49\AUG97F~1\BUL97\mv9549w.bps --> mango.ucsc.edu /home/josh/heatflow/bullard mv9549w.bps
97.07.31 14:11 B D:\USER\JOSH\EW9505\MV95H49\AUG97F~1\BUL97\mv9549x.bps --> mango.ucsc.edu /home/josh/heatflow/bullard mv9549x.bps
97.07.31 14:11 B D:\USER\JOSH\EW9505\MV95H49\AUG97F~1\BUL97\mv9549y.bps --> mango.ucsc.edu /home/josh/heatflow/bullard mv9549y.bps
97.07.31 14:11 B D:\USER\JOSH\EW9505\MV95H49\AUG97F~1\BUL97\mv9549z.bps --> mango.ucsc.edu /home/josh/heatflow/bullard mv9549z.bps
