97.07.30 15:51 B D:\USER\JOSH\EW9505\MV95H10\AUG97F~1\BUL97\mv9510a.bps --> mango.ucsc.edu /home/josh/heatflow/bullard mv9510a.bps
97.07.30 15:51 B D:\USER\JOSH\EW9505\MV95H10\AUG97F~1\BUL97\mv9510aa.bps --> mango.ucsc.edu /home/josh/heatflow/bullard mv9510aa.bps
97.07.30 15:51 B D:\USER\JOSH\EW9505\MV95H10\AUG97F~1\BUL97\mv9510b.bps --> mango.ucsc.edu /home/josh/heatflow/bullard mv9510b.bps
97.07.30 15:51 B D:\USER\JOSH\EW9505\MV95H10\AUG97F~1\BUL97\mv9510bb.bps --> mango.ucsc.edu /home/josh/heatflow/bullard mv9510bb.bps
97.07.30 15:51 B D:\USER\JOSH\EW9505\MV95H10\AUG97F~1\BUL97\mv9510c.bps --> mango.ucsc.edu /home/josh/heatflow/bullard mv9510c.bps
97.07.30 15:51 B D:\USER\JOSH\EW9505\MV95H10\AUG97F~1\BUL97\mv9510c2.bps --> mango.ucsc.edu /home/josh/heatflow/bullard mv9510c2.bps
97.07.30 15:51 B D:\USER\JOSH\EW9505\MV95H10\AUG97F~1\BUL97\mv9510cc.bps --> mango.ucsc.edu /home/josh/heatflow/bullard mv9510cc.bps
97.07.30 15:51 B D:\USER\JOSH\EW9505\MV95H10\AUG97F~1\BUL97\mv9510d.bps --> mango.ucsc.edu /home/josh/heatflow/bullard mv9510d.bps
97.07.30 15:51 B D:\USER\JOSH\EW9505\MV95H10\AUG97F~1\BUL97\mv9510dd.bps --> mango.ucsc.edu /home/josh/heatflow/bullard mv9510dd.bps
97.07.30 15:51 B D:\USER\JOSH\EW9505\MV95H10\AUG97F~1\BUL97\mv9510e.bps --> mango.ucsc.edu /home/josh/heatflow/bullard mv9510e.bps
97.07.30 15:51 B D:\USER\JOSH\EW9505\MV95H10\AUG97F~1\BUL97\mv9510ee.bps --> mango.ucsc.edu /home/josh/heatflow/bullard mv9510ee.bps
97.07.30 15:51 B D:\USER\JOSH\EW9505\MV95H10\AUG97F~1\BUL97\mv9510f.bps --> mango.ucsc.edu /home/josh/heatflow/bullard mv9510f.bps
97.07.30 15:51 B D:\USER\JOSH\EW9505\MV95H10\AUG97F~1\BUL97\mv9510ff.bps --> mango.ucsc.edu /home/josh/heatflow/bullard mv9510ff.bps
97.07.30 15:51 B D:\USER\JOSH\EW9505\MV95H10\AUG97F~1\BUL97\mv9510g.bps --> mango.ucsc.edu /home/josh/heatflow/bullard mv9510g.bps
97.07.30 15:51 B D:\USER\JOSH\EW9505\MV95H10\AUG97F~1\BUL97\mv9510gg.bps --> mango.ucsc.edu /home/josh/heatflow/bullard mv9510gg.bps
97.07.30 15:51 B D:\USER\JOSH\EW9505\MV95H10\AUG97F~1\BUL97\mv9510h.bps --> mango.ucsc.edu /home/josh/heatflow/bullard mv9510h.bps
97.07.30 15:51 B D:\USER\JOSH\EW9505\MV95H10\AUG97F~1\BUL97\mv9510hh.bps --> mango.ucsc.edu /home/josh/heatflow/bullard mv9510hh.bps
97.07.30 15:51 B D:\USER\JOSH\EW9505\MV95H10\AUG97F~1\BUL97\mv9510i.bps --> mango.ucsc.edu /home/josh/heatflow/bullard mv9510i.bps
97.07.30 15:51 B D:\USER\JOSH\EW9505\MV95H10\AUG97F~1\BUL97\mv9510ii.bps --> mango.ucsc.edu /home/josh/heatflow/bullard mv9510ii.bps
97.07.30 15:51 B D:\USER\JOSH\EW9505\MV95H10\AUG97F~1\BUL97\mv9510j.bps --> mango.ucsc.edu /home/josh/heatflow/bullard mv9510j.bps
97.07.30 15:51 B D:\USER\JOSH\EW9505\MV95H10\AUG97F~1\BUL97\mv9510jj.bps --> mango.ucsc.edu /home/josh/heatflow/bullard mv9510jj.bps
97.07.30 15:51 B D:\USER\JOSH\EW9505\MV95H10\AUG97F~1\BUL97\mv9510k.bps --> mango.ucsc.edu /home/josh/heatflow/bullard mv9510k.bps
97.07.30 15:51 B D:\USER\JOSH\EW9505\MV95H10\AUG97F~1\BUL97\mv9510kk.bps --> mango.ucsc.edu /home/josh/heatflow/bullard mv9510kk.bps
97.07.30 15:51 B D:\USER\JOSH\EW9505\MV95H10\AUG97F~1\BUL97\mv9510l.bps --> mango.ucsc.edu /home/josh/heatflow/bullard mv9510l.bps
97.07.30 15:51 B D:\USER\JOSH\EW9505\MV95H10\AUG97F~1\BUL97\mv9510m.bps --> mango.ucsc.edu /home/josh/heatflow/bullard mv9510m.bps
97.07.30 15:51 B D:\USER\JOSH\EW9505\MV95H10\AUG97F~1\BUL97\mv9510n.bps --> mango.ucsc.edu /home/josh/heatflow/bullard mv9510n.bps
97.07.30 15:51 B D:\USER\JOSH\EW9505\MV95H10\AUG97F~1\BUL97\mv9510o.bps --> mango.ucsc.edu /home/josh/heatflow/bullard mv9510o.bps
97.07.30 15:51 B D:\USER\JOSH\EW9505\MV95H10\AUG97F~1\BUL97\mv9510p.bps --> mango.ucsc.edu /home/josh/heatflow/bullard mv9510p.bps
97.07.30 15:51 B D:\USER\JOSH\EW9505\MV95H10\AUG97F~1\BUL97\mv9510q.bps --> mango.ucsc.edu /home/josh/heatflow/bullard mv9510q.bps
97.07.30 15:51 B D:\USER\JOSH\EW9505\MV95H10\AUG97F~1\BUL97\mv9510r.bps --> mango.ucsc.edu /home/josh/heatflow/bullard mv9510r.bps
97.07.30 15:51 B D:\USER\JOSH\EW9505\MV95H10\AUG97F~1\BUL97\mv9510s.bps --> mango.ucsc.edu /home/josh/heatflow/bullard mv9510s.bps
97.07.30 15:51 B D:\USER\JOSH\EW9505\MV95H10\AUG97F~1\BUL97\mv9510t.bps --> mango.ucsc.edu /home/josh/heatflow/bullard mv9510t.bps
97.07.30 15:51 B D:\USER\JOSH\EW9505\MV95H10\AUG97F~1\BUL97\mv9510u.bps --> mango.ucsc.edu /home/josh/heatflow/bullard mv9510u.bps
97.07.30 15:51 B D:\USER\JOSH\EW9505\MV95H10\AUG97F~1\BUL97\mv9510v.bps --> mango.ucsc.edu /home/josh/heatflow/bullard mv9510v.bps
97.07.30 15:51 B D:\USER\JOSH\EW9505\MV95H10\AUG97F~1\BUL97\mv9510w.bps --> mango.ucsc.edu /home/josh/heatflow/bullard mv9510w.bps
97.07.30 15:51 B D:\USER\JOSH\EW9505\MV95H10\AUG97F~1\BUL97\mv9510x.bps --> mango.ucsc.edu /home/josh/heatflow/bullard mv9510x.bps
97.07.30 15:51 B D:\USER\JOSH\EW9505\MV95H10\AUG97F~1\BUL97\mv9510y.bps --> mango.ucsc.edu /home/josh/heatflow/bullard mv9510y.bps
97.07.30 15:51 B D:\USER\JOSH\EW9505\MV95H10\AUG97F~1\BUL97\mv9510z.bps --> mango.ucsc.edu /home/josh/heatflow/bullard mv9510z.bps
