97.07.31 14:12 B D:\USER\JOSH\EW9505\MV95H35\AUG97F~1\BUL97\mv9535a.bps --> mango.ucsc.edu /home/josh/heatflow/bullard mv9535a.bps
97.07.31 14:12 B D:\USER\JOSH\EW9505\MV95H35\AUG97F~1\BUL97\mv9535aa.bps --> mango.ucsc.edu /home/josh/heatflow/bullard mv9535aa.bps
97.07.31 14:12 B D:\USER\JOSH\EW9505\MV95H35\AUG97F~1\BUL97\mv9535ab.bps --> mango.ucsc.edu /home/josh/heatflow/bullard mv9535ab.bps
97.07.31 14:12 B D:\USER\JOSH\EW9505\MV95H35\AUG97F~1\BUL97\mv9535ac.bps --> mango.ucsc.edu /home/josh/heatflow/bullard mv9535ac.bps
97.07.31 14:12 B D:\USER\JOSH\EW9505\MV95H35\AUG97F~1\BUL97\mv9535ad.bps --> mango.ucsc.edu /home/josh/heatflow/bullard mv9535ad.bps
97.07.31 14:12 B D:\USER\JOSH\EW9505\MV95H35\AUG97F~1\BUL97\mv9535ae.bps --> mango.ucsc.edu /home/josh/heatflow/bullard mv9535ae.bps
97.07.31 14:12 B D:\USER\JOSH\EW9505\MV95H35\AUG97F~1\BUL97\mv9535af.bps --> mango.ucsc.edu /home/josh/heatflow/bullard mv9535af.bps
97.07.31 14:12 B D:\USER\JOSH\EW9505\MV95H35\AUG97F~1\BUL97\mv9535ag.bps --> mango.ucsc.edu /home/josh/heatflow/bullard mv9535ag.bps
97.07.31 14:12 B D:\USER\JOSH\EW9505\MV95H35\AUG97F~1\BUL97\mv9535ah.bps --> mango.ucsc.edu /home/josh/heatflow/bullard mv9535ah.bps
97.07.31 14:12 B D:\USER\JOSH\EW9505\MV95H35\AUG97F~1\BUL97\mv9535ai.bps --> mango.ucsc.edu /home/josh/heatflow/bullard mv9535ai.bps
97.07.31 14:12 B D:\USER\JOSH\EW9505\MV95H35\AUG97F~1\BUL97\mv9535aj.bps --> mango.ucsc.edu /home/josh/heatflow/bullard mv9535aj.bps
97.07.31 14:12 B D:\USER\JOSH\EW9505\MV95H35\AUG97F~1\BUL97\mv9535ak.bps --> mango.ucsc.edu /home/josh/heatflow/bullard mv9535ak.bps
97.07.31 14:12 B D:\USER\JOSH\EW9505\MV95H35\AUG97F~1\BUL97\mv9535al.bps --> mango.ucsc.edu /home/josh/heatflow/bullard mv9535al.bps
97.07.31 14:12 B D:\USER\JOSH\EW9505\MV95H35\AUG97F~1\BUL97\mv9535am.bps --> mango.ucsc.edu /home/josh/heatflow/bullard mv9535am.bps
97.07.31 14:12 B D:\USER\JOSH\EW9505\MV95H35\AUG97F~1\BUL97\mv9535an.bps --> mango.ucsc.edu /home/josh/heatflow/bullard mv9535an.bps
97.07.31 14:12 B D:\USER\JOSH\EW9505\MV95H35\AUG97F~1\BUL97\mv9535ao.bps --> mango.ucsc.edu /home/josh/heatflow/bullard mv9535ao.bps
97.07.31 14:12 B D:\USER\JOSH\EW9505\MV95H35\AUG97F~1\BUL97\mv9535ap.bps --> mango.ucsc.edu /home/josh/heatflow/bullard mv9535ap.bps
97.07.31 14:12 B D:\USER\JOSH\EW9505\MV95H35\AUG97F~1\BUL97\mv9535aq.bps --> mango.ucsc.edu /home/josh/heatflow/bullard mv9535aq.bps
97.07.31 14:12 B D:\USER\JOSH\EW9505\MV95H35\AUG97F~1\BUL97\mv9535ar.bps --> mango.ucsc.edu /home/josh/heatflow/bullard mv9535ar.bps
97.07.31 14:12 B D:\USER\JOSH\EW9505\MV95H35\AUG97F~1\BUL97\mv9535as.bps --> mango.ucsc.edu /home/josh/heatflow/bullard mv9535as.bps
97.07.31 14:12 B D:\USER\JOSH\EW9505\MV95H35\AUG97F~1\BUL97\mv9535at.bps --> mango.ucsc.edu /home/josh/heatflow/bullard mv9535at.bps
97.07.31 14:12 B D:\USER\JOSH\EW9505\MV95H35\AUG97F~1\BUL97\mv9535au.bps --> mango.ucsc.edu /home/josh/heatflow/bullard mv9535au.bps
97.07.31 14:12 B D:\USER\JOSH\EW9505\MV95H35\AUG97F~1\BUL97\mv9535av.bps --> mango.ucsc.edu /home/josh/heatflow/bullard mv9535av.bps
97.07.31 14:13 B D:\USER\JOSH\EW9505\MV95H35\AUG97F~1\BUL97\mv9535b.bps --> mango.ucsc.edu /home/josh/heatflow/bullard mv9535b.bps
97.07.31 14:13 B D:\USER\JOSH\EW9505\MV95H35\AUG97F~1\BUL97\mv9535c.bps --> mango.ucsc.edu /home/josh/heatflow/bullard mv9535c.bps
97.07.31 14:13 B D:\USER\JOSH\EW9505\MV95H35\AUG97F~1\BUL97\mv9535d.bps --> mango.ucsc.edu /home/josh/heatflow/bullard mv9535d.bps
97.07.31 14:13 B D:\USER\JOSH\EW9505\MV95H35\AUG97F~1\BUL97\mv9535e.bps --> mango.ucsc.edu /home/josh/heatflow/bullard mv9535e.bps
97.07.31 14:13 B D:\USER\JOSH\EW9505\MV95H35\AUG97F~1\BUL97\mv9535f.bps --> mango.ucsc.edu /home/josh/heatflow/bullard mv9535f.bps
97.07.31 14:13 B D:\USER\JOSH\EW9505\MV95H35\AUG97F~1\BUL97\mv9535g.bps --> mango.ucsc.edu /home/josh/heatflow/bullard mv9535g.bps
97.07.31 14:13 B D:\USER\JOSH\EW9505\MV95H35\AUG97F~1\BUL97\mv9535h.bps --> mango.ucsc.edu /home/josh/heatflow/bullard mv9535h.bps
97.07.31 14:13 B D:\USER\JOSH\EW9505\MV95H35\AUG97F~1\BUL97\mv9535i.bps --> mango.ucsc.edu /home/josh/heatflow/bullard mv9535i.bps
97.07.31 14:13 B D:\USER\JOSH\EW9505\MV95H35\AUG97F~1\BUL97\mv9535j.bps --> mango.ucsc.edu /home/josh/heatflow/bullard mv9535j.bps
97.07.31 14:13 B D:\USER\JOSH\EW9505\MV95H35\AUG97F~1\BUL97\mv9535k.bps --> mango.ucsc.edu /home/josh/heatflow/bullard mv9535k.bps
97.07.31 14:13 B D:\USER\JOSH\EW9505\MV95H35\AUG97F~1\BUL97\mv9535l.bps --> mango.ucsc.edu /home/josh/heatflow/bullard mv9535l.bps
97.07.31 14:13 B D:\USER\JOSH\EW9505\MV95H35\AUG97F~1\BUL97\mv9535m.bps --> mango.ucsc.edu /home/josh/heatflow/bullard mv9535m.bps
97.07.31 14:13 B D:\USER\JOSH\EW9505\MV95H35\AUG97F~1\BUL97\mv9535n.bps --> mango.ucsc.edu /home/josh/heatflow/bullard mv9535n.bps
97.07.31 14:13 B D:\USER\JOSH\EW9505\MV95H35\AUG97F~1\BUL97\mv9535o.bps --> mango.ucsc.edu /home/josh/heatflow/bullard mv9535o.bps
97.07.31 14:13 B D:\USER\JOSH\EW9505\MV95H35\AUG97F~1\BUL97\mv9535p.bps --> mango.ucsc.edu /home/josh/heatflow/bullard mv9535p.bps
97.07.31 14:13 B D:\USER\JOSH\EW9505\MV95H35\AUG97F~1\BUL97\mv9535q.bps --> mango.ucsc.edu /home/josh/heatflow/bullard mv9535q.bps
97.07.31 14:13 B D:\USER\JOSH\EW9505\MV95H35\AUG97F~1\BUL97\mv9535r.bps --> mango.ucsc.edu /home/josh/heatflow/bullard mv9535r.bps
97.07.31 14:13 B D:\USER\JOSH\EW9505\MV95H35\AUG97F~1\BUL97\mv9535s.bps --> mango.ucsc.edu /home/josh/heatflow/bullard mv9535s.bps
97.07.31 14:13 B D:\USER\JOSH\EW9505\MV95H35\AUG97F~1\BUL97\mv9535t.bps --> mango.ucsc.edu /home/josh/heatflow/bullard mv9535t.bps
97.07.31 14:13 B D:\USER\JOSH\EW9505\MV95H35\AUG97F~1\BUL97\mv9535u.bps --> mango.ucsc.edu /home/josh/heatflow/bullard mv9535u.bps
97.07.31 14:13 B D:\USER\JOSH\EW9505\MV95H35\AUG97F~1\BUL97\mv9535v.bps --> mango.ucsc.edu /home/josh/heatflow/bullard mv9535v.bps
97.07.31 14:13 B D:\USER\JOSH\EW9505\MV95H35\AUG97F~1\BUL97\mv9535w.bps --> mango.ucsc.edu /home/josh/heatflow/bullard mv9535w.bps
97.07.31 14:13 B D:\USER\JOSH\EW9505\MV95H35\AUG97F~1\BUL97\mv9535x.bps --> mango.ucsc.edu /home/josh/heatflow/bullard mv9535x.bps
97.07.31 14:13 B D:\USER\JOSH\EW9505\MV95H35\AUG97F~1\BUL97\mv9535y.bps --> mango.ucsc.edu /home/josh/heatflow/bullard mv9535y.bps
97.07.31 14:13 B D:\USER\JOSH\EW9505\MV95H35\AUG97F~1\BUL97\mv9535z.bps --> mango.ucsc.edu /home/josh/heatflow/bullard mv9535z.bps
