










950704050550 25441 25317 25214 25091 25161 25100 25069 24966 24924 24883 24895 27730 31555 32771 65535 0.00000e+00



>>

>>

>>

>>

>>

>>

>>950704050600 25444 25322 25207 25079 25146 25085 25052 24953 24910 24863 24873 27711 31551 32771 65535 0.00000e+00

950704050610 25422 25303 25184 25053 25119 25057 25025 24927 24887 24843 24855 27703 31548 32771 65535 0.00000e+00

lms d
lms d - confirm [Y/N]: y
DO (sampling OFF, on-line data ON)

>>uid
uid - RBR Geothermal Probe Logging System, #0005302, Version 1.01

>>dro
dro - 950704050652 25204 25107 25008 24885 24976 24932 24916 24838 24827 24801 24822 27691 31529 32771 65535 0.00000e+00



>>rap
rap - 

UID  - RBR Geothermal Probe Logging System, #0005302, Version 1.01

TCR  - 950704050715

DPR  - 000637d8

LMR  - DO (sampling OFF, on-line data ON)

SPR  - 10 seconds

HOTR - 20 seconds

HIDR - 30 metres

HRDR - 10 metres

HSDR - 1.0 metres

HSTR - 7 minutes

ACR  - 4489

AFR  - 5 Celsius/second

>>tcr
tcr - 950704050831

>>


>>


>>dpc
dpc - confirm [Y/N]: y
00034000

>>dro







>>lms e
lms e - confirm [Y/N]: y
EO (sampling ON, on-line data ON)

>>950704051210 25314 25186 25072 24990 25101 25030 24966 24860 24827 24800 24812 27788 30616 32771 65535 0.00000e+00

950704051220 25350 25206 25087 24994 25105 25033 24972 24863 24832 24803 24812 27757 30611 32771 65535 0.00000e+00

950704051230 25362 25214 25092 24996 25106 25035 24976 24866 24835 24809 24820 27747 30630 32771 65535 0.00000e+00

950704051240 25353 25210 25091 24995 25106 25040 24986 24878 24848 24821 24832 27751 30659 32771 65535 0.00000e+00

950704051250 25338 25200 25085 24992 25103 25038 24988 24881 24853 24826 24839 27755 30692 32771 65535 1.34640e+01

950704051300 25322 25189 25077 24985 25098 25035 24986 24881 24853 24826 24842 27761 30726 32771 65535 1.34780e+01

950704051310 25306 25177 25071 24983 25097 25035 24989 24886 24856 24832 24849 27773 30758 32771 65535 1.34900e+01

950704051320 25299 25173 25074 24989 25103 25043 25000 24899 24869 24849 24866 27795 30790 32771 65535 1.34830e+01

950704051330 25297 25177 25081 24998 25113 25055 25015 24916 24885 24867 24885 27796 30819 32771 65535 1.34910e+01

950704051340 25299 25183 25089 25007 25126 25070 25031 24934 24901 24882 24903 27799 30847 32771 65535 1.34620e+01

950704203650 27268 26884 26723 26575 26502 26349 26225 26331 26166 26437 26843 27080 21779   771 65535 1.33390e+01

950704203700 27356 27007 26808 26672 26587 26410 26276 26382 26202 26499 26914 27076 21808   771 65535 1.33500e+01

950704203710 27386 27061 26890 26772 26682 26501 26334 26452 26249 26550 26963 27110 21838   771 65535 1.32830e+01

950704203720 27383 27061 26894 26769 26684 26510 26347 26503 26289 26570 26985 27087 21868   771 65535 1.33320e+01

950704203730 27392 27051 26905 26788 26719 26555 26374 26537 26316 26571 27032 26941 21897   771 65535 1.33190e+01

950704203740 27454 27084 26944 26795 26734 26571 26393 26576 26347 26608 27075 26883 21927   771 65535 1.33050e+01

950704203750 27511 27104 26926 26739 26695 26541 26356 26562 26331 26557 27021 26851 21956   771 65535 1.33040e+01

lms d
lms d - confirm [Y/N]: y
DO (sampling OFF, on-line data ON)

>>uid
uid - RBR Geothermal Probe Logging System, #0005302, Version 1.01

>>rap
rap - 

UID  - RBR Geothermal Probe Logging System, #0005302, Version 1.01

TCR  - 950704203804

DPR  - 0006a420

LMR  - DO (sampling OFF, on-line data ON)

SPR  - 10 seconds

HOTR - 20 seconds

HIDR - 30 metres

HRDR - 10 metres

HSDR - 1.0 metres

HSTR - 7 minutes

ACR  - 4489

AFR  - 5 Celsius/second

>>tcr
tcr - 950704203812

>>drt 950102030405
drt 950102030405 - confirm [Y/N]: y
please wait ... XMODEM ready



XMODEM done

>>swhhutdown
shutdown - confirm [Y/N]: y
System shut down

