100.04.28 14:15 A C:\Users\Josh\EW9505\EW9505 HF\mv95h66\mv9566.par --> fig.ucsc.edu /home/josh/heatflow/montecarlo mv9566.par
100.04.28 14:15 A C:\Users\Josh\EW9505\EW9505 HF\mv95h66\mv9566a.pen --> fig.ucsc.edu /home/josh/heatflow/montecarlo mv9566a.pen
100.04.28 14:15 A C:\Users\Josh\EW9505\EW9505 HF\mv95h66\mv9566aa.pen --> fig.ucsc.edu /home/josh/heatflow/montecarlo mv9566aa.pen
100.04.28 14:15 A C:\Users\Josh\EW9505\EW9505 HF\mv95h66\mv9566bb.pen --> fig.ucsc.edu /home/josh/heatflow/montecarlo mv9566bb.pen
100.04.28 14:15 A C:\Users\Josh\EW9505\EW9505 HF\mv95h66\mv9566c.pen --> fig.ucsc.edu /home/josh/heatflow/montecarlo mv9566c.pen
100.04.28 14:15 A C:\Users\Josh\EW9505\EW9505 HF\mv95h66\mv9566cc.pen --> fig.ucsc.edu /home/josh/heatflow/montecarlo mv9566cc.pen
100.04.28 14:15 A C:\Users\Josh\EW9505\EW9505 HF\mv95h66\mv9566cp.pen --> fig.ucsc.edu /home/josh/heatflow/montecarlo mv9566cp.pen
100.04.28 14:15 A C:\Users\Josh\EW9505\EW9505 HF\mv95h66\mv9566d.pen --> fig.ucsc.edu /home/josh/heatflow/montecarlo mv9566d.pen
100.04.28 14:15 A C:\Users\Josh\EW9505\EW9505 HF\mv95h66\mv9566e.pen --> fig.ucsc.edu /home/josh/heatflow/montecarlo mv9566e.pen
100.04.28 14:15 A C:\Users\Josh\EW9505\EW9505 HF\mv95h66\mv9566ee.pen --> fig.ucsc.edu /home/josh/heatflow/montecarlo mv9566ee.pen
100.04.28 14:15 A C:\Users\Josh\EW9505\EW9505 HF\mv95h66\mv9566f.pen --> fig.ucsc.edu /home/josh/heatflow/montecarlo mv9566f.pen
100.04.28 14:15 A C:\Users\Josh\EW9505\EW9505 HF\mv95h66\mv9566ff.pen --> fig.ucsc.edu /home/josh/heatflow/montecarlo mv9566ff.pen
100.04.28 14:15 A C:\Users\Josh\EW9505\EW9505 HF\mv95h66\mv9566g.pen --> fig.ucsc.edu /home/josh/heatflow/montecarlo mv9566g.pen
100.04.28 14:15 A C:\Users\Josh\EW9505\EW9505 HF\mv95h66\mv9566gg.pen --> fig.ucsc.edu /home/josh/heatflow/montecarlo mv9566gg.pen
100.04.28 14:15 A C:\Users\Josh\EW9505\EW9505 HF\mv95h66\mv9566h.pen --> fig.ucsc.edu /home/josh/heatflow/montecarlo mv9566h.pen
100.04.28 14:15 A C:\Users\Josh\EW9505\EW9505 HF\mv95h66\mv9566i.pen --> fig.ucsc.edu /home/josh/heatflow/montecarlo mv9566i.pen
100.04.28 14:15 A C:\Users\Josh\EW9505\EW9505 HF\mv95h66\mv9566ii.pen --> fig.ucsc.edu /home/josh/heatflow/montecarlo mv9566ii.pen
100.04.28 14:15 A C:\Users\Josh\EW9505\EW9505 HF\mv95h66\mv9566k.pen --> fig.ucsc.edu /home/josh/heatflow/montecarlo mv9566k.pen
100.04.28 14:15 A C:\Users\Josh\EW9505\EW9505 HF\mv95h66\mv9566l.pen --> fig.ucsc.edu /home/josh/heatflow/montecarlo mv9566l.pen
100.04.28 14:15 A C:\Users\Josh\EW9505\EW9505 HF\mv95h66\mv9566m.pen --> fig.ucsc.edu /home/josh/heatflow/montecarlo mv9566m.pen
100.04.28 14:15 A C:\Users\Josh\EW9505\EW9505 HF\mv95h66\mv9566n.pen --> fig.ucsc.edu /home/josh/heatflow/montecarlo mv9566n.pen
100.04.28 14:15 A C:\Users\Josh\EW9505\EW9505 HF\mv95h66\mv9566p.pen --> fig.ucsc.edu /home/josh/heatflow/montecarlo mv9566p.pen
100.04.28 14:15 A C:\Users\Josh\EW9505\EW9505 HF\mv95h66\mv9566r.pen --> fig.ucsc.edu /home/josh/heatflow/montecarlo mv9566r.pen
100.04.28 14:15 A C:\Users\Josh\EW9505\EW9505 HF\mv95h66\mv9566s.pen --> fig.ucsc.edu /home/josh/heatflow/montecarlo mv9566s.pen
100.04.28 14:15 A C:\Users\Josh\EW9505\EW9505 HF\mv95h66\mv9566t.pen --> fig.ucsc.edu /home/josh/heatflow/montecarlo mv9566t.pen
100.04.28 14:15 A C:\Users\Josh\EW9505\EW9505 HF\mv95h66\mv9566u.pen --> fig.ucsc.edu /home/josh/heatflow/montecarlo mv9566u.pen
100.04.28 14:15 A C:\Users\Josh\EW9505\EW9505 HF\mv95h66\mv9566v.pen --> fig.ucsc.edu /home/josh/heatflow/montecarlo mv9566v.pen
100.04.28 14:15 A C:\Users\Josh\EW9505\EW9505 HF\mv95h66\mv9566w.pen --> fig.ucsc.edu /home/josh/heatflow/montecarlo mv9566w.pen
100.04.28 14:15 A C:\Users\Josh\EW9505\EW9505 HF\mv95h66\mv9566x.pen --> fig.ucsc.edu /home/josh/heatflow/montecarlo mv9566x.pen
100.04.28 14:15 A C:\Users\Josh\EW9505\EW9505 HF\mv95h66\mv9566y.pen --> fig.ucsc.edu /home/josh/heatflow/montecarlo mv9566y.pen
100.04.28 14:15 A C:\Users\Josh\EW9505\EW9505 HF\mv95h66\mv9566z.pen --> fig.ucsc.edu /home/josh/heatflow/montecarlo mv9566z.pen
