TAP file not found ...
TAP data read in PEN file: Tilt = 38.4 deg - Depth = 2505.0 m ...

Split penetration and heat pulse data:
There is NO heat pulse record ...

Penetration Record: 6
Heat Pulse Record:  -999
End of Data Record: 43

15-Sep-2023 12:28:36 - End of raw data reading and preparation !
==========================================================================


TAP file MV9510D_rf.tapread ...

-------------------------------------------------------------------------------
15-Sep-2023 12:29:05
 - Begin SlugHeat22 PROCESSING
Split penetration and heat pulse data:
There is NO heat pulse record ...

Penetration Record: 6
Heat Pulse Record:  -999
End of Data Record: 43

These sensors are IGNORED in equilibrium temperature processing: 11

These sensors are IGNORED in thermal conductivity processing: 11

-------------------------------------------------------------------------------
15-Sep-2023 12:29:49
 - Begin SlugHeat22 PROCESSING
Split penetration and heat pulse data:
There is NO heat pulse record ...

Penetration Record: 6
Heat Pulse Record:  -999
End of Data Record: 43

