97.07.30 15:50 B D:\USER\JOSH\EW9505\MV95H01\AUG97F~1\BUL97\mv9501a.bps --> mango.ucsc.edu /home/josh/heatflow/bullard mv9501a.bps
97.07.30 15:50 B D:\USER\JOSH\EW9505\MV95H01\AUG97F~1\BUL97\mv9501b.bps --> mango.ucsc.edu /home/josh/heatflow/bullard mv9501b.bps
97.07.30 15:50 B D:\USER\JOSH\EW9505\MV95H01\AUG97F~1\BUL97\mv9501c.bps --> mango.ucsc.edu /home/josh/heatflow/bullard mv9501c.bps
97.07.30 15:50 B D:\USER\JOSH\EW9505\MV95H01\AUG97F~1\BUL97\mv9501d.bps --> mango.ucsc.edu /home/josh/heatflow/bullard mv9501d.bps
97.07.30 15:50 B D:\USER\JOSH\EW9505\MV95H01\AUG97F~1\BUL97\mv9501e.bps --> mango.ucsc.edu /home/josh/heatflow/bullard mv9501e.bps
97.07.30 15:50 B D:\USER\JOSH\EW9505\MV95H01\AUG97F~1\BUL97\mv9501f.bps --> mango.ucsc.edu /home/josh/heatflow/bullard mv9501f.bps
97.07.30 15:50 B D:\USER\JOSH\EW9505\MV95H01\AUG97F~1\BUL97\mv9501g.bps --> mango.ucsc.edu /home/josh/heatflow/bullard mv9501g.bps
97.07.30 15:50 B D:\USER\JOSH\EW9505\MV95H01\AUG97F~1\BUL97\mv9501h.bps --> mango.ucsc.edu /home/josh/heatflow/bullard mv9501h.bps
97.07.30 15:50 B D:\USER\JOSH\EW9505\MV95H01\AUG97F~1\BUL97\mv9501i.bps --> mango.ucsc.edu /home/josh/heatflow/bullard mv9501i.bps
97.07.30 15:50 B D:\USER\JOSH\EW9505\MV95H01\AUG97F~1\BUL97\mv9501j.bps --> mango.ucsc.edu /home/josh/heatflow/bullard mv9501j.bps
97.07.30 15:50 B D:\USER\JOSH\EW9505\MV95H01\AUG97F~1\BUL97\mv9501k.bps --> mango.ucsc.edu /home/josh/heatflow/bullard mv9501k.bps
97.07.30 15:50 B D:\USER\JOSH\EW9505\MV95H01\AUG97F~1\BUL97\mv9501l.bps --> mango.ucsc.edu /home/josh/heatflow/bullard mv9501l.bps
97.07.30 15:50 B D:\USER\JOSH\EW9505\MV95H01\AUG97F~1\BUL97\mv9501m.bps --> mango.ucsc.edu /home/josh/heatflow/bullard mv9501m.bps
97.07.30 15:50 B D:\USER\JOSH\EW9505\MV95H01\AUG97F~1\BUL97\mv9501n.bps --> mango.ucsc.edu /home/josh/heatflow/bullard mv9501n.bps
97.07.30 15:50 B D:\USER\JOSH\EW9505\MV95H01\AUG97F~1\BUL97\mv9501o.bps --> mango.ucsc.edu /home/josh/heatflow/bullard mv9501o.bps
97.07.30 15:50 B D:\USER\JOSH\EW9505\MV95H01\AUG97F~1\BUL97\mv9501p.bps --> mango.ucsc.edu /home/josh/heatflow/bullard mv9501p.bps
97.07.30 15:50 B D:\USER\JOSH\EW9505\MV95H01\AUG97F~1\BUL97\mv9501q.bps --> mango.ucsc.edu /home/josh/heatflow/bullard mv9501q.bps
97.07.30 15:50 B D:\USER\JOSH\EW9505\MV95H01\AUG97F~1\BUL97\mv9501r.bps --> mango.ucsc.edu /home/josh/heatflow/bullard mv9501r.bps
97.07.30 15:50 B D:\USER\JOSH\EW9505\MV95H01\AUG97F~1\BUL97\mv9501s.bps --> mango.ucsc.edu /home/josh/heatflow/bullard mv9501s.bps
97.07.30 15:50 B D:\USER\JOSH\EW9505\MV95H01\AUG97F~1\BUL97\mv9501t.bps --> mango.ucsc.edu /home/josh/heatflow/bullard mv9501t.bps
97.07.30 15:50 B D:\USER\JOSH\EW9505\MV95H01\AUG97F~1\BUL97\mv9501u.bps --> mango.ucsc.edu /home/josh/heatflow/bullard mv9501u.bps
97.07.30 15:50 B D:\USER\JOSH\EW9505\MV95H01\AUG97F~1\BUL97\mv9501v.bps --> mango.ucsc.edu /home/josh/heatflow/bullard mv9501v.bps
97.07.30 15:50 B D:\USER\JOSH\EW9505\MV95H01\AUG97F~1\BUL97\mv9501w.bps --> mango.ucsc.edu /home/josh/heatflow/bullard mv9501w.bps
