100.04.28 13:54 A C:\Users\Josh\EW9505\EW9505 HF\MV95H01\1996pens\MV9501A.PEN --> fig.ucsc.edu /home/josh/heatflow/mv95h01/hfredmc-runs MV9501A.PEN
100.04.28 13:54 A C:\Users\Josh\EW9505\EW9505 HF\MV95H01\1996pens\MV9501B.PEN --> fig.ucsc.edu /home/josh/heatflow/mv95h01/hfredmc-runs MV9501B.PEN
100.04.28 13:54 A C:\Users\Josh\EW9505\EW9505 HF\MV95H01\1996pens\MV9501C.PEN --> fig.ucsc.edu /home/josh/heatflow/mv95h01/hfredmc-runs MV9501C.PEN
100.04.28 13:54 A C:\Users\Josh\EW9505\EW9505 HF\MV95H01\1996pens\MV9501D.PEN --> fig.ucsc.edu /home/josh/heatflow/mv95h01/hfredmc-runs MV9501D.PEN
100.04.28 13:54 A C:\Users\Josh\EW9505\EW9505 HF\MV95H01\1996pens\MV9501E.PEN --> fig.ucsc.edu /home/josh/heatflow/mv95h01/hfredmc-runs MV9501E.PEN
100.04.28 13:54 A C:\Users\Josh\EW9505\EW9505 HF\MV95H01\1996pens\MV9501F.PEN --> fig.ucsc.edu /home/josh/heatflow/mv95h01/hfredmc-runs MV9501F.PEN
100.04.28 13:54 A C:\Users\Josh\EW9505\EW9505 HF\MV95H01\1996pens\MV9501G.PEN --> fig.ucsc.edu /home/josh/heatflow/mv95h01/hfredmc-runs MV9501G.PEN
100.04.28 13:54 A C:\Users\Josh\EW9505\EW9505 HF\MV95H01\1996pens\MV9501H.PEN --> fig.ucsc.edu /home/josh/heatflow/mv95h01/hfredmc-runs MV9501H.PEN
100.04.28 13:54 A C:\Users\Josh\EW9505\EW9505 HF\MV95H01\1996pens\MV9501I.PEN --> fig.ucsc.edu /home/josh/heatflow/mv95h01/hfredmc-runs MV9501I.PEN
100.04.28 13:54 A C:\Users\Josh\EW9505\EW9505 HF\MV95H01\1996pens\MV9501J.PEN --> fig.ucsc.edu /home/josh/heatflow/mv95h01/hfredmc-runs MV9501J.PEN
100.04.28 13:54 A C:\Users\Josh\EW9505\EW9505 HF\MV95H01\1996pens\MV9501K.PEN --> fig.ucsc.edu /home/josh/heatflow/mv95h01/hfredmc-runs MV9501K.PEN
100.04.28 13:54 A C:\Users\Josh\EW9505\EW9505 HF\MV95H01\1996pens\MV9501L.PEN --> fig.ucsc.edu /home/josh/heatflow/mv95h01/hfredmc-runs MV9501L.PEN
100.04.28 13:54 A C:\Users\Josh\EW9505\EW9505 HF\MV95H01\1996pens\MV9501M.PEN --> fig.ucsc.edu /home/josh/heatflow/mv95h01/hfredmc-runs MV9501M.PEN
100.04.28 13:54 A C:\Users\Josh\EW9505\EW9505 HF\MV95H01\1996pens\MV9501N.PEN --> fig.ucsc.edu /home/josh/heatflow/mv95h01/hfredmc-runs MV9501N.PEN
100.04.28 13:54 A C:\Users\Josh\EW9505\EW9505 HF\MV95H01\1996pens\MV9501O.PEN --> fig.ucsc.edu /home/josh/heatflow/mv95h01/hfredmc-runs MV9501O.PEN
100.04.28 13:54 A C:\Users\Josh\EW9505\EW9505 HF\MV95H01\1996pens\MV9501P.PEN --> fig.ucsc.edu /home/josh/heatflow/mv95h01/hfredmc-runs MV9501P.PEN
100.04.28 13:54 A C:\Users\Josh\EW9505\EW9505 HF\MV95H01\1996pens\MV9501Q.PEN --> fig.ucsc.edu /home/josh/heatflow/mv95h01/hfredmc-runs MV9501Q.PEN
100.04.28 13:54 A C:\Users\Josh\EW9505\EW9505 HF\MV95H01\1996pens\MV9501R.PEN --> fig.ucsc.edu /home/josh/heatflow/mv95h01/hfredmc-runs MV9501R.PEN
100.04.28 13:54 A C:\Users\Josh\EW9505\EW9505 HF\MV95H01\1996pens\MV9501S.PEN --> fig.ucsc.edu /home/josh/heatflow/mv95h01/hfredmc-runs MV9501S.PEN
100.04.28 13:54 A C:\Users\Josh\EW9505\EW9505 HF\MV95H01\1996pens\MV9501T.PEN --> fig.ucsc.edu /home/josh/heatflow/mv95h01/hfredmc-runs MV9501T.PEN
100.04.28 13:54 A C:\Users\Josh\EW9505\EW9505 HF\MV95H01\1996pens\MV9501U.PEN --> fig.ucsc.edu /home/josh/heatflow/mv95h01/hfredmc-runs MV9501U.PEN
100.04.28 13:54 A C:\Users\Josh\EW9505\EW9505 HF\MV95H01\1996pens\MV9501V.PEN --> fig.ucsc.edu /home/josh/heatflow/mv95h01/hfredmc-runs MV9501V.PEN
100.04.28 13:54 A C:\Users\Josh\EW9505\EW9505 HF\MV95H01\1996pens\MV9501W.PEN --> fig.ucsc.edu /home/josh/heatflow/mv95h01/hfredmc-runs MV9501W.PEN
100.04.28 13:54 A C:\Users\Josh\EW9505\EW9505 HF\MV95H01\1996pens\MV95H01A.PEN --> fig.ucsc.edu /home/josh/heatflow/mv95h01/hfredmc-runs MV95H01A.PEN
100.04.28 13:55 A C:\Users\Josh\EW9505\EW9505 HF\MV95H01\1996pens\MV9501A.PEN --> fig.ucsc.edu /home/josh/heatflow/mv95h01/hfredmc-runs mv9501a.pen
100.04.28 13:55 A C:\Users\Josh\EW9505\EW9505 HF\MV95H01\1996pens\MV9501B.PEN --> fig.ucsc.edu /home/josh/heatflow/mv95h01/hfredmc-runs mv9501b.pen
100.04.28 13:55 A C:\Users\Josh\EW9505\EW9505 HF\MV95H01\1996pens\MV9501C.PEN --> fig.ucsc.edu /home/josh/heatflow/mv95h01/hfredmc-runs mv9501c.pen
100.04.28 13:55 A C:\Users\Josh\EW9505\EW9505 HF\MV95H01\1996pens\MV9501D.PEN --> fig.ucsc.edu /home/josh/heatflow/mv95h01/hfredmc-runs mv9501d.pen
100.04.28 13:55 A C:\Users\Josh\EW9505\EW9505 HF\MV95H01\1996pens\MV9501E.PEN --> fig.ucsc.edu /home/josh/heatflow/mv95h01/hfredmc-runs mv9501e.pen
100.04.28 13:55 A C:\Users\Josh\EW9505\EW9505 HF\MV95H01\1996pens\MV9501F.PEN --> fig.ucsc.edu /home/josh/heatflow/mv95h01/hfredmc-runs mv9501f.pen
100.04.28 13:55 A C:\Users\Josh\EW9505\EW9505 HF\MV95H01\1996pens\MV9501G.PEN --> fig.ucsc.edu /home/josh/heatflow/mv95h01/hfredmc-runs mv9501g.pen
100.04.28 13:55 A C:\Users\Josh\EW9505\EW9505 HF\MV95H01\1996pens\MV9501H.PEN --> fig.ucsc.edu /home/josh/heatflow/mv95h01/hfredmc-runs mv9501h.pen
100.04.28 13:55 A C:\Users\Josh\EW9505\EW9505 HF\MV95H01\1996pens\MV9501I.PEN --> fig.ucsc.edu /home/josh/heatflow/mv95h01/hfredmc-runs mv9501i.pen
100.04.28 13:55 A C:\Users\Josh\EW9505\EW9505 HF\MV95H01\1996pens\MV9501J.PEN --> fig.ucsc.edu /home/josh/heatflow/mv95h01/hfredmc-runs mv9501j.pen
100.04.28 13:55 A C:\Users\Josh\EW9505\EW9505 HF\MV95H01\1996pens\MV9501K.PEN --> fig.ucsc.edu /home/josh/heatflow/mv95h01/hfredmc-runs mv9501k.pen
100.04.28 13:55 A C:\Users\Josh\EW9505\EW9505 HF\MV95H01\1996pens\MV9501L.PEN --> fig.ucsc.edu /home/josh/heatflow/mv95h01/hfredmc-runs mv9501l.pen
100.04.28 13:55 A C:\Users\Josh\EW9505\EW9505 HF\MV95H01\1996pens\MV9501M.PEN --> fig.ucsc.edu /home/josh/heatflow/mv95h01/hfredmc-runs mv9501m.pen
100.04.28 13:55 A C:\Users\Josh\EW9505\EW9505 HF\MV95H01\1996pens\MV9501N.PEN --> fig.ucsc.edu /home/josh/heatflow/mv95h01/hfredmc-runs mv9501n.pen
100.04.28 13:55 A C:\Users\Josh\EW9505\EW9505 HF\MV95H01\1996pens\MV9501O.PEN --> fig.ucsc.edu /home/josh/heatflow/mv95h01/hfredmc-runs mv9501o.pen
100.04.28 13:55 A C:\Users\Josh\EW9505\EW9505 HF\MV95H01\1996pens\MV9501P.PEN --> fig.ucsc.edu /home/josh/heatflow/mv95h01/hfredmc-runs mv9501p.pen
100.04.28 13:55 A C:\Users\Josh\EW9505\EW9505 HF\MV95H01\1996pens\MV9501Q.PEN --> fig.ucsc.edu /home/josh/heatflow/mv95h01/hfredmc-runs mv9501q.pen
100.04.28 13:55 A C:\Users\Josh\EW9505\EW9505 HF\MV95H01\1996pens\MV9501R.PEN --> fig.ucsc.edu /home/josh/heatflow/mv95h01/hfredmc-runs mv9501r.pen
100.04.28 13:55 A C:\Users\Josh\EW9505\EW9505 HF\MV95H01\1996pens\MV9501S.PEN --> fig.ucsc.edu /home/josh/heatflow/mv95h01/hfredmc-runs mv9501s.pen
100.04.28 13:55 A C:\Users\Josh\EW9505\EW9505 HF\MV95H01\1996pens\MV9501T.PEN --> fig.ucsc.edu /home/josh/heatflow/mv95h01/hfredmc-runs mv9501t.pen
100.04.28 13:55 A C:\Users\Josh\EW9505\EW9505 HF\MV95H01\1996pens\MV9501U.PEN --> fig.ucsc.edu /home/josh/heatflow/mv95h01/hfredmc-runs mv9501u.pen
100.04.28 13:55 A C:\Users\Josh\EW9505\EW9505 HF\MV95H01\1996pens\MV9501V.PEN --> fig.ucsc.edu /home/josh/heatflow/mv95h01/hfredmc-runs mv9501v.pen
100.04.28 13:55 A C:\Users\Josh\EW9505\EW9505 HF\MV95H01\1996pens\MV9501W.PEN --> fig.ucsc.edu /home/josh/heatflow/mv95h01/hfredmc-runs mv9501w.pen
100.04.28 13:55 A C:\Users\Josh\EW9505\EW9505 HF\MV95H01\1996pens\MV95H01A.PEN --> fig.ucsc.edu /home/josh/heatflow/mv95h01/hfredmc-runs mv95h01a.pen
100.04.28 14:07 A C:\Users\Josh\EW9505\EW9505 HF\mv95h01\1996pens\mv9501a.pen --> fig.ucsc.edu /home/josh/heatflow/montecarlo mv9501a.pen
100.04.28 14:07 A C:\Users\Josh\EW9505\EW9505 HF\mv95h01\1996pens\mv9501b.pen --> fig.ucsc.edu /home/josh/heatflow/montecarlo mv9501b.pen
100.04.28 14:07 A C:\Users\Josh\EW9505\EW9505 HF\mv95h01\1996pens\mv9501c.pen --> fig.ucsc.edu /home/josh/heatflow/montecarlo mv9501c.pen
100.04.28 14:07 A C:\Users\Josh\EW9505\EW9505 HF\mv95h01\1996pens\mv9501d.pen --> fig.ucsc.edu /home/josh/heatflow/montecarlo mv9501d.pen
100.04.28 14:07 A C:\Users\Josh\EW9505\EW9505 HF\mv95h01\1996pens\mv9501e.pen --> fig.ucsc.edu /home/josh/heatflow/montecarlo mv9501e.pen
100.04.28 14:07 A C:\Users\Josh\EW9505\EW9505 HF\mv95h01\1996pens\mv9501f.pen --> fig.ucsc.edu /home/josh/heatflow/montecarlo mv9501f.pen
100.04.28 14:07 A C:\Users\Josh\EW9505\EW9505 HF\mv95h01\1996pens\mv9501g.pen --> fig.ucsc.edu /home/josh/heatflow/montecarlo mv9501g.pen
100.04.28 14:07 A C:\Users\Josh\EW9505\EW9505 HF\mv95h01\1996pens\mv9501h.pen --> fig.ucsc.edu /home/josh/heatflow/montecarlo mv9501h.pen
100.04.28 14:07 A C:\Users\Josh\EW9505\EW9505 HF\mv95h01\1996pens\mv9501i.pen --> fig.ucsc.edu /home/josh/heatflow/montecarlo mv9501i.pen
100.04.28 14:07 A C:\Users\Josh\EW9505\EW9505 HF\mv95h01\1996pens\mv9501j.pen --> fig.ucsc.edu /home/josh/heatflow/montecarlo mv9501j.pen
100.04.28 14:07 A C:\Users\Josh\EW9505\EW9505 HF\mv95h01\1996pens\mv9501k.pen --> fig.ucsc.edu /home/josh/heatflow/montecarlo mv9501k.pen
100.04.28 14:07 A C:\Users\Josh\EW9505\EW9505 HF\mv95h01\1996pens\mv9501l.pen --> fig.ucsc.edu /home/josh/heatflow/montecarlo mv9501l.pen
100.04.28 14:07 A C:\Users\Josh\EW9505\EW9505 HF\mv95h01\1996pens\mv9501m.pen --> fig.ucsc.edu /home/josh/heatflow/montecarlo mv9501m.pen
100.04.28 14:07 A C:\Users\Josh\EW9505\EW9505 HF\mv95h01\1996pens\mv9501n.pen --> fig.ucsc.edu /home/josh/heatflow/montecarlo mv9501n.pen
100.04.28 14:07 A C:\Users\Josh\EW9505\EW9505 HF\mv95h01\1996pens\mv9501o.pen --> fig.ucsc.edu /home/josh/heatflow/montecarlo mv9501o.pen
100.04.28 14:07 A C:\Users\Josh\EW9505\EW9505 HF\mv95h01\1996pens\mv9501p.pen --> fig.ucsc.edu /home/josh/heatflow/montecarlo mv9501p.pen
100.04.28 14:07 A C:\Users\Josh\EW9505\EW9505 HF\mv95h01\1996pens\mv9501q.pen --> fig.ucsc.edu /home/josh/heatflow/montecarlo mv9501q.pen
100.04.28 14:07 A C:\Users\Josh\EW9505\EW9505 HF\mv95h01\1996pens\mv9501r.pen --> fig.ucsc.edu /home/josh/heatflow/montecarlo mv9501r.pen
100.04.28 14:07 A C:\Users\Josh\EW9505\EW9505 HF\mv95h01\1996pens\mv9501s.pen --> fig.ucsc.edu /home/josh/heatflow/montecarlo mv9501s.pen
100.04.28 14:07 A C:\Users\Josh\EW9505\EW9505 HF\mv95h01\1996pens\mv9501t.pen --> fig.ucsc.edu /home/josh/heatflow/montecarlo mv9501t.pen
100.04.28 14:07 A C:\Users\Josh\EW9505\EW9505 HF\mv95h01\1996pens\mv9501u.pen --> fig.ucsc.edu /home/josh/heatflow/montecarlo mv9501u.pen
100.04.28 14:07 A C:\Users\Josh\EW9505\EW9505 HF\mv95h01\1996pens\mv9501v.pen --> fig.ucsc.edu /home/josh/heatflow/montecarlo mv9501v.pen
100.04.28 14:07 A C:\Users\Josh\EW9505\EW9505 HF\mv95h01\1996pens\mv9501w.pen --> fig.ucsc.edu /home/josh/heatflow/montecarlo mv9501w.pen
