Penetration file /Users/kristindickerson/03_local-repos/slugheat/inputs/CHINOoK/CHINOoK_rf/HF2/CHINOoK_HF2_2.pen read ...
Split penetration and heat pulse data:
There is a heat pulse record ...

Penetration Record: 22
Heat Pulse Record:  41
End of Data Record: 71

25-Sep-2023 17:37:02 - End of raw data reading and preparation !
==========================================================================


TAP file CHINOoK_HF2_2.tapread ...

-------------------------------------------------------------------------------
25-Sep-2023 17:37:13
 - Begin SlugHeat22 PROCESSING
Split penetration and heat pulse data:
There is a heat pulse record ...

Penetration Record: 22
Heat Pulse Record:  41
End of Data Record: 71

These sensors are IGNORED in equilibrium temperature processing: 11

These sensors are IGNORED in thermal conductivity processing: 11

-------------------------------------------------------------------------------
25-Sep-2023 17:38:26
 - Begin SlugHeat22 PROCESSING
Split penetration and heat pulse data:
There is a heat pulse record ...

Penetration Record: 22
Heat Pulse Record:  41
End of Data Record: 71

These sensors are IGNORED in processing: 11

These sensors are IGNORED in processing: 11

