Penetration file /Users/kristindickerson/03_local-repos/slugheat/inputs/Old_HFData/ReformattedPens/RetroFlux-2000_rf/E01_rf/00E01P03_rf.pen read ...
Split penetration and heat pulse data:
There is a heat pulse record ...

Penetration Record: 6
Heat Pulse Record:  47
End of Data Record: 92

09-Oct-2023 12:01:33 - End of raw data reading and preparation !
==========================================================================


TAP file 00E01P03_rf.tapread ...

-------------------------------------------------------------------------------
09-Oct-2023 12:11:28
 - Begin SlugHeat22 PROCESSING
Split penetration and heat pulse data:
There is a heat pulse record ...

Penetration Record: 6
Heat Pulse Record:  47
End of Data Record: 92

These sensors are IGNORED in equilibrium temperature processing: 2

These sensors are IGNORED in thermal conductivity processing: 2

-------------------------------------------------------------------------------
09-Oct-2023 12:13:04
 - Begin SlugHeat22 PROCESSING
Split penetration and heat pulse data:
There is a heat pulse record ...

Penetration Record: 6
Heat Pulse Record:  47
End of Data Record: 92

These sensors are IGNORED in equilibrium temperature processing: 2

These sensors are IGNORED in thermal conductivity processing: 

-------------------------------------------------------------------------------
09-Oct-2023 12:15:43
 - Begin SlugHeat22 PROCESSING
Split penetration and heat pulse data:
There is a heat pulse record ...

Penetration Record: 6
Heat Pulse Record:  47
End of Data Record: 92

These sensors are IGNORED in equilibrium temperature processing: 2  7  8

These sensors are IGNORED in thermal conductivity processing: 

-------------------------------------------------------------------------------
09-Oct-2023 12:21:32
 - Begin SlugHeat22 PROCESSING
Split penetration and heat pulse data:
There is a heat pulse record ...

Penetration Record: 6
Heat Pulse Record:  47
End of Data Record: 92

These sensors are IGNORED in equilibrium temperature processing: 2  7  8

These sensors are IGNORED in thermal conductivity processing: 2  7  8

-------------------------------------------------------------------------------
09-Oct-2023 12:23:51
 - Begin SlugHeat22 PROCESSING
Split penetration and heat pulse data:
There is a heat pulse record ...

Penetration Record: 6
Heat Pulse Record:  47
End of Data Record: 92

