TAP file not found ...
TAP data read in PEN file: Tilt = 38.3 deg - Depth = 2503.0 m ...

Split penetration and heat pulse data:
There is NO heat pulse record ...

Penetration Record: 6
Heat Pulse Record:  -999
End of Data Record: 47

15-Sep-2023 12:47:57 - End of raw data reading and preparation !
==========================================================================


TAP file MV9510G_rf.tapread ...

-------------------------------------------------------------------------------
15-Sep-2023 12:48:16
 - Begin SlugHeat22 PROCESSING
Split penetration and heat pulse data:
There is NO heat pulse record ...

Penetration Record: 6
Heat Pulse Record:  -999
End of Data Record: 47

-------------------------------------------------------------------------------
15-Sep-2023 12:48:18
 - Begin SlugHeat22 PROCESSING
Split penetration and heat pulse data:
There is NO heat pulse record ...

Penetration Record: 6
Heat Pulse Record:  -999
End of Data Record: 47

These sensors are IGNORED in equilibrium temperature processing: 11

These sensors are IGNORED in thermal conductivity processing: 11

-------------------------------------------------------------------------------
15-Sep-2023 12:49:06
 - Begin SlugHeat22 PROCESSING
Split penetration and heat pulse data:
There is NO heat pulse record ...

Penetration Record: 6
Heat Pulse Record:  -999
End of Data Record: 47

