100.04.28 14:06 A C:\Users\Josh\EW9505\EW9505 HF\mv95h06\1996penfiles\mv9506a.pen --> fig.ucsc.edu /home/josh/heatflow/mv95h06/hfredmc-runs mv9506a.pen
100.04.28 14:06 A C:\Users\Josh\EW9505\EW9505 HF\mv95h06\1996penfiles\mv9506b.pen --> fig.ucsc.edu /home/josh/heatflow/mv95h06/hfredmc-runs mv9506b.pen
100.04.28 14:06 A C:\Users\Josh\EW9505\EW9505 HF\mv95h06\1996penfiles\mv9506c.pen --> fig.ucsc.edu /home/josh/heatflow/mv95h06/hfredmc-runs mv9506c.pen
100.04.28 14:06 A C:\Users\Josh\EW9505\EW9505 HF\mv95h06\1996penfiles\mv9506d.pen --> fig.ucsc.edu /home/josh/heatflow/mv95h06/hfredmc-runs mv9506d.pen
100.04.28 14:06 A C:\Users\Josh\EW9505\EW9505 HF\mv95h06\1996penfiles\mv9506e.pen --> fig.ucsc.edu /home/josh/heatflow/mv95h06/hfredmc-runs mv9506e.pen
100.04.28 14:06 A C:\Users\Josh\EW9505\EW9505 HF\mv95h06\1996penfiles\mv9506f.pen --> fig.ucsc.edu /home/josh/heatflow/mv95h06/hfredmc-runs mv9506f.pen
100.04.28 14:06 A C:\Users\Josh\EW9505\EW9505 HF\mv95h06\1996penfiles\mv9506g.pen --> fig.ucsc.edu /home/josh/heatflow/mv95h06/hfredmc-runs mv9506g.pen
100.04.28 14:06 A C:\Users\Josh\EW9505\EW9505 HF\mv95h06\1996penfiles\mv9506h.pen --> fig.ucsc.edu /home/josh/heatflow/mv95h06/hfredmc-runs mv9506h.pen
100.04.28 14:06 A C:\Users\Josh\EW9505\EW9505 HF\mv95h06\1996penfiles\mv9506i.pen --> fig.ucsc.edu /home/josh/heatflow/mv95h06/hfredmc-runs mv9506i.pen
100.04.28 14:06 A C:\Users\Josh\EW9505\EW9505 HF\mv95h06\1996penfiles\mv9506j.pen --> fig.ucsc.edu /home/josh/heatflow/mv95h06/hfredmc-runs mv9506j.pen
100.04.28 14:06 A C:\Users\Josh\EW9505\EW9505 HF\mv95h06\1996penfiles\mv9506k.pen --> fig.ucsc.edu /home/josh/heatflow/mv95h06/hfredmc-runs mv9506k.pen
100.04.28 14:06 A C:\Users\Josh\EW9505\EW9505 HF\mv95h06\1996penfiles\mv9506l.pen --> fig.ucsc.edu /home/josh/heatflow/mv95h06/hfredmc-runs mv9506l.pen
100.04.28 14:06 A C:\Users\Josh\EW9505\EW9505 HF\mv95h06\1996penfiles\mv9506m.pen --> fig.ucsc.edu /home/josh/heatflow/mv95h06/hfredmc-runs mv9506m.pen
100.04.28 14:06 A C:\Users\Josh\EW9505\EW9505 HF\mv95h06\1996penfiles\mv9506n.pen --> fig.ucsc.edu /home/josh/heatflow/mv95h06/hfredmc-runs mv9506n.pen
100.04.28 14:06 A C:\Users\Josh\EW9505\EW9505 HF\mv95h06\1996penfiles\mv9506o.pen --> fig.ucsc.edu /home/josh/heatflow/mv95h06/hfredmc-runs mv9506o.pen
100.04.28 14:06 A C:\Users\Josh\EW9505\EW9505 HF\mv95h06\1996penfiles\mv9506p.pen --> fig.ucsc.edu /home/josh/heatflow/mv95h06/hfredmc-runs mv9506p.pen
100.04.28 14:06 A C:\Users\Josh\EW9505\EW9505 HF\mv95h06\1996penfiles\mv9506q.pen --> fig.ucsc.edu /home/josh/heatflow/mv95h06/hfredmc-runs mv9506q.pen
100.04.28 14:06 A C:\Users\Josh\EW9505\EW9505 HF\mv95h06\1996penfiles\mv9506r.pen --> fig.ucsc.edu /home/josh/heatflow/mv95h06/hfredmc-runs mv9506r.pen
100.04.28 14:08 A C:\Users\Josh\EW9505\EW9505 HF\mv95h06\1996penfiles\mv9506a.pen --> fig.ucsc.edu /home/josh/heatflow/montecarlo mv9506a.pen
100.04.28 14:08 A C:\Users\Josh\EW9505\EW9505 HF\mv95h06\1996penfiles\mv9506b.pen --> fig.ucsc.edu /home/josh/heatflow/montecarlo mv9506b.pen
100.04.28 14:08 A C:\Users\Josh\EW9505\EW9505 HF\mv95h06\1996penfiles\mv9506c.pen --> fig.ucsc.edu /home/josh/heatflow/montecarlo mv9506c.pen
100.04.28 14:08 A C:\Users\Josh\EW9505\EW9505 HF\mv95h06\1996penfiles\mv9506d.pen --> fig.ucsc.edu /home/josh/heatflow/montecarlo mv9506d.pen
100.04.28 14:08 A C:\Users\Josh\EW9505\EW9505 HF\mv95h06\1996penfiles\mv9506e.pen --> fig.ucsc.edu /home/josh/heatflow/montecarlo mv9506e.pen
100.04.28 14:08 A C:\Users\Josh\EW9505\EW9505 HF\mv95h06\1996penfiles\mv9506f.pen --> fig.ucsc.edu /home/josh/heatflow/montecarlo mv9506f.pen
100.04.28 14:08 A C:\Users\Josh\EW9505\EW9505 HF\mv95h06\1996penfiles\mv9506g.pen --> fig.ucsc.edu /home/josh/heatflow/montecarlo mv9506g.pen
100.04.28 14:08 A C:\Users\Josh\EW9505\EW9505 HF\mv95h06\1996penfiles\mv9506h.pen --> fig.ucsc.edu /home/josh/heatflow/montecarlo mv9506h.pen
100.04.28 14:08 A C:\Users\Josh\EW9505\EW9505 HF\mv95h06\1996penfiles\mv9506i.pen --> fig.ucsc.edu /home/josh/heatflow/montecarlo mv9506i.pen
100.04.28 14:08 A C:\Users\Josh\EW9505\EW9505 HF\mv95h06\1996penfiles\mv9506j.pen --> fig.ucsc.edu /home/josh/heatflow/montecarlo mv9506j.pen
100.04.28 14:08 A C:\Users\Josh\EW9505\EW9505 HF\mv95h06\1996penfiles\mv9506k.pen --> fig.ucsc.edu /home/josh/heatflow/montecarlo mv9506k.pen
100.04.28 14:08 A C:\Users\Josh\EW9505\EW9505 HF\mv95h06\1996penfiles\mv9506l.pen --> fig.ucsc.edu /home/josh/heatflow/montecarlo mv9506l.pen
100.04.28 14:08 A C:\Users\Josh\EW9505\EW9505 HF\mv95h06\1996penfiles\mv9506m.pen --> fig.ucsc.edu /home/josh/heatflow/montecarlo mv9506m.pen
100.04.28 14:08 A C:\Users\Josh\EW9505\EW9505 HF\mv95h06\1996penfiles\mv9506n.pen --> fig.ucsc.edu /home/josh/heatflow/montecarlo mv9506n.pen
100.04.28 14:08 A C:\Users\Josh\EW9505\EW9505 HF\mv95h06\1996penfiles\mv9506o.pen --> fig.ucsc.edu /home/josh/heatflow/montecarlo mv9506o.pen
100.04.28 14:08 A C:\Users\Josh\EW9505\EW9505 HF\mv95h06\1996penfiles\mv9506p.pen --> fig.ucsc.edu /home/josh/heatflow/montecarlo mv9506p.pen
100.04.28 14:08 A C:\Users\Josh\EW9505\EW9505 HF\mv95h06\1996penfiles\mv9506q.pen --> fig.ucsc.edu /home/josh/heatflow/montecarlo mv9506q.pen
100.04.28 14:08 A C:\Users\Josh\EW9505\EW9505 HF\mv95h06\1996penfiles\mv9506r.pen --> fig.ucsc.edu /home/josh/heatflow/montecarlo mv9506r.pen
