Penetration file /Users/kristindickerson/03_local-repos/slugheat/inputs/Old_HFData/ReformattedPens/TicoFluxII_rf/hf07_rf/t2h07p01_rf.pen read ...
Split penetration and heat pulse data:
There is a heat pulse record ...

Penetration Record: 6
Heat Pulse Record:  49
End of Data Record: 117

15-Sep-2023 16:30:36 - End of raw data reading and preparation !
==========================================================================


TAP file t2h07p01_rf.tapread ...

Split penetration and heat pulse data:
There is a heat pulse record ...

Penetration Record: 6
Heat Pulse Record:  49
End of Data Record: 117

15-Sep-2023 16:31:20 - End of raw data reading and preparation !
==========================================================================


-------------------------------------------------------------------------------
15-Sep-2023 16:31:23
 - Begin SlugHeat22 PROCESSING
Split penetration and heat pulse data:
There is a heat pulse record ...

Penetration Record: 6
Heat Pulse Record:  49
End of Data Record: 117

These sensors are IGNORED in equilibrium temperature processing: 10  11

These sensors are IGNORED in thermal conductivity processing: 10  11

-------------------------------------------------------------------------------
15-Sep-2023 16:32:59
 - Begin SlugHeat22 PROCESSING
Split penetration and heat pulse data:
There is a heat pulse record ...

Penetration Record: 6
Heat Pulse Record:  49
End of Data Record: 117

