100.04.28 14:10 A C:\Users\Josh\EW9505\EW9505 HF\mv95h10\mv9510.par --> fig.ucsc.edu /home/josh/heatflow/montecarlo mv9510.par
100.04.28 14:10 A C:\Users\Josh\EW9505\EW9505 HF\mv95h10\mv9510a.pen --> fig.ucsc.edu /home/josh/heatflow/montecarlo mv9510a.pen
100.04.28 14:10 A C:\Users\Josh\EW9505\EW9505 HF\mv95h10\mv9510aa.pen --> fig.ucsc.edu /home/josh/heatflow/montecarlo mv9510aa.pen
100.04.28 14:10 A C:\Users\Josh\EW9505\EW9505 HF\mv95h10\mv9510b.pen --> fig.ucsc.edu /home/josh/heatflow/montecarlo mv9510b.pen
100.04.28 14:10 A C:\Users\Josh\EW9505\EW9505 HF\mv95h10\mv9510bb.pen --> fig.ucsc.edu /home/josh/heatflow/montecarlo mv9510bb.pen
100.04.28 14:10 A C:\Users\Josh\EW9505\EW9505 HF\mv95h10\mv9510c.pen --> fig.ucsc.edu /home/josh/heatflow/montecarlo mv9510c.pen
100.04.28 14:10 A C:\Users\Josh\EW9505\EW9505 HF\mv95h10\mv9510d.pen --> fig.ucsc.edu /home/josh/heatflow/montecarlo mv9510d.pen
100.04.28 14:10 A C:\Users\Josh\EW9505\EW9505 HF\mv95h10\mv9510dd.pen --> fig.ucsc.edu /home/josh/heatflow/montecarlo mv9510dd.pen
100.04.28 14:10 A C:\Users\Josh\EW9505\EW9505 HF\mv95h10\mv9510e.pen --> fig.ucsc.edu /home/josh/heatflow/montecarlo mv9510e.pen
100.04.28 14:10 A C:\Users\Josh\EW9505\EW9505 HF\mv95h10\mv9510ee.pen --> fig.ucsc.edu /home/josh/heatflow/montecarlo mv9510ee.pen
100.04.28 14:10 A C:\Users\Josh\EW9505\EW9505 HF\mv95h10\mv9510f.pen --> fig.ucsc.edu /home/josh/heatflow/montecarlo mv9510f.pen
100.04.28 14:10 A C:\Users\Josh\EW9505\EW9505 HF\mv95h10\mv9510ff.pen --> fig.ucsc.edu /home/josh/heatflow/montecarlo mv9510ff.pen
100.04.28 14:10 A C:\Users\Josh\EW9505\EW9505 HF\mv95h10\mv9510g.pen --> fig.ucsc.edu /home/josh/heatflow/montecarlo mv9510g.pen
100.04.28 14:10 A C:\Users\Josh\EW9505\EW9505 HF\mv95h10\mv9510gg.pen --> fig.ucsc.edu /home/josh/heatflow/montecarlo mv9510gg.pen
100.04.28 14:10 A C:\Users\Josh\EW9505\EW9505 HF\mv95h10\mv9510h.pen --> fig.ucsc.edu /home/josh/heatflow/montecarlo mv9510h.pen
100.04.28 14:10 A C:\Users\Josh\EW9505\EW9505 HF\mv95h10\mv9510hh.pen --> fig.ucsc.edu /home/josh/heatflow/montecarlo mv9510hh.pen
100.04.28 14:10 A C:\Users\Josh\EW9505\EW9505 HF\mv95h10\mv9510i.pen --> fig.ucsc.edu /home/josh/heatflow/montecarlo mv9510i.pen
100.04.28 14:10 A C:\Users\Josh\EW9505\EW9505 HF\mv95h10\mv9510ii.pen --> fig.ucsc.edu /home/josh/heatflow/montecarlo mv9510ii.pen
100.04.28 14:10 A C:\Users\Josh\EW9505\EW9505 HF\mv95h10\mv9510j.pen --> fig.ucsc.edu /home/josh/heatflow/montecarlo mv9510j.pen
100.04.28 14:10 A C:\Users\Josh\EW9505\EW9505 HF\mv95h10\mv9510jj.pen --> fig.ucsc.edu /home/josh/heatflow/montecarlo mv9510jj.pen
100.04.28 14:10 A C:\Users\Josh\EW9505\EW9505 HF\mv95h10\mv9510k.pen --> fig.ucsc.edu /home/josh/heatflow/montecarlo mv9510k.pen
100.04.28 14:10 A C:\Users\Josh\EW9505\EW9505 HF\mv95h10\mv9510kk.pen --> fig.ucsc.edu /home/josh/heatflow/montecarlo mv9510kk.pen
100.04.28 14:10 A C:\Users\Josh\EW9505\EW9505 HF\mv95h10\mv9510l.pen --> fig.ucsc.edu /home/josh/heatflow/montecarlo mv9510l.pen
100.04.28 14:10 A C:\Users\Josh\EW9505\EW9505 HF\mv95h10\mv9510m.pen --> fig.ucsc.edu /home/josh/heatflow/montecarlo mv9510m.pen
100.04.28 14:10 A C:\Users\Josh\EW9505\EW9505 HF\mv95h10\mv9510n.pen --> fig.ucsc.edu /home/josh/heatflow/montecarlo mv9510n.pen
100.04.28 14:10 A C:\Users\Josh\EW9505\EW9505 HF\mv95h10\mv9510o.pen --> fig.ucsc.edu /home/josh/heatflow/montecarlo mv9510o.pen
100.04.28 14:10 A C:\Users\Josh\EW9505\EW9505 HF\mv95h10\mv9510p.pen --> fig.ucsc.edu /home/josh/heatflow/montecarlo mv9510p.pen
100.04.28 14:10 A C:\Users\Josh\EW9505\EW9505 HF\mv95h10\mv9510q.pen --> fig.ucsc.edu /home/josh/heatflow/montecarlo mv9510q.pen
100.04.28 14:10 A C:\Users\Josh\EW9505\EW9505 HF\mv95h10\mv9510r.pen --> fig.ucsc.edu /home/josh/heatflow/montecarlo mv9510r.pen
100.04.28 14:10 A C:\Users\Josh\EW9505\EW9505 HF\mv95h10\mv9510s.pen --> fig.ucsc.edu /home/josh/heatflow/montecarlo mv9510s.pen
100.04.28 14:10 A C:\Users\Josh\EW9505\EW9505 HF\mv95h10\mv9510t.pen --> fig.ucsc.edu /home/josh/heatflow/montecarlo mv9510t.pen
100.04.28 14:10 A C:\Users\Josh\EW9505\EW9505 HF\mv95h10\mv9510u.pen --> fig.ucsc.edu /home/josh/heatflow/montecarlo mv9510u.pen
100.04.28 14:10 A C:\Users\Josh\EW9505\EW9505 HF\mv95h10\mv9510v.pen --> fig.ucsc.edu /home/josh/heatflow/montecarlo mv9510v.pen
100.04.28 14:10 A C:\Users\Josh\EW9505\EW9505 HF\mv95h10\mv9510w.pen --> fig.ucsc.edu /home/josh/heatflow/montecarlo mv9510w.pen
100.04.28 14:10 A C:\Users\Josh\EW9505\EW9505 HF\mv95h10\mv9510x.pen --> fig.ucsc.edu /home/josh/heatflow/montecarlo mv9510x.pen
100.04.28 14:10 A C:\Users\Josh\EW9505\EW9505 HF\mv95h10\mv9510y.pen --> fig.ucsc.edu /home/josh/heatflow/montecarlo mv9510y.pen
100.04.28 14:10 A C:\Users\Josh\EW9505\EW9505 HF\mv95h10\mv9510z.pen --> fig.ucsc.edu /home/josh/heatflow/montecarlo mv9510z.pen
