uid
uid - RBR Geothermal Probe Logging System, #0005302, Version 1.01

>>lms d
lms d - confirm [Y/N]: y
DO (sampling OFF, on-line data ON)

>>dro
dro - 950613105313 20751 20390 20667 20655 20709 20568 20689 20675 20749 20648 20702 20679 20782 32771 65535 1.33090e+01



>>rap
rap - 

UID  - RBR Geothermal Probe Logging System, #0005302, Version 1.01

TCR  - 950613105341

DPR  - 00053a18

LMR  - DO (sampling OFF, on-line data ON)

SPR  - 10 seconds

HOTR - 20 seconds

HIDR - 30 metres

HRDR - 10 metres

HSDR - 1.0 metres

HSTR - 7 minutes

ACR  - 4489

AFR  - 5 Celsius/second

>>tcs 950613105500
tcs 950613105500 - confirm [Y/N]: y
950613105500

>>hids 125
hids 125 - confirm [Y/N]: y
inhibit depth must be in the range 1 to 99 metres

>>hrdas 125
hrds 125 - confirm [Y/N]: y
reset depth must be in the range 1 to 10 metres

>>hids 30
hids 30 - confirm [Y/N]: y
30 metres

>>hsdr
hsdr - 1.0 metres

>>hsts
hsts - invalid number

>>hstr
hstr - 7 minutes

>>spr
spr - 10 seconds

>>pur 16
pur 16 - 

16: UN=8

>>dpc
dpc - confirm [Y/N]: y
00034000

>>rap
rap - 

UID  - RBR Geothermal Probe Logging System, #0005302, Version 1.01

TCR  - 950613105934

DPR  - 00034000

LMR  - DO (sampling OFF, on-line data ON)

SPR  - 10 seconds

HOTR - 20 seconds

HIDR - 30 metres

HRDR - 10 metres

HSDR - 1.0 metres

HSTR - 7 minutes

ACR  - 4489

AFR  - 5 Celsius/second

>>hrds 150
hrds 150 - confirm [Y/N]: y
reset depth must be in the range 1 to 10 metres

>>hrdrs 10
hrds 10 - confirm [Y/N]: y
10 metres

>>lms eo
lms eo - confirm [Y/N]: y
EO (sampling ON, on-line data ON)

>>950613110110 20499 20124 20457 20462 20507 20369 20449 20527 20570 20495 20543 20686 22265 32771 65535 1.28960e+01

950613110120 20509 20136 20480 20484 20523 20382 20455 20539 20581 20512 20558 20700 22279 32771 65535 1.28520e+01

950613110130 20513 20140 20495 20499 20535 20392 20459 20554 20591 20529 20574 20728 22290 32771 65535 1.28160e+01

950613110140 20518 20143 20508 20509 20543 20398 20461 20564 20598 20540 20584 20756 22303 32771 65535 1.29000e+01

950613110150 20519 20146 20523 20524 20552 20404 20461 20570 20603 20550 20591 20776 22314 32771 65535 1.28220e+01

950613110200 20506 20139 20530 20530 20553 20399 20450 20569 20597 20554 20590 20784 22326 32771 65535 1.28930e+01

950613110210 20491 20128 20532 20532 20549 20392 20438 20568 20591 20557 20590 20786 22337 32771 65535 1.27860e+01

950613110220 20504 20136 20547 20550 20558 20402 20443 20579 20602 20578 20609 20796 22349 32771 65535 1.29030e+01

lms d
950613110230 20533 20164 2057y5 20577 20586 20430 20472 20602 20630 20600 20635 20797 22359 32771 65535 1.27850e+01

lms d - confirm [Y/N]: 
DO (sampling OFF, on-line data ON)

>>drt 950102030405
drt 950102030405 - confirm [Y/N]: y
please wait ... XMODEM ready



XMODEM done

>>


>>


>>dpc
dpc - confirm [Y/N]: y
00034000

>>Timed out waiting for good input: system shut down

rap
rap - 

UID  - RBR Geothermal Probe Logging System, #0005302, Version 1.01

TCR  - 950613115105

DPR  - 00034000

LMR  - DO (sampling OFF, on-line data ON)

SPR  - 10 seconds

HOTR - 20 seconds

HIDR - 30 metres

HRDR - 10 metres

HSDR - 1.0 metres

HSTR - 7 minutes

ACR  - 4489

AFR  - 5 Celsius/second

>>lms e
lms e - confirm [Y/N]: y
EO (sampling ON, on-line data ON)

>>950613115130 20248 19957 20381 20361 20339 20148 20209 20315 20341 20305 20361 20376 20969 32771 65535 1.33070e+01

950613115140 20256 19962 20381 20358 20338 20144 20205 20310 20336 20295 20351 20374 21052 32771 65535 1.33560e+01

950613115150 20249 19953 20373 20351 20327 20132 20191 20305 20328 20290 20345 20369 21132 32771 65535 1.32540e+01

950613115200 20258 19960 20379 20358 20332 20142 20201 20314 20340 20302 20357 20365 21207 32771 65535 1.32840e+01

950613115740 20460 20107 20442 20398 20408 20240 20267 20292 20289 20200 20361 20339 22384 32771 65535 1.30190e+01

950613115750 20443 20090 20427 20391 20402 20225 20254 20280 20265 20185 20338 20335 22400 32771 65535 1.30310e+01

950613115800 20423 20069 20410 20378 20391 20209 20240 20268 20243 20172 20320 20333 22414 32771 65535 1.29950e+01

lms d
y950613115810 20422 2
0065 20402 20373 20384 20208 20244 20270 20243 20180 20324 20336 22430 32771 65535 1.30010e+01

lms d - confirm [Y/N]: DO (sampling OFF, on-line data ON)

>>shutdonwwn
shutdown - confirm [Y/N]: y
System shut down




>>


>>uid
uid - RBR Geothermal Probe Logging System, #0005302, Version 1.01

>>rap
rap - 

UID  - RBR Geothermal Probe Logging System, #0005302, Version 1.01

TCR  - 950613191034

DPR  - 00034690

LMR  - DO (sampling OFF, on-line data ON)

SPR  - 10 seconds

HOTR - 20 seconds

HIDR - 30 metres

HRDR - 10 metres

HSDR - 1.0 metres

HSTR - 7 minutes

ACR  - 4489

AFR  - 5 Celsius/second

>>lms d
lms d - confirm [Y/N]: y
DO (sampling OFF, on-line data ON)

>>dro
dro - 950613191103 30676 30677 31228 31727 32069 32192 32436 32683 32797 32480 32780 25566 28820 32771 65535 1.38790e+01



>>tcr
tcr - 950613191126

>>Timed out waiting for good input: system shut down





>>acr
acr - 4489

>>hotr
hotr - 20 seconds

>>hidr
hidr - 30 metres

>>hrdr
hrdr - 10 metres

>>hsdr
hsdr - 1.0 metres

>>hstr
hstr - 7 minutes

>>spr
spr - 10 seconds

>>pur 16
pur 16 - 

16: UN=8

>>dpc
dpc - confirm [Y/N]: y
00034000

>>rap
rap - 

UID  - RBR Geothermal Probe Logging System, #0005302, Version 1.01

TCR  - 950613193046

DPR  - 00034000

LMR  - DO (sampling OFF, on-line data ON)

SPR  - 10 seconds

HOTR - 20 seconds

HIDR - 30 metres

HRDR - 10 metres

HSDR - 1.0 metres

HSTR - 7 minutes

ACR  - 4489

AFR  - 5 Celsius/second

>>lms e
lms e - confirm [Y/N]: y
EO (sampling ON, on-line data ON)

>>950613193110 29294 29254 29853 30408 30884 31126 31469 31849 32066 31931 32099 25677 30321 32771 65535 1.37020e+01

950613193120 29311 29282 29880 30432 30912 31148 31493 31874 32113 31931 32122 25713 30406 32771 65535 1.36310e+01

950614184320 29576 29532 30140 30334 30422 30283 30351 30296 30457 30430 30528 23113 24077   515 65535 1.33300e+01

950614184330 29558 29461 30033 30198 30268 30142 30230 30194 30374 30414 30474 23140 24093   515 65535 1.32890e+01

950614184340 29528 29418 29947 30075 30122 29993 30108 30092 30290 30343 30402 23197 24109   515 65535 1.32890e+01

950614184350 29484 29340 29821 29906 29946 29815 29970 29991 30210 30257 30315 23200 24125   515 65535 1.33120e+01

950614184400 29379 29201 29636 29698 29751 29635 29817 29845 30079 30129 30176 23178 24141   515 65535 1.33800e+01

950614184410 29244 29040 29452 29502 29553 29432 29631 29682 29918 30008 30020 23166 24157   515 65535 1.33330e+01

950614184420 29101 28899 29297 29321 29362 29225 29441 29531 29770 29902 29890 23179 24173   515 65535 1.32750e+01

950614184430 28995 28814 29204 29198 29224 29089 29323 29440 29690 29874 29839 23192 24189   515 65535 1.32690e+01

950614184440 28899 28723 29111 29076 29102 28977 29230 29349 29618 29782 29754 23149 24205   515 65535 1.33170e+01

950614184450 28813 28610 28992 28954 28980 28870 29110 29223 29499 29635 29622 23148 24221   515 65535 1.33410e+01

950614184500 28735 28497 28863 28823 28856 28768 29010 29115 29373 29535 29512 23183 24237   515 65535 1.33230e+01

950614184510 28764 28498 28846 28809 28839 28791 29039 29150 29402 29602 29572 23221 24252   515 65535 1.32770e+01

950614184520 28781 28534 28866 28795 28821 28762 29038 29144 29424 29604 29590 23230 24268   515 65535 1.32870e+01

950614184530 28748 28518 28833 28732 28746 28696 29000 29109 29394 29576 29579 23201 24284   515 65535 1.32950e+01

950614184540 28680 28442 28747 28635 28659 28600 28903 29025 29311 29468 29487 23175 24300   515 65535 1.32850e+01

950614184550 28577 28314 28595 28477 28519 28449 28752 28886 29189 29355 29378 23151 24316   515 65535 1.32910e+01

950614184600 28425 28117 28368 28259 28316 28235 28546 28725 29040 29261 29236 23156 24332   515 65535 1.33030e+01

950614184610 28292 27915 28144 28047 28111 28046 28357 28558 28890 29136 29094 23154 24347   515 65535 1.33030e+01

lms d
lms d - confirm [Y/N]: y
DO (sampling OFF, on-line data ON)

>>tcr
tcr - 950614184630

>>drt 950102030405
drt 950102030405 - confirm [Y/N]: y
please wait ... XMODEM ready



XMODEM done

>>rap
rap - 

UID  - RBR Geothermal Probe Logging System, #0005302, Version 1.01

TCR  - 950614185436

DPR  - 00085c20

LMR  - DO (sampling OFF, on-line data ON)

SPR  - 10 seconds

HOTR - 20 seconds

HIDR - 30 metres

HRDR - 10 metres

HSDR - 1.0 metres

HSTR - 7 minutes

ACR  - 4489

AFR  - 5 Celsius/second

>>shut


>>


>>shutdown
shutdown - confirm [Y/N]: y
System shut down

