



>>lms d
lms d - confirm [Y/N]: y
DO (sampling OFF, on-line data ON)

>>uid
uid - RBR Geothermal Probe Logging System, #0005302, Version 1.01

>>dro
dro - 950609180853 25247 25121 25520 25737 26600 27733 28592 29041 29252 29041 29220 29091 30705 32771 65535 1.29330e+01



>>rap
rap - 

UID  - RBR Geothermal Probe Logging System, #0005302, Version 1.01

TCR  - 950609180957

DPR  - 0003a0e0

LMR  - DO (sampling OFF, on-line data ON)

SPR  - 10 seconds

HOTR - 2 seconds

HIDR - 30 metres

HRDR - 10 metres

HSDR - 1.0 metres

HSTR - 7 minutes

ACR  - 4000

AFR  - 10 Celsius/second

>>tcr
tcr - 950609181013

>>Timed out waiting for good input: system shut down





>>acs 4489
acs 4489 - confirm [Y/N]: y
4489

>>afs 5
afs 5 - confirm [Y/N]: y
5 Celsius/second

>>hots 20
hots 20 - confirm [Y/N]: y
20 seconds

>>hidr
hidr - 30 metres

>>hrdr
hrdr - 10 metres

>>hsdr
hsdr - 1.0 metres

>>hstr
hstr - 7 minutes

>>sps 10
sps 10 - confirm [Y/N]: y
10 seconds

>>pur 16
pur 16 - 

16: UN=8

>>dpc
dpc - confirm [Y/N]: y
00034000

>>rap
rap - 

UID  - RBR Geothermal Probe Logging System, #0005302, Version 1.01

TCR  - 950609181944

DPR  - 00034000

LMR  - DO (sampling OFF, on-line data ON)

SPR  - 10 seconds

HOTR - 20 seconds

HIDR - 30 metres

HRDR - 10 metres

HSDR - 1.0 metres

HSTR - 7 minutes

ACR  - 4489

AFR  - 5 Celsius/second

>>lms eo
lms eo - confirm [Y/N]: y
EO (sampling ON, on-line data ON)

>>950609182020 25500 25327 25721 25882 26718 27482 28215 28568 28751 28550 28726 28560 31937 32771 65535 1.25410e+01

950609182030 25492 25328 25721 25879 26708 27474 28208 28565 28747 28550 28723 28560 31944 32771 65535 1.25510e+01

950609182040 25482 25326 25714 25871 26694 27458 28201 28563 28745 28550 28722 28559 31951 32771 65535 1.25460e+01

950609182050 25473 25325 25702 25857 26677 27440 28197 28560 28742 28549 28720 28561 31958 32771 65535 1.25350e+01

950609182100 25468 25323 25694 25842 26658 27422 28196 28558 28740 28547 28718 28565 31965 32771 65535 1.25280e+01

950609182110 25463 25322 25685 25832 26639 27407 28195 28557 28738 28543 28713 28564 31972 32771 65535 1.25410e+01

950609182120 25461 25322 25677 25828 26631 27405 28195 28555 28735 28541 28711 28569 31978 32771 65535 1.25270e+01

950609182130 25456 25320 25680 25842 26644 27407 28193 28552 28733 28541 28710 28563 31984 32771 65535 1.25210e+01

950609182140 25448 25319 25681 25848 26646 27394 28171 28536 28730 28534 28707 28557 31991 32771 65535 1.25210e+01

950609182150 25440 25319 25678 25845 26637 27372 28143 28516 28716 28527 28697 28553 31997 32771 65535 1.25210e+01

950609182200 25433 25316 25671 25836 26626 27360 28126 28503 28706 28520 28689 28552 32003 32771 65535 1.25210e+01

950609182210 25427 25314 25664 25825 26612 27353 28114 28494 28696 28509 28683 28555 32008 32771 65535 1.25210e+01

950609182220 25422 25310 25653 25812 26595 27341 28099 28480 28684 28495 28673 28561 32014 32771 65535 1.25190e+01

950609182230 25414 25306 25642 25798 26573 27313 28073 28462 28675 28475 28660 28561 32020 32771 65535 1.25130e+01

950609182240 25406 25301 25636 25792 26551 27288 28045 28438 28656 28449 28633 28549 32025 32771 65535 1.25190e+01

950609182250 25398 25299 25634 25792 26539 27272 28021 28414 28634 28425 28606 28525 32031 32771 65535 1.25250e+01

950609182300 25390 25299 25636 25793 26534 27254 28005 28396 28617 28411 28588 28501 32036 32771 65535 1.25130e+01

950609182310 25384 25296 25637 25790 26527 27243 27995 28384 28606 28405 28580 28480 32041 32771 65535 1.25190e+01

950609182320 25376 25292 25634 25787 26529 27244 27990 28374 28598 28401 28573 28473 32046 32771 65535 1.25070e+01

lms d
lms d - confirm [Y/N]: y
DO (sampling OFF, on-line data ON)

>>drt 950102030405
drt 950102030405 - confirm [Y/N]: y
please wait ... XMODEM ready



XMODEM done

>>shutdown
shutdown - confirm [Y/N]: y
System shut down

