



>>uid
uid - RBR Geothermal Probe Logging System, #0005302, Version 1.01

>>lms d
lms d - confirm [Y/N]: y
DO (sampling OFF, on-line data ON)

>>dro
dro - 950610060848 24214 23747 24489 25753 27745 28695 29097 29367 29581 29784 29577 30638 32109 32771 65535 1.34300e+01



>>rap
rap - 

UID  - RBR Geothermal Probe Logging System, #0005302, Version 1.01

TCR  - 950610060910

DPR  - 00034320

LMR  - DO (sampling OFF, on-line data ON)

SPR  - 10 seconds

HOTR - 20 seconds

HIDR - 30 metres

HRDR - 10 metres

HSDR - 1.0 metres

HSTR - 7 minutes

ACR  - 4489

AFR  - 5 Celsius/second

>>dpc
dpc - confirm [Y/N]: y
00034000

>>rap
rap - 

UID  - RBR Geothermal Probe Logging System, #0005302, Version 1.01

TCR  - 950610060954

DPR  - 00034000

LMR  - DO (sampling OFF, on-line data ON)

SPR  - 10 seconds

HOTR - 20 seconds

HIDR - 30 metres

HRDR - 10 metres

HSDR - 1.0 metres

HSTR - 7 minutes

ACR  - 4489

AFR  - 5 Celsius/second

>>lms eo
lms eo - confirm [Y/N]: y
EO (sampling ON, on-line data ON)

>>950610061010 24149 23711 24391 25479 27373 28504 29050 29339 29543 29695 29547 30942 32810 32771 65535 1.33310e+01

950610061020 24139 23708 24382 25443 27309 28472 29045 29337 29536 29681 29537 30969 32883 32771 65535 1.33050e+01

950610061030 24131 23705 24372 25404 27245 28456 29041 29334 29533 29671 29529 30999 32952 32771 65535 1.32850e+01

lms d
lms d - confirm [Y/N]: y
DO (sampling OFF, on-line data ON)

>>lms e
lms e - confirm [Y/N]: y
EO (sampling ON, on-line data ON)

>>950610061120 24114 23680 24316 25243 27018 28405 29020 29310 29499 29620 29491 31118 33244 32771 65535 1.32000e+01

950610061130 24113 23675 24306 25213 26971 28402 29019 29308 29494 29607 29485 31125 33293 32771 65535 1.31710e+01

950610061140 24112 23676 24300 25184 26930 28397 29014 29303 29488 29598 29482 31134 33339 32771 65535 1.31610e+01

40 28654 28939 29136 29292 28940 29247 29572 33891 32771 65535 1.27210e+01

950610150930 27565 27390 27998 28184 28430 28652 28936 29127 29280 28929 29235 29563 33890 32771 65535 1.27180e+01

950610150940 27565 27388 27995 28171 28417 28653 28931 29121 29273 28921 29226 29556 33888 32771 65535 1.27180e+01

950610150950 27562 27383 27990 28160 28402 28650 28925 29113 29263 28914 29216 29552 33887 32771 65535 1.27180e+01

950610151000 27557 27377 27984 28152 28390 28648 28925 29111 29255 28911 29209 29544 33886 32771 65535 1.27180e+01

950610151010 27551 27375 27980 28143 28379 28642 28924 29111 29251 28915 29208 29534 33885 32771 65535 1.27130e+01

950610151020 27552 27373 27978 28144 28378 28639 28919 29106 29245 28915 29203 29532 33883 32771 65535 1.27250e+01

lms d
lms d - confirm [Y/N]: y
DO (sampling OFF, on-line data ON)

>>tcr
tcr - 950610151035

>>drt 950102030405
drt 950102030405 - confirm [Y/N]: y
please wait ... XMODEM ready



XMODEM done

>>shutdown
shutdown - confirm [Y/N]: y
System shut down

