Penetration file /Users/kristindickerson/03_local-repos/slugheat/inputs/Old_HFData/ReformattedPens/TicoFluxII_rf/hf02_rf/t2h02p03_rf.pen read ...
Split penetration and heat pulse data:
There is a heat pulse record ...

Penetration Record: 6
Heat Pulse Record:  53
End of Data Record: 96

15-Oct-2023 15:56:33 - End of raw data reading and preparation !
==========================================================================


TAP file t2h02p03_rf.tapread ...

-------------------------------------------------------------------------------
15-Oct-2023 15:57:31
 - Begin SlugHeat22 PROCESSING
Split penetration and heat pulse data:
There is a heat pulse record ...

Penetration Record: 6
Heat Pulse Record:  53
End of Data Record: 96

These sensors are IGNORED in processing: 11

-------------------------------------------------------------------------------
15-Oct-2023 15:58:50
 - Begin SlugHeat22 PROCESSING
Split penetration and heat pulse data:
There is a heat pulse record ...

Penetration Record: 6
Heat Pulse Record:  53
End of Data Record: 96

